11:13:40.370 [JavaFX Application Thread] DEBUG GameApplication      - Logger initialized
11:13:40.394 [JavaFX Application Thread] DEBUG GameApplication      - Logging settings
Title: Sapce Invaders
Version: 0.0.1
Width: 600
Height: 800
Fullscreen: false
Intro: false
Menus: false
Profiling: false
Single step:false
App Mode: DEVELOPER
Menu Key: ESCAPE
Stage Style: DECORATED
Scene Factory: class com.almasb.fxgl.scene.SceneFactory
Dialog Factory: class com.almasb.fxgl.ui.FXGLDialogFactory
UI Factory: class com.almasb.fxgl.ui.FXGLUIFactory
Notification Service: class com.almasb.fxgl.gameplay.notification.XboxNotificationView
Exception Handler: class com.almasb.fxgl.app.FXGLExceptionHandler
11:13:40.394 [JavaFX Application Thread] DEBUG GameApplication      - Starting FXGL
11:13:40.412 [JavaFX Application Thread] INFO  FXGL                 - FXGL-0.5.4 on DESKTOP
11:13:40.413 [JavaFX Application Thread] INFO  FXGL                 - Source code and latest versions at: https://github.com/AlmasB/FXGL
11:13:40.413 [JavaFX Application Thread] INFO  FXGL                 -              Join the FXGL chat at: https://gitter.im/AlmasB/FXGL
11:13:40.413 [JavaFX Application Thread] DEBUG FXGL                 - FXGL started
11:13:40.414 [JavaFX Application Thread] DEBUG FXGL                 - Initializing FXGL
11:13:40.469 [JavaFX Application Thread] DEBUG AssetLoader          - Loading from disk: /assets/ui/cursors/fxgl_default.png
11:13:40.612 [JavaFX Application Thread] DEBUG AssetLoader          - Loading from disk: /assets/ui/fonts/VarelaRound-Regular.ttf
11:13:40.986 [JavaFX Application Thread] DEBUG MainWindow           - Creating a JavaFX scene
11:13:40.987 [JavaFX Application Thread] DEBUG MainWindow           - Target size > screen size
11:13:41.024 [JavaFX Application Thread] DEBUG MainWindow           - Target settings size: 600.0 x 800.0
11:13:41.024 [JavaFX Application Thread] DEBUG MainWindow           - Scaled scene size:    521.0 x 728.0
11:13:41.024 [JavaFX Application Thread] DEBUG MainWindow           - Scaled ratio: (0.8683333333333333, 0.91)
11:13:41.027 [JavaFX Application Thread] DEBUG AssetLoader          - Loading from disk: /assets/ui/css/fxgl_dark.css
11:13:41.031 [JavaFX Application Thread] DEBUG AssetLoader          - Loading from disk: /assets/textures/invaders.png
11:13:41.034 [JavaFX Application Thread] DEBUG MainWindow           - Opening main window
11:13:41.229 [JavaFX Application Thread] DEBUG MainWindow           - Window border size: (16.0, 39.0)
11:13:41.230 [JavaFX Application Thread] DEBUG MainWindow           - Scaled size: 521.0 x 728.0
11:13:41.232 [JavaFX Application Thread] DEBUG MainWindow           - Scaled ratio: (0.8683333333333333, 0.91)
11:13:41.233 [JavaFX Application Thread] DEBUG MainWindow           - Scene size: 521.0 x 728.0
11:13:41.235 [JavaFX Application Thread] DEBUG MainWindow           - Stage size: 537.0 x 767.0
11:13:41.381 [ForkJoinPool.commonPool-worker-1] DEBUG FS                   - Loaded DesktopFSService
11:13:41.381 [ForkJoinPool.commonPool-worker-1] DEBUG FXGL                 - Loading FXGL system data
11:13:41.397 [ForkJoinPool.commonPool-worker-1] DEBUG DesktopFSService     - Reading from: system\fxgl.bundle
11:13:41.417 [ForkJoinPool.commonPool-worker-1] DEBUG Bundle               - Logging bundle: FXGL
11:13:41.418 [ForkJoinPool.commonPool-worker-1] DEBUG Bundle               - FXGL.offline.timer.version.check=2019-02-12T16:04:54.598570800
11:13:41.421 [ForkJoinPool.commonPool-worker-1] DEBUG FXGL                 - Initializing state machine and application states
11:13:41.430 [ForkJoinPool.commonPool-worker-1] DEBUG AssetLoader          - Loading from disk: /assets/ui/cursors/fxgl_default.png
11:13:41.449 [ForkJoinPool.commonPool-worker-1] DEBUG AssetLoader          - Loading from disk: /assets/ui/cursors/fxgl_default.png
11:13:41.463 [ForkJoinPool.commonPool-worker-1] DEBUG AssetLoader          - Loading from cache: /assets/ui/fonts/VarelaRound-Regular.ttf
11:13:41.468 [ForkJoinPool.commonPool-worker-1] DEBUG AssetLoader          - Loading from disk: /assets/ui/cursors/fxgl_default.png
11:13:41.475 [ForkJoinPool.commonPool-worker-1] DEBUG GameScene            - Game scene initialized: 600x800
11:13:41.494 [ForkJoinPool.commonPool-worker-1] DEBUG GameWorld            - Game world initialized
11:13:41.587 [ForkJoinPool.commonPool-worker-1] DEBUG PhysicsWorld         - Physics world initialized: appHeight=800, physics.ppm=50,0
11:13:41.658 [ForkJoinPool.commonPool-worker-1] DEBUG Input                - Registered new binding: Pause - Esc
11:13:41.782 [JavaFX Application Thread] DEBUG FXGL                 - Running preInit()
11:13:41.784 [JavaFX Application Thread] DEBUG Input                - Registered new binding: Screenshot - P
11:13:41.785 [JavaFX Application Thread] DEBUG Input                - Registered new binding: Dev Options - CTRL+0
11:13:41.785 [JavaFX Application Thread] DEBUG Input                - Registered new binding: System info dump - CTRL+9
11:13:41.786 [JavaFX Application Thread] DEBUG Input                - Registered new binding: Restart - CTRL+R
11:13:41.786 [JavaFX Application Thread] DEBUG Input                - Registered new binding: Move Left - A
11:13:41.787 [JavaFX Application Thread] DEBUG Input                - Registered new binding: Move Right - D
11:13:41.787 [JavaFX Application Thread] DEBUG Input                - Registered new binding: Shoot - Space
11:13:41.788 [JavaFX Application Thread] INFO  FXGL                 - FXGL initialization took: 1,374 sec
11:13:41.788 [JavaFX Application Thread] DEBUG LoopRunner           - Starting loop
11:13:41.791 [JavaFX Application Thread] DEBUG StartupState         - STARTUP
11:13:41.791 [JavaFX Application Thread] DEBUG GameApplication      - Starting new game
11:13:41.791 [JavaFX Application Thread] DEBUG Input                - Clearing active input actions
11:13:41.793 [JavaFX Application Thread] DEBUG AssetLoader          - Loading from disk: /assets/ui/css/fxgl_dark.css
11:13:41.810 [JavaFX Application Thread] DEBUG AppStateMachine      - StartupState -> LoadingState
11:13:41.817 [FXGL Background Thread 1 ] DEBUG InitAppTask          - Clearing previous game
11:13:41.817 [FXGL Background Thread 1 ] DEBUG GameWorld            - Clearing game world
11:13:41.818 [FXGL Background Thread 1 ] DEBUG PhysicsWorld         - Clearing physics world
11:13:41.818 [FXGL Background Thread 1 ] DEBUG GameScene            - Clearing game scene
11:13:41.820 [FXGL Background Thread 1 ] DEBUG InitAppTask          - Initializing Game
11:13:41.982 [FXGL Background Thread 1 ] DEBUG GameScene            - Creating render group for layer: DEFAULT(100000)
11:13:42.130 [FXGL Background Thread 1 ] DEBUG AudioPlayer          - Playing music com.almasb.fxgl.audio.Music@19d8b50e
11:13:42.311 [FXGL Background Thread 1 ] DEBUG GameScene            - Creating render group for layer: BACKGROUND(1000)
11:13:42.312 [FXGL Background Thread 1 ] DEBUG InitAppTask          - Initializing Physics
11:13:42.314 [FXGL Background Thread 1 ] DEBUG InitAppTask          - Initializing UI
11:13:42.314 [FXGL Background Thread 1 ] DEBUG InitAppTask          - Initialization Complete
11:13:42.315 [FXGL Background Thread 1 ] INFO  InitAppTask          - Game initialization took: 0,498 sec
11:13:42.328 [JavaFX Application Thread] DEBUG Input                - Clearing active input actions
11:13:42.328 [JavaFX Application Thread] DEBUG AssetLoader          - Loading from disk: /assets/ui/css/fxgl_dark.css
11:13:42.370 [JavaFX Application Thread] DEBUG AppStateMachine      - LoadingState -> PlayState
11:13:44.137 [JavaFX Application Thread] DEBUG AssetLoader          - Loading from cache: /assets/sounds/shoot.wav
11:13:44.669 [JavaFX Application Thread] DEBUG AssetLoader          - Loading from cache: /assets/sounds/shoot.wav
11:13:45.098 [JavaFX Application Thread] DEBUG AssetLoader          - Loading from cache: /assets/sounds/shoot.wav
11:13:45.400 [JavaFX Application Thread] DEBUG AssetLoader          - Loading from cache: /assets/sounds/wallImpact.wav
11:13:45.480 [JavaFX Application Thread] DEBUG AssetLoader          - Loading from cache: /assets/sounds/wallImpact.wav
11:13:45.511 [JavaFX Application Thread] DEBUG AssetLoader          - Loading from cache: /assets/sounds/wallImpact.wav
11:13:45.587 [JavaFX Application Thread] DEBUG AssetLoader          - Loading from cache: /assets/sounds/wallImpact.wav
11:13:45.588 [JavaFX Application Thread] DEBUG AssetLoader          - Loading from cache: /assets/sounds/wallImpact.wav
11:13:45.625 [JavaFX Application Thread] DEBUG AssetLoader          - Loading from cache: /assets/sounds/wallImpact.wav
11:13:45.768 [JavaFX Application Thread] DEBUG AssetLoader          - Loading from cache: /assets/sounds/Explosion.wav
11:13:45.848 [JavaFX Application Thread] DEBUG AssetLoader          - Loading from cache: /assets/sounds/wallImpact.wav
11:13:45.994 [JavaFX Application Thread] DEBUG AssetLoader          - Loading from cache: /assets/sounds/shoot.wav
11:13:46.024 [JavaFX Application Thread] DEBUG AssetLoader          - Loading from cache: /assets/sounds/wallImpact.wav
11:13:46.055 [JavaFX Application Thread] DEBUG AssetLoader          - Loading from cache: /assets/sounds/wallImpact.wav
11:13:46.061 [JavaFX Application Thread] DEBUG AssetLoader          - Loading from cache: /assets/sounds/wallImpact.wav
11:13:46.280 [JavaFX Application Thread] DEBUG AssetLoader          - Loading from cache: /assets/sounds/wallImpact.wav
11:13:46.731 [JavaFX Application Thread] DEBUG AssetLoader          - Loading from cache: /assets/sounds/Explosion.wav
11:13:46.744 [JavaFX Application Thread] DEBUG AssetLoader          - Loading from cache: /assets/sounds/shoot.wav
11:13:47.180 [JavaFX Application Thread] DEBUG AssetLoader          - Loading from cache: /assets/sounds/wallImpact.wav
11:13:47.447 [JavaFX Application Thread] DEBUG AssetLoader          - Loading from cache: /assets/sounds/wallImpact.wav
11:13:47.513 [JavaFX Application Thread] DEBUG AssetLoader          - Loading from cache: /assets/sounds/shoot.wav
11:13:47.514 [JavaFX Application Thread] DEBUG AssetLoader          - Loading from cache: /assets/sounds/Explosion.wav
11:13:47.911 [JavaFX Application Thread] DEBUG AssetLoader          - Loading from cache: /assets/sounds/wallImpact.wav
11:13:47.964 [JavaFX Application Thread] DEBUG AssetLoader          - Loading from cache: /assets/sounds/wallImpact.wav
11:13:48.250 [JavaFX Application Thread] DEBUG AssetLoader          - Loading from cache: /assets/sounds/wallImpact.wav
11:13:48.282 [JavaFX Application Thread] DEBUG AssetLoader          - Loading from cache: /assets/sounds/wallImpact.wav
11:13:48.441 [JavaFX Application Thread] DEBUG AssetLoader          - Loading from cache: /assets/sounds/Explosion.wav
11:13:48.856 [JavaFX Application Thread] DEBUG AssetLoader          - Loading from cache: /assets/sounds/wallImpact.wav
11:13:49.527 [JavaFX Application Thread] DEBUG AssetLoader          - Loading from cache: /assets/sounds/wallImpact.wav
11:13:49.945 [JavaFX Application Thread] DEBUG AssetLoader          - Loading from cache: /assets/sounds/shoot.wav
11:13:49.960 [JavaFX Application Thread] DEBUG AssetLoader          - Loading from cache: /assets/sounds/wallImpact.wav
11:13:50.104 [JavaFX Application Thread] DEBUG AssetLoader          - Loading from cache: /assets/sounds/wallImpact.wav
11:13:50.488 [JavaFX Application Thread] DEBUG AssetLoader          - Loading from cache: /assets/sounds/shoot.wav
11:13:50.632 [JavaFX Application Thread] DEBUG AssetLoader          - Loading from cache: /assets/sounds/wallImpact.wav
11:13:50.664 [JavaFX Application Thread] DEBUG AssetLoader          - Loading from cache: /assets/sounds/wallImpact.wav
11:13:50.759 [JavaFX Application Thread] DEBUG AssetLoader          - Loading from cache: /assets/sounds/wallImpact.wav
11:13:51.161 [JavaFX Application Thread] DEBUG AssetLoader          - Loading from cache: /assets/sounds/shoot.wav
11:13:51.259 [JavaFX Application Thread] DEBUG AssetLoader          - Loading from cache: /assets/sounds/Explosion.wav
11:13:51.320 [JavaFX Application Thread] DEBUG AssetLoader          - Loading from cache: /assets/sounds/wallImpact.wav
11:13:51.336 [JavaFX Application Thread] DEBUG AssetLoader          - Loading from cache: /assets/sounds/wallImpact.wav
11:13:51.705 [JavaFX Application Thread] DEBUG AssetLoader          - Loading from cache: /assets/sounds/shoot.wav
11:13:51.899 [JavaFX Application Thread] DEBUG AssetLoader          - Loading from cache: /assets/sounds/wallImpact.wav
11:13:52.008 [JavaFX Application Thread] DEBUG AssetLoader          - Loading from cache: /assets/sounds/wallImpact.wav
11:13:52.360 [JavaFX Application Thread] DEBUG AssetLoader          - Loading from cache: /assets/sounds/shoot.wav
11:13:52.937 [JavaFX Application Thread] DEBUG AssetLoader          - Loading from cache: /assets/sounds/Explosion.wav
11:13:52.969 [JavaFX Application Thread] DEBUG AssetLoader          - Loading from cache: /assets/sounds/shoot.wav
11:13:53.482 [JavaFX Application Thread] DEBUG AssetLoader          - Loading from cache: /assets/sounds/shoot.wav
11:13:53.625 [JavaFX Application Thread] DEBUG AssetLoader          - Loading from cache: /assets/sounds/Explosion.wav
11:13:54.007 [JavaFX Application Thread] DEBUG AssetLoader          - Loading from cache: /assets/sounds/wallImpact.wav
11:13:54.152 [JavaFX Application Thread] DEBUG AssetLoader          - Loading from cache: /assets/sounds/shoot.wav
11:13:54.376 [JavaFX Application Thread] DEBUG AssetLoader          - Loading from cache: /assets/sounds/Explosion.wav
11:13:54.617 [JavaFX Application Thread] DEBUG AssetLoader          - Loading from cache: /assets/sounds/wallImpact.wav
11:13:54.665 [JavaFX Application Thread] DEBUG AssetLoader          - Loading from cache: /assets/sounds/shoot.wav
11:13:54.940 [JavaFX Application Thread] DEBUG AssetLoader          - Loading from cache: /assets/sounds/Explosion.wav
11:13:55.001 [JavaFX Application Thread] DEBUG AssetLoader          - Loading from cache: /assets/sounds/wallImpact.wav
11:13:55.161 [JavaFX Application Thread] DEBUG AssetLoader          - Loading from cache: /assets/sounds/shoot.wav
11:13:55.384 [JavaFX Application Thread] DEBUG AssetLoader          - Loading from cache: /assets/sounds/wallImpact.wav
11:13:55.624 [JavaFX Application Thread] DEBUG AssetLoader          - Loading from cache: /assets/sounds/wallImpact.wav
11:13:55.657 [JavaFX Application Thread] DEBUG AssetLoader          - Loading from cache: /assets/sounds/shoot.wav
11:13:55.896 [JavaFX Application Thread] DEBUG AssetLoader          - Loading from cache: /assets/sounds/Explosion.wav
11:13:56.297 [JavaFX Application Thread] DEBUG AssetLoader          - Loading from cache: /assets/sounds/shoot.wav
11:13:56.825 [JavaFX Application Thread] DEBUG AssetLoader          - Loading from cache: /assets/sounds/shoot.wav
11:13:56.968 [JavaFX Application Thread] DEBUG AssetLoader          - Loading from cache: /assets/sounds/Explosion.wav
11:13:57.354 [JavaFX Application Thread] DEBUG AssetLoader          - Loading from cache: /assets/sounds/shoot.wav
11:13:57.848 [JavaFX Application Thread] DEBUG AssetLoader          - Loading from cache: /assets/sounds/shoot.wav
11:13:58.424 [JavaFX Application Thread] DEBUG AssetLoader          - Loading from cache: /assets/sounds/Explosion.wav
11:13:58.489 [JavaFX Application Thread] DEBUG AssetLoader          - Loading from cache: /assets/sounds/shoot.wav
11:13:59.304 [JavaFX Application Thread] DEBUG AssetLoader          - Loading from cache: /assets/sounds/Explosion.wav
11:13:59.529 [JavaFX Application Thread] DEBUG AssetLoader          - Loading from cache: /assets/sounds/shoot.wav
11:14:00.089 [JavaFX Application Thread] DEBUG AssetLoader          - Loading from cache: /assets/sounds/shoot.wav
11:14:00.777 [JavaFX Application Thread] DEBUG AssetLoader          - Loading from cache: /assets/sounds/shoot.wav
11:14:01.305 [JavaFX Application Thread] DEBUG AssetLoader          - Loading from cache: /assets/sounds/shoot.wav
11:14:01.481 [JavaFX Application Thread] DEBUG AssetLoader          - Loading from cache: /assets/sounds/Explosion.wav
11:14:01.833 [JavaFX Application Thread] DEBUG AssetLoader          - Loading from cache: /assets/sounds/shoot.wav
11:14:02.344 [JavaFX Application Thread] DEBUG AssetLoader          - Loading from cache: /assets/sounds/shoot.wav
11:14:02.969 [JavaFX Application Thread] DEBUG AssetLoader          - Loading from cache: /assets/sounds/shoot.wav
11:14:03.480 [JavaFX Application Thread] DEBUG AssetLoader          - Loading from cache: /assets/sounds/shoot.wav
11:14:04.057 [JavaFX Application Thread] DEBUG AssetLoader          - Loading from cache: /assets/sounds/shoot.wav
11:14:04.185 [JavaFX Application Thread] DEBUG AssetLoader          - Loading from cache: /assets/sounds/Explosion.wav
11:14:04.569 [JavaFX Application Thread] DEBUG AssetLoader          - Loading from cache: /assets/sounds/shoot.wav
11:14:04.792 [JavaFX Application Thread] DEBUG AssetLoader          - Loading from cache: /assets/sounds/Explosion.wav
11:14:05.208 [JavaFX Application Thread] DEBUG AssetLoader          - Loading from cache: /assets/sounds/shoot.wav
11:14:05.721 [JavaFX Application Thread] DEBUG AssetLoader          - Loading from cache: /assets/sounds/shoot.wav
11:14:06.250 [JavaFX Application Thread] DEBUG AssetLoader          - Loading from cache: /assets/sounds/shoot.wav
11:14:06.457 [JavaFX Application Thread] DEBUG AssetLoader          - Loading from cache: /assets/sounds/Explosion.wav
11:14:06.888 [JavaFX Application Thread] DEBUG AssetLoader          - Loading from cache: /assets/sounds/shoot.wav
11:14:06.952 [JavaFX Application Thread] DEBUG AssetLoader          - Loading from cache: /assets/sounds/Explosion.wav
11:14:07.288 [JavaFX Application Thread] DEBUG AssetLoader          - Loading from cache: /assets/sounds/Explosion.wav
11:14:07.417 [JavaFX Application Thread] DEBUG AssetLoader          - Loading from cache: /assets/sounds/shoot.wav
11:14:08.040 [JavaFX Application Thread] DEBUG AssetLoader          - Loading from cache: /assets/sounds/shoot.wav
11:14:08.728 [JavaFX Application Thread] DEBUG AssetLoader          - Loading from cache: /assets/sounds/shoot.wav
11:14:09.449 [JavaFX Application Thread] DEBUG AssetLoader          - Loading from cache: /assets/sounds/shoot.wav
11:14:09.768 [JavaFX Application Thread] DEBUG AssetLoader          - Loading from cache: /assets/sounds/Explosion.wav
11:14:09.961 [JavaFX Application Thread] DEBUG AssetLoader          - Loading from cache: /assets/sounds/shoot.wav
11:14:10.488 [JavaFX Application Thread] DEBUG AssetLoader          - Loading from cache: /assets/sounds/shoot.wav
11:14:11.177 [JavaFX Application Thread] DEBUG AssetLoader          - Loading from cache: /assets/sounds/shoot.wav
11:14:11.897 [JavaFX Application Thread] DEBUG AssetLoader          - Loading from cache: /assets/sounds/shoot.wav
11:14:12.633 [JavaFX Application Thread] DEBUG AssetLoader          - Loading from cache: /assets/sounds/shoot.wav
11:14:13.385 [JavaFX Application Thread] DEBUG AssetLoader          - Loading from cache: /assets/sounds/shoot.wav
11:14:13.832 [JavaFX Application Thread] DEBUG AssetLoader          - Loading from cache: /assets/sounds/Explosion.wav
11:14:13.960 [JavaFX Application Thread] DEBUG AssetLoader          - Loading from cache: /assets/sounds/shoot.wav
11:14:14.472 [JavaFX Application Thread] DEBUG AssetLoader          - Loading from cache: /assets/sounds/shoot.wav
11:14:14.488 [JavaFX Application Thread] DEBUG AssetLoader          - Loading from cache: /assets/sounds/Explosion.wav
11:14:14.730 [JavaFX Application Thread] DEBUG AssetLoader          - Loading from cache: /assets/sounds/Explosion.wav
11:14:14.984 [JavaFX Application Thread] DEBUG AssetLoader          - Loading from cache: /assets/sounds/shoot.wav
11:14:15.514 [JavaFX Application Thread] DEBUG AssetLoader          - Loading from cache: /assets/sounds/shoot.wav
11:14:16.104 [JavaFX Application Thread] DEBUG AssetLoader          - Loading from cache: /assets/sounds/Explosion.wav
11:14:16.265 [JavaFX Application Thread] DEBUG AssetLoader          - Loading from cache: /assets/sounds/shoot.wav
11:14:16.600 [JavaFX Application Thread] DEBUG AssetLoader          - Loading from cache: /assets/sounds/Explosion.wav
11:14:16.793 [JavaFX Application Thread] DEBUG AssetLoader          - Loading from cache: /assets/sounds/shoot.wav
11:14:17.304 [JavaFX Application Thread] DEBUG AssetLoader          - Loading from cache: /assets/sounds/shoot.wav
11:14:17.608 [JavaFX Application Thread] DEBUG AssetLoader          - Loading from cache: /assets/sounds/Explosion.wav
11:14:17.816 [JavaFX Application Thread] DEBUG AssetLoader          - Loading from cache: /assets/sounds/shoot.wav
11:14:18.409 [JavaFX Application Thread] DEBUG AssetLoader          - Loading from cache: /assets/sounds/shoot.wav
11:14:19.401 [JavaFX Application Thread] DEBUG AssetLoader          - Loading from cache: /assets/sounds/shoot.wav
11:14:19.768 [JavaFX Application Thread] DEBUG AssetLoader          - Loading from cache: /assets/sounds/Explosion.wav
11:14:20.200 [JavaFX Application Thread] DEBUG AssetLoader          - Loading from cache: /assets/sounds/shoot.wav
11:14:20.952 [JavaFX Application Thread] DEBUG AssetLoader          - Loading from cache: /assets/sounds/shoot.wav
11:14:21.736 [JavaFX Application Thread] DEBUG AssetLoader          - Loading from cache: /assets/sounds/shoot.wav
11:14:22.072 [JavaFX Application Thread] DEBUG AssetLoader          - Loading from cache: /assets/sounds/Explosion.wav
11:14:22.536 [JavaFX Application Thread] DEBUG AssetLoader          - Loading from cache: /assets/sounds/shoot.wav
11:14:22.920 [JavaFX Application Thread] DEBUG AssetLoader          - Loading from cache: /assets/sounds/Explosion.wav
11:14:22.920 [JavaFX Application Thread] DEBUG AudioPlayer          - Stopping music com.almasb.fxgl.audio.Music@19d8b50e
11:14:22.998 [JavaFX Application Thread] DEBUG AssetLoader          - Loading from cache: /assets/ui/fonts/VarelaRound-Regular.ttf
11:14:23.003 [JavaFX Application Thread] DEBUG AssetLoader          - Loading from cache: /assets/ui/fonts/VarelaRound-Regular.ttf
11:14:23.006 [JavaFX Application Thread] DEBUG AssetLoader          - Loading from disk: /assets/properties/languages/english.properties
11:14:23.008 [JavaFX Application Thread] DEBUG AssetLoader          - Loading from cache: /assets/ui/fonts/VarelaRound-Regular.ttf
11:14:23.008 [JavaFX Application Thread] DEBUG AssetLoader          - Loading from cache: /assets/properties/languages/english.properties
11:14:23.011 [JavaFX Application Thread] DEBUG AssetLoader          - Loading from cache: /assets/ui/fonts/VarelaRound-Regular.ttf
11:14:23.012 [JavaFX Application Thread] DEBUG AppStateMachine      - Push state: DialogSubState
11:14:23.012 [JavaFX Application Thread] DEBUG Input                - Clearing active input actions
11:14:23.012 [JavaFX Application Thread] DEBUG AppStateMachine      - PlayState -> DialogSubState
11:14:26.446 [JavaFX Application Thread] DEBUG FXGL                 - Exiting FXGL
11:14:26.446 [JavaFX Application Thread] DEBUG FXGL                 - Shutting down background threads
11:14:26.446 [JavaFX Application Thread] DEBUG FXGL                 - Saving FXGL system data
11:14:26.450 [JavaFX Application Thread] DEBUG DesktopFSService     - Writing to: system\fxgl.bundle
11:14:26.458 [JavaFX Application Thread] DEBUG FXGL                 - Closing logger and exiting JavaFX
