13:23:27.431 [JavaFX Application Thread] DEBUG GameApplication      - Logger initialized
13:23:27.450 [JavaFX Application Thread] DEBUG GameApplication      - Logging settings
Title: SNAKE CLASSIC
Version: 1.0
Width: 576
Height: 576
Fullscreen: true
Intro: false
Menus: false
Profiling: false
Single step:false
App Mode: DEVELOPER
Menu Key: ESCAPE
Stage Style: DECORATED
Scene Factory: class com.almasb.fxgl.scene.SceneFactory
Dialog Factory: class com.almasb.fxgl.ui.FXGLDialogFactory
UI Factory: class com.almasb.fxgl.ui.FXGLUIFactory
Notification Service: class com.almasb.fxgl.gameplay.notification.XboxNotificationView
Exception Handler: class com.almasb.fxgl.app.FXGLExceptionHandler
13:23:27.450 [JavaFX Application Thread] DEBUG GameApplication      - Starting FXGL
13:23:27.473 [JavaFX Application Thread] INFO  FXGL                 - FXGL-0.5.4 on DESKTOP
13:23:27.474 [JavaFX Application Thread] INFO  FXGL                 - Source code and latest versions at: https://github.com/AlmasB/FXGL
13:23:27.475 [JavaFX Application Thread] INFO  FXGL                 -              Join the FXGL chat at: https://gitter.im/AlmasB/FXGL
13:23:27.475 [JavaFX Application Thread] DEBUG FXGL                 - FXGL started
13:23:27.475 [JavaFX Application Thread] DEBUG FXGL                 - Initializing FXGL
13:23:27.543 [JavaFX Application Thread] DEBUG AssetLoader          - Loading from disk: /assets/ui/cursors/fxgl_default.png
13:23:27.679 [JavaFX Application Thread] DEBUG AssetLoader          - Loading from disk: /assets/ui/fonts/VarelaRound-Regular.ttf
13:23:28.071 [JavaFX Application Thread] DEBUG MainWindow           - Creating a JavaFX scene
13:23:28.108 [JavaFX Application Thread] DEBUG MainWindow           - Target settings size: 576.0 x 576.0
13:23:28.108 [JavaFX Application Thread] DEBUG MainWindow           - Scaled scene size:    576.0 x 576.0
13:23:28.108 [JavaFX Application Thread] DEBUG MainWindow           - Scaled ratio: (1.0, 1.0)
13:23:28.111 [JavaFX Application Thread] DEBUG AssetLoader          - Loading from disk: /assets/ui/css/fxgl_dark.css
13:23:28.115 [JavaFX Application Thread] DEBUG AssetLoader          - Loading from disk: /assets/textures/snakeClassic.png
13:23:28.119 [JavaFX Application Thread] DEBUG MainWindow           - Opening main window
13:23:28.299 [JavaFX Application Thread] DEBUG MainWindow           - Window border size: (16.0, 39.0)
13:23:28.299 [JavaFX Application Thread] DEBUG MainWindow           - Scaled size: 576.0 x 576.0
13:23:28.300 [JavaFX Application Thread] DEBUG MainWindow           - Scaled ratio: (1.0, 1.0)
13:23:28.300 [JavaFX Application Thread] DEBUG MainWindow           - Scene size: 576.0 x 576.0
13:23:28.300 [JavaFX Application Thread] DEBUG MainWindow           - Stage size: 592.0 x 615.0
13:23:28.410 [ForkJoinPool.commonPool-worker-1] DEBUG FS                   - Loaded DesktopFSService
13:23:28.411 [ForkJoinPool.commonPool-worker-1] DEBUG FXGL                 - Loading FXGL system data
13:23:28.439 [ForkJoinPool.commonPool-worker-1] DEBUG DesktopFSService     - Reading from: system\fxgl.bundle
13:23:28.460 [ForkJoinPool.commonPool-worker-1] DEBUG Bundle               - Logging bundle: FXGL
13:23:28.461 [ForkJoinPool.commonPool-worker-1] DEBUG Bundle               - FXGL.offline.timer.version.check=2019-02-12T16:04:54.598570800
13:23:28.463 [ForkJoinPool.commonPool-worker-1] DEBUG FXGL                 - Initializing state machine and application states
13:23:28.477 [ForkJoinPool.commonPool-worker-1] DEBUG AssetLoader          - Loading from disk: /assets/ui/cursors/fxgl_default.png
13:23:28.506 [ForkJoinPool.commonPool-worker-1] DEBUG AssetLoader          - Loading from disk: /assets/ui/cursors/fxgl_default.png
13:23:28.522 [ForkJoinPool.commonPool-worker-1] DEBUG AssetLoader          - Loading from cache: /assets/ui/fonts/VarelaRound-Regular.ttf
13:23:28.526 [ForkJoinPool.commonPool-worker-1] DEBUG AssetLoader          - Loading from disk: /assets/ui/cursors/fxgl_default.png
13:23:28.533 [ForkJoinPool.commonPool-worker-1] DEBUG GameScene            - Game scene initialized: 576x576
13:23:28.556 [ForkJoinPool.commonPool-worker-1] DEBUG GameWorld            - Game world initialized
13:23:28.736 [ForkJoinPool.commonPool-worker-1] DEBUG PhysicsWorld         - Physics world initialized: appHeight=576, physics.ppm=50,0
13:23:28.763 [ForkJoinPool.commonPool-worker-1] DEBUG Input                - Registered new binding: Pause - Esc
13:23:28.828 [JavaFX Application Thread] DEBUG FXGL                 - Running preInit()
13:23:28.830 [JavaFX Application Thread] DEBUG Input                - Registered new binding: Screenshot - P
13:23:28.830 [JavaFX Application Thread] DEBUG Input                - Registered new binding: Dev Options - CTRL+0
13:23:28.831 [JavaFX Application Thread] DEBUG Input                - Registered new binding: System info dump - CTRL+9
13:23:28.832 [JavaFX Application Thread] DEBUG Input                - Registered new binding: Restart - CTRL+R
13:23:28.832 [JavaFX Application Thread] DEBUG Input                - Registered new binding: up - Up
13:23:28.832 [JavaFX Application Thread] DEBUG Input                - Registered new binding: down - Down
13:23:28.832 [JavaFX Application Thread] DEBUG Input                - Registered new binding: right - Right
13:23:28.832 [JavaFX Application Thread] DEBUG Input                - Registered new binding: left - Left
13:23:28.833 [JavaFX Application Thread] INFO  FXGL                 - FXGL initialization took: 1,357 sec
13:23:28.834 [JavaFX Application Thread] DEBUG LoopRunner           - Starting loop
13:23:28.835 [JavaFX Application Thread] DEBUG StartupState         - STARTUP
13:23:28.835 [JavaFX Application Thread] DEBUG GameApplication      - Starting new game
13:23:28.836 [JavaFX Application Thread] DEBUG Input                - Clearing active input actions
13:23:28.837 [JavaFX Application Thread] DEBUG AssetLoader          - Loading from disk: /assets/ui/css/fxgl_dark.css
13:23:28.848 [JavaFX Application Thread] DEBUG AppStateMachine      - StartupState -> LoadingState
13:23:28.853 [FXGL Background Thread 1 ] DEBUG InitAppTask          - Clearing previous game
13:23:28.853 [FXGL Background Thread 1 ] DEBUG GameWorld            - Clearing game world
13:23:28.853 [FXGL Background Thread 1 ] DEBUG PhysicsWorld         - Clearing physics world
13:23:28.853 [FXGL Background Thread 1 ] DEBUG GameScene            - Clearing game scene
13:23:28.856 [FXGL Background Thread 1 ] DEBUG InitAppTask          - Initializing Game
13:23:28.912 [FXGL Background Thread 1 ] DEBUG GameScene            - Creating render group for layer: DEFAULT(100000)
13:23:28.930 [FXGL Background Thread 1 ] DEBUG GameScene            - Creating render group for layer: TOP(2147483647)
13:23:28.944 [FXGL Background Thread 1 ] DEBUG GameScene            - Creating render group for layer: BOTTOM(-2147483648)
13:23:28.945 [FXGL Background Thread 1 ] DEBUG InitAppTask          - Initializing Physics
13:23:28.945 [FXGL Background Thread 1 ] DEBUG InitAppTask          - Initializing UI
13:23:28.946 [FXGL Background Thread 1 ] DEBUG AssetLoader          - Loading from cache: /assets/ui/fonts/VarelaRound-Regular.ttf
13:23:28.946 [FXGL Background Thread 1 ] DEBUG AssetLoader          - Loading from cache: /assets/ui/fonts/VarelaRound-Regular.ttf
13:23:28.948 [FXGL Background Thread 1 ] DEBUG InitAppTask          - Initialization Complete
13:23:28.949 [FXGL Background Thread 1 ] INFO  InitAppTask          - Game initialization took: 0,096 sec
13:23:28.970 [JavaFX Application Thread] DEBUG Input                - Clearing active input actions
13:23:28.971 [JavaFX Application Thread] DEBUG AssetLoader          - Loading from disk: /assets/ui/css/fxgl_dark.css
13:23:28.990 [JavaFX Application Thread] DEBUG AppStateMachine      - LoadingState -> PlayState
13:23:31.251 [JavaFX Application Thread] DEBUG FXGL                 - Exiting FXGL
13:23:31.251 [JavaFX Application Thread] DEBUG FXGL                 - Shutting down background threads
13:23:31.251 [JavaFX Application Thread] DEBUG FXGL                 - Saving FXGL system data
13:23:31.255 [JavaFX Application Thread] DEBUG DesktopFSService     - Writing to: system\fxgl.bundle
13:23:31.259 [JavaFX Application Thread] DEBUG FXGL                 - Closing logger and exiting JavaFX
