11:54:27.309 [JavaFX Application Thread] DEBUG GameApplication      - Logger initialized
11:54:27.334 [JavaFX Application Thread] DEBUG GameApplication      - Logging settings
Title: Snake Evolution
Version: 2.0
Width: 625
Height: 625
Fullscreen: false
Intro: false
Menus: false
Profiling: false
Single step:false
App Mode: DEVELOPER
Menu Key: ESCAPE
Stage Style: DECORATED
Scene Factory: class com.almasb.fxgl.scene.SceneFactory
Dialog Factory: class com.almasb.fxgl.ui.FXGLDialogFactory
UI Factory: class com.almasb.fxgl.ui.FXGLUIFactory
Notification Service: class com.almasb.fxgl.gameplay.notification.XboxNotificationView
Exception Handler: class com.almasb.fxgl.app.FXGLExceptionHandler
11:54:27.335 [JavaFX Application Thread] DEBUG GameApplication      - Starting FXGL
11:54:27.356 [JavaFX Application Thread] INFO  FXGL                 - FXGL-0.5.4 on DESKTOP
11:54:27.357 [JavaFX Application Thread] INFO  FXGL                 - Source code and latest versions at: https://github.com/AlmasB/FXGL
11:54:27.357 [JavaFX Application Thread] INFO  FXGL                 -              Join the FXGL chat at: https://gitter.im/AlmasB/FXGL
11:54:27.357 [JavaFX Application Thread] DEBUG FXGL                 - FXGL started
11:54:27.358 [JavaFX Application Thread] DEBUG FXGL                 - Initializing FXGL
11:54:27.414 [JavaFX Application Thread] DEBUG AssetLoader          - Loading from disk: /assets/ui/cursors/fxgl_default.png
11:54:27.590 [JavaFX Application Thread] DEBUG AssetLoader          - Loading from disk: /assets/ui/fonts/VarelaRound-Regular.ttf
11:54:27.997 [JavaFX Application Thread] DEBUG MainWindow           - Creating a JavaFX scene
11:54:28.043 [JavaFX Application Thread] DEBUG MainWindow           - Target settings size: 625.0 x 625.0
11:54:28.043 [JavaFX Application Thread] DEBUG MainWindow           - Scaled scene size:    625.0 x 625.0
11:54:28.043 [JavaFX Application Thread] DEBUG MainWindow           - Scaled ratio: (1.0, 1.0)
11:54:28.046 [JavaFX Application Thread] DEBUG AssetLoader          - Loading from disk: /assets/ui/css/fxgl_dark.css
11:54:28.050 [JavaFX Application Thread] DEBUG AssetLoader          - Loading from disk: /assets/textures/snake_head.png
11:54:28.128 [JavaFX Application Thread] DEBUG MainWindow           - Opening main window
11:54:28.375 [JavaFX Application Thread] DEBUG MainWindow           - Window border size: (16.0, 39.0)
11:54:28.376 [JavaFX Application Thread] DEBUG MainWindow           - Scaled size: 625.0 x 625.0
11:54:28.376 [JavaFX Application Thread] DEBUG MainWindow           - Scaled ratio: (1.0, 1.0)
11:54:28.378 [JavaFX Application Thread] DEBUG MainWindow           - Scene size: 625.0 x 625.0
11:54:28.378 [JavaFX Application Thread] DEBUG MainWindow           - Stage size: 641.0 x 664.0
11:54:28.526 [ForkJoinPool.commonPool-worker-1] DEBUG FS                   - Loaded DesktopFSService
11:54:28.527 [ForkJoinPool.commonPool-worker-1] DEBUG FXGL                 - Loading FXGL system data
11:54:28.543 [ForkJoinPool.commonPool-worker-1] DEBUG DesktopFSService     - Reading from: system\fxgl.bundle
11:54:28.573 [ForkJoinPool.commonPool-worker-1] DEBUG Bundle               - Logging bundle: FXGL
11:54:28.575 [ForkJoinPool.commonPool-worker-1] DEBUG Bundle               - FXGL.offline.timer.version.check=2019-02-12T16:04:54.598570800
11:54:28.576 [ForkJoinPool.commonPool-worker-1] DEBUG FXGL                 - Initializing state machine and application states
11:54:28.580 [ForkJoinPool.commonPool-worker-1] DEBUG AssetLoader          - Loading from disk: /assets/ui/cursors/fxgl_default.png
11:54:28.602 [ForkJoinPool.commonPool-worker-1] DEBUG AssetLoader          - Loading from disk: /assets/ui/cursors/fxgl_default.png
11:54:28.614 [ForkJoinPool.commonPool-worker-1] DEBUG AssetLoader          - Loading from cache: /assets/ui/fonts/VarelaRound-Regular.ttf
11:54:28.620 [ForkJoinPool.commonPool-worker-1] DEBUG AssetLoader          - Loading from disk: /assets/ui/cursors/fxgl_default.png
11:54:28.625 [ForkJoinPool.commonPool-worker-1] DEBUG GameScene            - Game scene initialized: 625x625
11:54:28.638 [ForkJoinPool.commonPool-worker-1] DEBUG GameWorld            - Game world initialized
11:54:28.794 [ForkJoinPool.commonPool-worker-1] DEBUG PhysicsWorld         - Physics world initialized: appHeight=625, physics.ppm=50,0
11:54:28.823 [ForkJoinPool.commonPool-worker-1] DEBUG Input                - Registered new binding: Pause - Esc
11:54:28.907 [JavaFX Application Thread] DEBUG FXGL                 - Running preInit()
11:54:28.909 [JavaFX Application Thread] DEBUG Input                - Registered new binding: Screenshot - P
11:54:28.909 [JavaFX Application Thread] DEBUG Input                - Registered new binding: Dev Options - CTRL+0
11:54:28.910 [JavaFX Application Thread] DEBUG Input                - Registered new binding: System info dump - CTRL+9
11:54:28.910 [JavaFX Application Thread] DEBUG Input                - Registered new binding: Restart - CTRL+R
11:54:28.911 [JavaFX Application Thread] DEBUG Input                - Registered new binding: up - Up
11:54:28.911 [JavaFX Application Thread] DEBUG Input                - Registered new binding: down - Down
11:54:28.911 [JavaFX Application Thread] DEBUG Input                - Registered new binding: right - Right
11:54:28.911 [JavaFX Application Thread] DEBUG Input                - Registered new binding: left - Left
11:54:28.912 [JavaFX Application Thread] INFO  FXGL                 - FXGL initialization took: 1,554 sec
11:54:28.912 [JavaFX Application Thread] DEBUG LoopRunner           - Starting loop
11:54:28.915 [JavaFX Application Thread] DEBUG StartupState         - STARTUP
11:54:28.915 [JavaFX Application Thread] DEBUG GameApplication      - Starting new game
11:54:28.915 [JavaFX Application Thread] DEBUG Input                - Clearing active input actions
11:54:28.917 [JavaFX Application Thread] DEBUG AssetLoader          - Loading from disk: /assets/ui/css/fxgl_dark.css
11:54:28.931 [JavaFX Application Thread] DEBUG AppStateMachine      - StartupState -> LoadingState
11:54:28.938 [FXGL Background Thread 1 ] DEBUG InitAppTask          - Clearing previous game
11:54:28.939 [FXGL Background Thread 1 ] DEBUG GameWorld            - Clearing game world
11:54:28.939 [FXGL Background Thread 1 ] DEBUG PhysicsWorld         - Clearing physics world
11:54:28.939 [FXGL Background Thread 1 ] DEBUG GameScene            - Clearing game scene
11:54:28.941 [FXGL Background Thread 1 ] DEBUG InitAppTask          - Initializing Game
11:54:28.954 [FXGL Background Thread 1 ] DEBUG AssetLoader          - Caching assets
11:54:29.019 [FXGL Background Thread 1 ] DEBUG AssetLoader          - Loading from disk: /assets/textures/0.gif
11:54:29.046 [FXGL Background Thread 1 ] DEBUG AssetLoader          - Loading from disk: /assets/textures/01_01.png
11:54:29.049 [FXGL Background Thread 1 ] DEBUG AssetLoader          - Loading from disk: /assets/textures/01_02.png
11:54:29.052 [FXGL Background Thread 1 ] DEBUG AssetLoader          - Loading from disk: /assets/textures/01_03.png
11:54:29.054 [FXGL Background Thread 1 ] DEBUG AssetLoader          - Loading from disk: /assets/textures/01_04.png
11:54:29.072 [FXGL Background Thread 1 ] DEBUG AssetLoader          - Loading from disk: /assets/textures/01_05.png
11:54:29.077 [FXGL Background Thread 1 ] DEBUG AssetLoader          - Loading from disk: /assets/textures/01_06.png
11:54:29.080 [FXGL Background Thread 1 ] DEBUG AssetLoader          - Loading from disk: /assets/textures/03_01.png
11:54:29.090 [FXGL Background Thread 1 ] DEBUG AssetLoader          - Loading from disk: /assets/textures/03_02.png
11:54:29.093 [FXGL Background Thread 1 ] DEBUG AssetLoader          - Loading from disk: /assets/textures/03_03.png
11:54:29.096 [FXGL Background Thread 1 ] DEBUG AssetLoader          - Loading from disk: /assets/textures/03_04.png
11:54:29.098 [FXGL Background Thread 1 ] DEBUG AssetLoader          - Loading from disk: /assets/textures/03_05.png
11:54:29.101 [FXGL Background Thread 1 ] DEBUG AssetLoader          - Loading from disk: /assets/textures/03_06.png
11:54:29.103 [FXGL Background Thread 1 ] DEBUG AssetLoader          - Loading from disk: /assets/textures/1.gif
11:54:29.117 [FXGL Background Thread 1 ] DEBUG AssetLoader          - Loading from disk: /assets/textures/10.gif
11:54:29.128 [FXGL Background Thread 1 ] DEBUG AssetLoader          - Loading from disk: /assets/textures/11.gif
11:54:29.138 [FXGL Background Thread 1 ] DEBUG AssetLoader          - Loading from disk: /assets/textures/12.gif
11:54:29.149 [FXGL Background Thread 1 ] DEBUG AssetLoader          - Loading from disk: /assets/textures/13.gif
11:54:29.156 [FXGL Background Thread 1 ] DEBUG AssetLoader          - Loading from disk: /assets/textures/2.gif
11:54:29.165 [FXGL Background Thread 1 ] DEBUG AssetLoader          - Loading from disk: /assets/textures/3.gif
11:54:29.174 [FXGL Background Thread 1 ] DEBUG AssetLoader          - Loading from disk: /assets/textures/4.gif
11:54:29.182 [FXGL Background Thread 1 ] DEBUG AssetLoader          - Loading from disk: /assets/textures/5.gif
11:54:29.191 [FXGL Background Thread 1 ] DEBUG AssetLoader          - Loading from disk: /assets/textures/6.gif
11:54:29.198 [FXGL Background Thread 1 ] DEBUG AssetLoader          - Loading from disk: /assets/textures/7.gif
11:54:29.203 [FXGL Background Thread 1 ] DEBUG AssetLoader          - Loading from disk: /assets/textures/8.gif
11:54:29.208 [FXGL Background Thread 1 ] DEBUG AssetLoader          - Loading from disk: /assets/textures/9.gif
11:54:29.216 [FXGL Background Thread 1 ] DEBUG AssetLoader          - Loading from disk: /assets/textures/ajedrezPreview.png
11:54:29.226 [FXGL Background Thread 1 ] DEBUG AssetLoader          - Loading from disk: /assets/textures/apple.png
11:54:29.237 [FXGL Background Thread 1 ] DEBUG AssetLoader          - Loading from disk: /assets/textures/blue_apple.png
11:54:29.247 [FXGL Background Thread 1 ] DEBUG AssetLoader          - Loading from disk: /assets/textures/bomb.gif
11:54:29.275 [FXGL Background Thread 1 ] DEBUG AssetLoader          - Loading from disk: /assets/textures/bomb.png
11:54:29.286 [FXGL Background Thread 1 ] DEBUG AssetLoader          - Loading from disk: /assets/textures/bombStatic.png
11:54:29.323 [FXGL Background Thread 1 ] DEBUG AssetLoader          - Loading from disk: /assets/textures/comida.png
11:54:29.324 [FXGL Background Thread 1 ] DEBUG AssetLoader          - Loading from disk: /assets/textures/drop.png
11:54:29.330 [FXGL Background Thread 1 ] DEBUG AssetLoader          - Loading from disk: /assets/textures/fondo 64x64.png
11:54:29.332 [FXGL Background Thread 1 ] DEBUG AssetLoader          - Loading from disk: /assets/textures/ground1.jpg
11:54:29.379 [FXGL Background Thread 1 ] DEBUG AssetLoader          - Loading from disk: /assets/textures/ground2.jpg
11:54:29.399 [FXGL Background Thread 1 ] DEBUG AssetLoader          - Loading from disk: /assets/textures/ground3.jpg
11:54:29.421 [FXGL Background Thread 1 ] DEBUG AssetLoader          - Loading from disk: /assets/textures/ground4.jpg
11:54:29.439 [FXGL Background Thread 1 ] DEBUG AssetLoader          - Loading from disk: /assets/textures/ground5.jpg
11:54:29.525 [JavaFX Application Thread] DEBUG FXGL                 - Exiting FXGL
11:54:29.525 [JavaFX Application Thread] DEBUG FXGL                 - Shutting down background threads
11:54:29.525 [JavaFX Application Thread] DEBUG FXGL                 - Saving FXGL system data
11:54:29.529 [JavaFX Application Thread] DEBUG DesktopFSService     - Writing to: system\fxgl.bundle
11:54:29.537 [JavaFX Application Thread] DEBUG FXGL                 - Closing logger and exiting JavaFX
