13:37:09.297 [JavaFX Application Thread] DEBUG GameApplication      - Logger initialized
13:37:09.329 [JavaFX Application Thread] DEBUG GameApplication      - Logging settings
Title: Snake Evolution
Version: 2.0
Width: 625
Height: 625
Fullscreen: false
Intro: false
Menus: false
Profiling: false
Single step:false
App Mode: DEVELOPER
Menu Key: ESCAPE
Stage Style: DECORATED
Scene Factory: class com.almasb.fxgl.scene.SceneFactory
Dialog Factory: class com.almasb.fxgl.ui.FXGLDialogFactory
UI Factory: class com.almasb.fxgl.ui.FXGLUIFactory
Notification Service: class com.almasb.fxgl.gameplay.notification.XboxNotificationView
Exception Handler: class com.almasb.fxgl.app.FXGLExceptionHandler
13:37:09.329 [JavaFX Application Thread] DEBUG GameApplication      - Starting FXGL
13:37:09.357 [JavaFX Application Thread] INFO  FXGL                 - FXGL-0.5.4 on DESKTOP
13:37:09.359 [JavaFX Application Thread] INFO  FXGL                 - Source code and latest versions at: https://github.com/AlmasB/FXGL
13:37:09.361 [JavaFX Application Thread] INFO  FXGL                 -              Join the FXGL chat at: https://gitter.im/AlmasB/FXGL
13:37:09.361 [JavaFX Application Thread] DEBUG FXGL                 - FXGL started
13:37:09.361 [JavaFX Application Thread] DEBUG FXGL                 - Initializing FXGL
13:37:09.466 [JavaFX Application Thread] DEBUG AssetLoader          - Loading from disk: /assets/ui/cursors/fxgl_default.png
13:37:09.926 [JavaFX Application Thread] DEBUG AssetLoader          - Loading from disk: /assets/ui/fonts/VarelaRound-Regular.ttf
13:37:10.492 [JavaFX Application Thread] DEBUG MainWindow           - Creating a JavaFX scene
13:37:10.564 [JavaFX Application Thread] DEBUG MainWindow           - Target settings size: 625.0 x 625.0
13:37:10.565 [JavaFX Application Thread] DEBUG MainWindow           - Scaled scene size:    625.0 x 625.0
13:37:10.565 [JavaFX Application Thread] DEBUG MainWindow           - Scaled ratio: (1.0, 1.0)
13:37:10.569 [JavaFX Application Thread] DEBUG AssetLoader          - Loading from disk: /assets/ui/css/fxgl_dark.css
13:37:10.577 [JavaFX Application Thread] DEBUG AssetLoader          - Loading from disk: /assets/textures/snake_head.png
13:37:10.657 [JavaFX Application Thread] DEBUG MainWindow           - Opening main window
13:37:10.961 [JavaFX Application Thread] DEBUG MainWindow           - Window border size: (16.0, 39.0)
13:37:10.962 [JavaFX Application Thread] DEBUG MainWindow           - Scaled size: 625.0 x 625.0
13:37:10.962 [JavaFX Application Thread] DEBUG MainWindow           - Scaled ratio: (1.0, 1.0)
13:37:10.964 [JavaFX Application Thread] DEBUG MainWindow           - Scene size: 625.0 x 625.0
13:37:10.964 [JavaFX Application Thread] DEBUG MainWindow           - Stage size: 641.0 x 664.0
13:37:11.101 [ForkJoinPool.commonPool-worker-1] DEBUG FS                   - Loaded DesktopFSService
13:37:11.102 [ForkJoinPool.commonPool-worker-1] DEBUG FXGL                 - Loading FXGL system data
13:37:11.116 [ForkJoinPool.commonPool-worker-1] DEBUG DesktopFSService     - Reading from: system\fxgl.bundle
13:37:11.139 [ForkJoinPool.commonPool-worker-1] DEBUG Bundle               - Logging bundle: FXGL
13:37:11.140 [ForkJoinPool.commonPool-worker-1] DEBUG Bundle               - FXGL.offline.timer.version.check=2019-02-12T16:04:54.598570800
13:37:11.141 [ForkJoinPool.commonPool-worker-1] DEBUG FXGL                 - Initializing state machine and application states
13:37:11.145 [ForkJoinPool.commonPool-worker-1] DEBUG AssetLoader          - Loading from disk: /assets/ui/cursors/fxgl_default.png
13:37:11.177 [ForkJoinPool.commonPool-worker-1] DEBUG AssetLoader          - Loading from disk: /assets/ui/cursors/fxgl_default.png
13:37:11.192 [ForkJoinPool.commonPool-worker-1] DEBUG AssetLoader          - Loading from cache: /assets/ui/fonts/VarelaRound-Regular.ttf
13:37:11.198 [ForkJoinPool.commonPool-worker-1] DEBUG AssetLoader          - Loading from disk: /assets/ui/cursors/fxgl_default.png
13:37:11.204 [ForkJoinPool.commonPool-worker-1] DEBUG GameScene            - Game scene initialized: 625x625
13:37:11.237 [ForkJoinPool.commonPool-worker-1] DEBUG GameWorld            - Game world initialized
13:37:11.425 [ForkJoinPool.commonPool-worker-1] DEBUG PhysicsWorld         - Physics world initialized: appHeight=625, physics.ppm=50,0
13:37:11.463 [ForkJoinPool.commonPool-worker-1] DEBUG Input                - Registered new binding: Pause - Esc
13:37:11.594 [JavaFX Application Thread] DEBUG FXGL                 - Running preInit()
13:37:11.597 [JavaFX Application Thread] DEBUG Input                - Registered new binding: Screenshot - P
13:37:11.598 [JavaFX Application Thread] DEBUG Input                - Registered new binding: Dev Options - CTRL+0
13:37:11.598 [JavaFX Application Thread] DEBUG Input                - Registered new binding: System info dump - CTRL+9
13:37:11.599 [JavaFX Application Thread] DEBUG Input                - Registered new binding: Restart - CTRL+R
13:37:11.599 [JavaFX Application Thread] DEBUG Input                - Registered new binding: up - Up
13:37:11.599 [JavaFX Application Thread] DEBUG Input                - Registered new binding: down - Down
13:37:11.600 [JavaFX Application Thread] DEBUG Input                - Registered new binding: right - Right
13:37:11.600 [JavaFX Application Thread] DEBUG Input                - Registered new binding: left - Left
13:37:11.601 [JavaFX Application Thread] INFO  FXGL                 - FXGL initialization took: 2,239 sec
13:37:11.602 [JavaFX Application Thread] DEBUG LoopRunner           - Starting loop
13:37:11.606 [JavaFX Application Thread] DEBUG StartupState         - STARTUP
13:37:11.606 [JavaFX Application Thread] DEBUG GameApplication      - Starting new game
13:37:11.606 [JavaFX Application Thread] DEBUG Input                - Clearing active input actions
13:37:11.608 [JavaFX Application Thread] DEBUG AssetLoader          - Loading from disk: /assets/ui/css/fxgl_dark.css
13:37:11.628 [JavaFX Application Thread] DEBUG AppStateMachine      - StartupState -> LoadingState
13:37:11.636 [FXGL Background Thread 1 ] DEBUG InitAppTask          - Clearing previous game
13:37:11.638 [FXGL Background Thread 1 ] DEBUG GameWorld            - Clearing game world
13:37:11.638 [FXGL Background Thread 1 ] DEBUG PhysicsWorld         - Clearing physics world
13:37:11.638 [FXGL Background Thread 1 ] DEBUG GameScene            - Clearing game scene
13:37:11.641 [FXGL Background Thread 1 ] DEBUG InitAppTask          - Initializing Game
13:37:11.663 [FXGL Background Thread 1 ] DEBUG AssetLoader          - Caching assets
13:37:11.782 [FXGL Background Thread 1 ] DEBUG AssetLoader          - Loading from disk: /assets/textures/0.gif
13:37:11.824 [FXGL Background Thread 1 ] DEBUG AssetLoader          - Loading from disk: /assets/textures/01_01.png
13:37:11.834 [FXGL Background Thread 1 ] DEBUG AssetLoader          - Loading from disk: /assets/textures/01_02.png
13:37:11.840 [FXGL Background Thread 1 ] DEBUG AssetLoader          - Loading from disk: /assets/textures/01_03.png
13:37:11.843 [FXGL Background Thread 1 ] DEBUG AssetLoader          - Loading from disk: /assets/textures/01_04.png
13:37:11.847 [FXGL Background Thread 1 ] DEBUG AssetLoader          - Loading from disk: /assets/textures/01_05.png
13:37:11.857 [FXGL Background Thread 1 ] DEBUG AssetLoader          - Loading from disk: /assets/textures/01_06.png
13:37:11.860 [FXGL Background Thread 1 ] DEBUG AssetLoader          - Loading from disk: /assets/textures/03_01.png
13:37:11.865 [FXGL Background Thread 1 ] DEBUG AssetLoader          - Loading from disk: /assets/textures/03_02.png
13:37:11.871 [FXGL Background Thread 1 ] DEBUG AssetLoader          - Loading from disk: /assets/textures/03_03.png
13:37:11.875 [FXGL Background Thread 1 ] DEBUG AssetLoader          - Loading from disk: /assets/textures/03_04.png
13:37:11.877 [FXGL Background Thread 1 ] DEBUG AssetLoader          - Loading from disk: /assets/textures/03_05.png
13:37:11.880 [FXGL Background Thread 1 ] DEBUG AssetLoader          - Loading from disk: /assets/textures/03_06.png
13:37:11.882 [FXGL Background Thread 1 ] DEBUG AssetLoader          - Loading from disk: /assets/textures/1.gif
13:37:11.900 [FXGL Background Thread 1 ] DEBUG AssetLoader          - Loading from disk: /assets/textures/10.gif
13:37:11.920 [FXGL Background Thread 1 ] DEBUG AssetLoader          - Loading from disk: /assets/textures/11.gif
13:37:11.936 [FXGL Background Thread 1 ] DEBUG AssetLoader          - Loading from disk: /assets/textures/12.gif
13:37:11.957 [FXGL Background Thread 1 ] DEBUG AssetLoader          - Loading from disk: /assets/textures/13.gif
13:37:11.964 [FXGL Background Thread 1 ] DEBUG AssetLoader          - Loading from disk: /assets/textures/2.gif
13:37:11.982 [FXGL Background Thread 1 ] DEBUG AssetLoader          - Loading from disk: /assets/textures/3.gif
13:37:11.990 [FXGL Background Thread 1 ] DEBUG AssetLoader          - Loading from disk: /assets/textures/4.gif
13:37:11.995 [FXGL Background Thread 1 ] DEBUG AssetLoader          - Loading from disk: /assets/textures/5.gif
13:37:12.008 [FXGL Background Thread 1 ] DEBUG AssetLoader          - Loading from disk: /assets/textures/6.gif
13:37:12.018 [FXGL Background Thread 1 ] DEBUG AssetLoader          - Loading from disk: /assets/textures/7.gif
13:37:12.023 [FXGL Background Thread 1 ] DEBUG AssetLoader          - Loading from disk: /assets/textures/8.gif
13:37:12.039 [FXGL Background Thread 1 ] DEBUG AssetLoader          - Loading from disk: /assets/textures/9.gif
13:37:12.044 [FXGL Background Thread 1 ] DEBUG AssetLoader          - Loading from disk: /assets/textures/ajedrezPreview.png
13:37:12.062 [FXGL Background Thread 1 ] DEBUG AssetLoader          - Loading from disk: /assets/textures/apple.png
13:37:12.113 [FXGL Background Thread 1 ] DEBUG AssetLoader          - Loading from disk: /assets/textures/blue_apple.png
13:37:12.128 [FXGL Background Thread 1 ] DEBUG AssetLoader          - Loading from disk: /assets/textures/bomb.gif
13:37:12.230 [FXGL Background Thread 1 ] DEBUG AssetLoader          - Loading from disk: /assets/textures/bomb.png
13:37:12.266 [FXGL Background Thread 1 ] DEBUG AssetLoader          - Loading from disk: /assets/textures/bombStatic.png
13:37:12.295 [FXGL Background Thread 1 ] DEBUG AssetLoader          - Loading from disk: /assets/textures/comida.png
13:37:12.297 [FXGL Background Thread 1 ] DEBUG AssetLoader          - Loading from disk: /assets/textures/drop.png
13:37:12.305 [FXGL Background Thread 1 ] DEBUG AssetLoader          - Loading from disk: /assets/textures/fondo 64x64.png
13:37:12.308 [FXGL Background Thread 1 ] DEBUG AssetLoader          - Loading from disk: /assets/textures/ground1.jpg
13:37:12.378 [FXGL Background Thread 1 ] DEBUG AssetLoader          - Loading from disk: /assets/textures/ground2.jpg
13:37:12.511 [FXGL Background Thread 1 ] DEBUG AssetLoader          - Loading from disk: /assets/textures/ground3.jpg
13:37:12.597 [FXGL Background Thread 1 ] DEBUG AssetLoader          - Loading from disk: /assets/textures/ground4.jpg
13:37:12.626 [FXGL Background Thread 1 ] DEBUG AssetLoader          - Loading from disk: /assets/textures/ground5.jpg
13:37:12.842 [FXGL Background Thread 1 ] DEBUG AssetLoader          - Loading from disk: /assets/textures/invaders.png
13:37:12.844 [FXGL Background Thread 1 ] DEBUG AssetLoader          - Loading from disk: /assets/textures/lancherLoading.gif
13:37:12.865 [FXGL Background Thread 1 ] DEBUG AssetLoader          - Loading from disk: /assets/textures/launcherIcon.png
13:37:12.950 [FXGL Background Thread 1 ] DEBUG AssetLoader          - Loading from disk: /assets/textures/snakeClassic.png
13:37:12.962 [FXGL Background Thread 1 ] DEBUG AssetLoader          - Loading from disk: /assets/textures/snakeClassicPreview.gif
13:37:14.570 [FXGL Background Thread 1 ] DEBUG AssetLoader          - Loading from disk: /assets/textures/snakeClassicPreview.png
13:37:14.593 [FXGL Background Thread 1 ] DEBUG AssetLoader          - Loading from disk: /assets/textures/snakePreview.png
13:37:14.632 [FXGL Background Thread 1 ] DEBUG AssetLoader          - Loading from cache: /assets/textures/snake_head.png
13:37:14.632 [FXGL Background Thread 1 ] DEBUG AssetLoader          - Loading from disk: /assets/textures/spaceInvadersPreview.png
13:37:14.672 [FXGL Background Thread 1 ] DEBUG AssetLoader          - Loading from disk: /assets/textures/stone.png
13:37:14.706 [FXGL Background Thread 1 ] DEBUG AssetLoader          - Loading from disk: /assets/textures/tail.png
13:37:15.194 [FXGL Background Thread 1 ] DEBUG AssetLoader          - Loading from disk: /assets/ui/fonts/Yokelvision.otf
13:37:15.292 [FXGL Background Thread 1 ] DEBUG AssetLoader          - Caching complete. Size: 69
13:37:15.294 [FXGL Background Thread 1 ] DEBUG AssetLoader          - Loading from cache: /assets/music/world1_music.mp3
13:37:15.294 [FXGL Background Thread 1 ] DEBUG AudioPlayer          - Playing music com.almasb.fxgl.audio.Music@c5c48c3
13:37:15.302 [FXGL Background Thread 1 ] DEBUG AssetLoader          - Loading from cache: /assets/music/world1_music.mp3
13:37:15.302 [FXGL Background Thread 1 ] DEBUG AudioPlayer          - Playing music com.almasb.fxgl.audio.Music@c5c48c3
13:37:15.367 [FXGL Background Thread 1 ] DEBUG GameScene            - Creating render group for layer: DEFAULT(100000)
13:37:15.374 [FXGL Background Thread 1 ] DEBUG AssetLoader          - Loading from disk: /assets/ui/fonts/jungle_roar_bold.ttf
13:37:15.375 [FXGL Background Thread 1 ] FATAL AssetLoader          - Loading failed for asset: jungle_roar_bold.ttf. Cause: Asset "/assets/ui/fonts/jungle_roar_bold.ttf" was not found!
13:37:15.376 [JavaFX Application Thread] FATAL FXGL                 - Uncaught Exception:

Fatal exception occurred: java.lang.IllegalArgumentException : Failed to load asset: jungle_roar_bold.ttf. Cause: Asset "/assets/ui/fonts/jungle_roar_bold.ttf" was not found!
E: com.almasb.fxgl.asset.AssetLoader.loadFailed(AssetLoader.kt:737)
E: com.almasb.fxgl.asset.AssetLoader.loadFont(AssetLoader.kt:533)
E: com.almasb.fxgl.ui.FXGLUIFactory.newFont(FXGLUIFactory.kt:62)
E: games.snakeevolution.Snake.tituloNiveles(Snake.java:77)
E: games.snakeevolution.Snake.cambiarNivel(Snake.java:386)
E: games.snakeevolution.Snake.initGame(Snake.java:95)
E: com.almasb.fxgl.app.GameApplication.internalInitGame(GameApplication.java:238)
E: com.almasb.fxgl.app.LoadingState$InitAppTask.initGame(AppStates.kt:168)
E: com.almasb.fxgl.app.LoadingState$InitAppTask.call(AppStates.kt:138)
E: com.almasb.fxgl.app.LoadingState$InitAppTask.call(AppStates.kt:127)
E: javafx.graphics/javafx.concurrent.Task$TaskCallable.call(Task.java:1425)
E: java.base/java.util.concurrent.FutureTask.run(FutureTask.java:264)
E: java.base/java.util.concurrent.Executors$RunnableAdapter.call(Executors.java:514)
E: java.base/java.util.concurrent.FutureTask.run(FutureTask.java:264)
E: java.base/java.util.concurrent.ThreadPoolExecutor.runWorker(ThreadPoolExecutor.java:1135)
E: java.base/java.util.concurrent.ThreadPoolExecutor$Worker.run(ThreadPoolExecutor.java:635)
E: java.base/java.lang.Thread.run(Thread.java:844)

13:37:15.377 [JavaFX Application Thread] FATAL FXGL                 - Application will now exit
13:37:15.380 [JavaFX Application Thread] DEBUG LoopRunner           - Stopping loop
13:39:00.929 [JavaFX Application Thread] DEBUG FXGL                 - Exiting FXGL
13:39:00.930 [JavaFX Application Thread] DEBUG FXGL                 - Shutting down background threads
13:39:00.930 [JavaFX Application Thread] DEBUG FXGL                 - Saving FXGL system data
13:39:00.935 [JavaFX Application Thread] DEBUG DesktopFSService     - Writing to: system\fxgl.bundle
13:39:00.944 [JavaFX Application Thread] DEBUG FXGL                 - Closing logger and exiting JavaFX
