11:51:33.261 [JavaFX Application Thread] DEBUG GameApplication      - Logger initialized
11:51:33.317 [JavaFX Application Thread] DEBUG GameApplication      - Logging settings
Title: Snake Evolution
Version: 2.0
Width: 625
Height: 625
Fullscreen: false
Intro: false
Menus: false
Profiling: false
Single step:false
App Mode: DEVELOPER
Menu Key: ESCAPE
Stage Style: DECORATED
Scene Factory: class com.almasb.fxgl.scene.SceneFactory
Dialog Factory: class com.almasb.fxgl.ui.FXGLDialogFactory
UI Factory: class com.almasb.fxgl.ui.FXGLUIFactory
Notification Service: class com.almasb.fxgl.gameplay.notification.XboxNotificationView
Exception Handler: class com.almasb.fxgl.app.FXGLExceptionHandler
11:51:33.318 [JavaFX Application Thread] DEBUG GameApplication      - Starting FXGL
11:51:33.344 [JavaFX Application Thread] INFO  FXGL                 - FXGL-0.5.4 on DESKTOP
11:51:33.345 [JavaFX Application Thread] INFO  FXGL                 - Source code and latest versions at: https://github.com/AlmasB/FXGL
11:51:33.345 [JavaFX Application Thread] INFO  FXGL                 -              Join the FXGL chat at: https://gitter.im/AlmasB/FXGL
11:51:33.346 [JavaFX Application Thread] DEBUG FXGL                 - FXGL started
11:51:33.346 [JavaFX Application Thread] DEBUG FXGL                 - Initializing FXGL
11:51:33.485 [JavaFX Application Thread] DEBUG AssetLoader          - Loading from disk: /assets/ui/cursors/fxgl_default.png
11:51:33.766 [JavaFX Application Thread] DEBUG AssetLoader          - Loading from disk: /assets/ui/fonts/VarelaRound-Regular.ttf
11:51:34.527 [JavaFX Application Thread] DEBUG MainWindow           - Creating a JavaFX scene
11:51:34.616 [JavaFX Application Thread] DEBUG MainWindow           - Target settings size: 625.0 x 625.0
11:51:34.616 [JavaFX Application Thread] DEBUG MainWindow           - Scaled scene size:    625.0 x 625.0
11:51:34.617 [JavaFX Application Thread] DEBUG MainWindow           - Scaled ratio: (1.0, 1.0)
11:51:34.622 [JavaFX Application Thread] DEBUG AssetLoader          - Loading from disk: /assets/ui/css/fxgl_dark.css
11:51:34.629 [JavaFX Application Thread] DEBUG AssetLoader          - Loading from disk: /assets/textures/snake_head.png
11:51:34.747 [JavaFX Application Thread] DEBUG MainWindow           - Opening main window
11:51:35.213 [JavaFX Application Thread] DEBUG MainWindow           - Window border size: (16.0, 39.0)
11:51:35.213 [JavaFX Application Thread] DEBUG MainWindow           - Scaled size: 625.0 x 625.0
11:51:35.213 [JavaFX Application Thread] DEBUG MainWindow           - Scaled ratio: (1.0, 1.0)
11:51:35.214 [JavaFX Application Thread] DEBUG MainWindow           - Scene size: 625.0 x 625.0
11:51:35.214 [JavaFX Application Thread] DEBUG MainWindow           - Stage size: 641.0 x 664.0
11:51:35.457 [ForkJoinPool.commonPool-worker-1] DEBUG FS                   - Loaded DesktopFSService
11:51:35.467 [ForkJoinPool.commonPool-worker-1] DEBUG FXGL                 - Loading FXGL system data
11:51:35.477 [ForkJoinPool.commonPool-worker-1] DEBUG DesktopFSService     - Reading from: system\fxgl.bundle
11:51:35.531 [ForkJoinPool.commonPool-worker-1] DEBUG Bundle               - Logging bundle: FXGL
11:51:35.534 [ForkJoinPool.commonPool-worker-1] DEBUG Bundle               - FXGL.offline.timer.version.check=2019-02-12T16:04:54.598570800
11:51:35.536 [ForkJoinPool.commonPool-worker-1] DEBUG FXGL                 - Initializing state machine and application states
11:51:35.539 [ForkJoinPool.commonPool-worker-1] DEBUG AssetLoader          - Loading from disk: /assets/ui/cursors/fxgl_default.png
11:51:35.593 [ForkJoinPool.commonPool-worker-1] DEBUG AssetLoader          - Loading from disk: /assets/ui/cursors/fxgl_default.png
11:51:35.656 [ForkJoinPool.commonPool-worker-1] DEBUG AssetLoader          - Loading from cache: /assets/ui/fonts/VarelaRound-Regular.ttf
11:51:35.661 [ForkJoinPool.commonPool-worker-1] DEBUG AssetLoader          - Loading from disk: /assets/ui/cursors/fxgl_default.png
11:51:35.668 [ForkJoinPool.commonPool-worker-1] DEBUG GameScene            - Game scene initialized: 625x625
11:51:35.677 [ForkJoinPool.commonPool-worker-1] DEBUG GameWorld            - Game world initialized
11:51:35.977 [ForkJoinPool.commonPool-worker-1] DEBUG PhysicsWorld         - Physics world initialized: appHeight=625, physics.ppm=50,0
11:51:36.062 [ForkJoinPool.commonPool-worker-1] DEBUG Input                - Registered new binding: Pause - Esc
11:51:36.257 [JavaFX Application Thread] DEBUG FXGL                 - Running preInit()
11:51:36.259 [JavaFX Application Thread] DEBUG Input                - Registered new binding: Screenshot - P
11:51:36.260 [JavaFX Application Thread] DEBUG Input                - Registered new binding: Dev Options - CTRL+0
11:51:36.261 [JavaFX Application Thread] DEBUG Input                - Registered new binding: System info dump - CTRL+9
11:51:36.262 [JavaFX Application Thread] DEBUG Input                - Registered new binding: Restart - CTRL+R
11:51:36.262 [JavaFX Application Thread] DEBUG Input                - Registered new binding: up - Up
11:51:36.263 [JavaFX Application Thread] DEBUG Input                - Registered new binding: down - Down
11:51:36.263 [JavaFX Application Thread] DEBUG Input                - Registered new binding: right - Right
11:51:36.263 [JavaFX Application Thread] DEBUG Input                - Registered new binding: left - Left
11:51:36.265 [JavaFX Application Thread] INFO  FXGL                 - FXGL initialization took: 2,919 sec
11:51:36.266 [JavaFX Application Thread] DEBUG LoopRunner           - Starting loop
11:51:36.268 [JavaFX Application Thread] DEBUG StartupState         - STARTUP
11:51:36.268 [JavaFX Application Thread] DEBUG GameApplication      - Starting new game
11:51:36.269 [JavaFX Application Thread] DEBUG Input                - Clearing active input actions
11:51:36.271 [JavaFX Application Thread] DEBUG AssetLoader          - Loading from disk: /assets/ui/css/fxgl_dark.css
11:51:36.292 [JavaFX Application Thread] DEBUG AppStateMachine      - StartupState -> LoadingState
11:51:36.379 [FXGL Background Thread 1 ] DEBUG InitAppTask          - Clearing previous game
11:51:36.381 [FXGL Background Thread 1 ] DEBUG GameWorld            - Clearing game world
11:51:36.382 [FXGL Background Thread 1 ] DEBUG PhysicsWorld         - Clearing physics world
11:51:36.382 [FXGL Background Thread 1 ] DEBUG GameScene            - Clearing game scene
11:51:36.384 [FXGL Background Thread 1 ] DEBUG InitAppTask          - Initializing Game
11:51:36.401 [FXGL Background Thread 1 ] DEBUG AssetLoader          - Caching assets
11:51:36.574 [FXGL Background Thread 1 ] DEBUG AssetLoader          - Loading from disk: /assets/textures/0.gif
11:51:36.620 [FXGL Background Thread 1 ] DEBUG AssetLoader          - Loading from disk: /assets/textures/01_01.png
11:51:36.624 [FXGL Background Thread 1 ] DEBUG AssetLoader          - Loading from disk: /assets/textures/01_02.png
11:51:36.660 [FXGL Background Thread 1 ] DEBUG AssetLoader          - Loading from disk: /assets/textures/01_03.png
11:51:36.665 [FXGL Background Thread 1 ] DEBUG AssetLoader          - Loading from disk: /assets/textures/01_04.png
11:51:36.672 [FXGL Background Thread 1 ] DEBUG AssetLoader          - Loading from disk: /assets/textures/01_05.png
11:51:36.675 [FXGL Background Thread 1 ] DEBUG AssetLoader          - Loading from disk: /assets/textures/01_06.png
11:51:36.680 [FXGL Background Thread 1 ] DEBUG AssetLoader          - Loading from disk: /assets/textures/03_01.png
11:51:36.683 [FXGL Background Thread 1 ] DEBUG AssetLoader          - Loading from disk: /assets/textures/03_02.png
11:51:36.686 [FXGL Background Thread 1 ] DEBUG AssetLoader          - Loading from disk: /assets/textures/03_03.png
11:51:36.689 [FXGL Background Thread 1 ] DEBUG AssetLoader          - Loading from disk: /assets/textures/03_04.png
11:51:36.693 [FXGL Background Thread 1 ] DEBUG AssetLoader          - Loading from disk: /assets/textures/03_05.png
11:51:36.715 [FXGL Background Thread 1 ] DEBUG AssetLoader          - Loading from disk: /assets/textures/03_06.png
11:51:36.736 [FXGL Background Thread 1 ] DEBUG AssetLoader          - Loading from disk: /assets/textures/1.gif
11:51:36.749 [FXGL Background Thread 1 ] DEBUG AssetLoader          - Loading from disk: /assets/textures/10.gif
11:51:36.758 [FXGL Background Thread 1 ] DEBUG AssetLoader          - Loading from disk: /assets/textures/11.gif
11:51:36.769 [FXGL Background Thread 1 ] DEBUG AssetLoader          - Loading from disk: /assets/textures/12.gif
11:51:36.816 [FXGL Background Thread 1 ] DEBUG AssetLoader          - Loading from disk: /assets/textures/13.gif
11:51:36.861 [FXGL Background Thread 1 ] DEBUG AssetLoader          - Loading from disk: /assets/textures/2.gif
11:51:36.867 [FXGL Background Thread 1 ] DEBUG AssetLoader          - Loading from disk: /assets/textures/3.gif
11:51:36.875 [FXGL Background Thread 1 ] DEBUG AssetLoader          - Loading from disk: /assets/textures/4.gif
11:51:36.883 [FXGL Background Thread 1 ] DEBUG AssetLoader          - Loading from disk: /assets/textures/5.gif
11:51:36.890 [FXGL Background Thread 1 ] DEBUG AssetLoader          - Loading from disk: /assets/textures/6.gif
11:51:36.910 [FXGL Background Thread 1 ] DEBUG AssetLoader          - Loading from disk: /assets/textures/7.gif
11:51:36.920 [FXGL Background Thread 1 ] DEBUG AssetLoader          - Loading from disk: /assets/textures/8.gif
11:51:36.925 [FXGL Background Thread 1 ] DEBUG AssetLoader          - Loading from disk: /assets/textures/9.gif
11:51:36.930 [FXGL Background Thread 1 ] DEBUG AssetLoader          - Loading from disk: /assets/textures/ajedrezPreview.png
11:51:36.947 [FXGL Background Thread 1 ] DEBUG AssetLoader          - Loading from disk: /assets/textures/apple.png
11:51:37.010 [FXGL Background Thread 1 ] DEBUG AssetLoader          - Loading from disk: /assets/textures/blue_apple.png
11:51:37.022 [FXGL Background Thread 1 ] DEBUG AssetLoader          - Loading from disk: /assets/textures/bomb.gif
11:51:37.104 [FXGL Background Thread 1 ] DEBUG AssetLoader          - Loading from disk: /assets/textures/bomb.png
11:51:37.302 [FXGL Background Thread 1 ] DEBUG AssetLoader          - Loading from disk: /assets/textures/bombStatic.png
11:51:37.675 [FXGL Background Thread 1 ] DEBUG AssetLoader          - Loading from disk: /assets/textures/comida.png
11:51:37.677 [FXGL Background Thread 1 ] DEBUG AssetLoader          - Loading from disk: /assets/textures/drop.png
11:51:37.818 [FXGL Background Thread 1 ] DEBUG AssetLoader          - Loading from disk: /assets/textures/fondo 64x64.png
11:51:37.821 [FXGL Background Thread 1 ] DEBUG AssetLoader          - Loading from disk: /assets/textures/ground1.jpg
11:51:37.913 [FXGL Background Thread 1 ] DEBUG AssetLoader          - Loading from disk: /assets/textures/ground2.jpg
11:51:37.946 [JavaFX Application Thread] DEBUG FXGL                 - Exiting FXGL
11:51:37.948 [JavaFX Application Thread] DEBUG FXGL                 - Shutting down background threads
11:51:37.948 [JavaFX Application Thread] DEBUG FXGL                 - Saving FXGL system data
11:51:37.953 [JavaFX Application Thread] DEBUG DesktopFSService     - Writing to: system\fxgl.bundle
11:51:37.959 [JavaFX Application Thread] DEBUG FXGL                 - Closing logger and exiting JavaFX
