11:51:38.215 [JavaFX Application Thread] DEBUG GameApplication      - Logger initialized
11:51:38.338 [JavaFX Application Thread] DEBUG GameApplication      - Logging settings
Title: Snake Evolution
Version: 2.0
Width: 625
Height: 625
Fullscreen: false
Intro: false
Menus: false
Profiling: false
Single step:false
App Mode: DEVELOPER
Menu Key: ESCAPE
Stage Style: DECORATED
Scene Factory: class com.almasb.fxgl.scene.SceneFactory
Dialog Factory: class com.almasb.fxgl.ui.FXGLDialogFactory
UI Factory: class com.almasb.fxgl.ui.FXGLUIFactory
Notification Service: class com.almasb.fxgl.gameplay.notification.XboxNotificationView
Exception Handler: class com.almasb.fxgl.app.FXGLExceptionHandler
11:51:38.338 [JavaFX Application Thread] DEBUG GameApplication      - Starting FXGL
11:51:38.409 [JavaFX Application Thread] INFO  FXGL                 - FXGL-0.5.4 on DESKTOP
11:51:38.410 [JavaFX Application Thread] INFO  FXGL                 - Source code and latest versions at: https://github.com/AlmasB/FXGL
11:51:38.410 [JavaFX Application Thread] INFO  FXGL                 -              Join the FXGL chat at: https://gitter.im/AlmasB/FXGL
11:51:38.411 [JavaFX Application Thread] DEBUG FXGL                 - FXGL started
11:51:38.411 [JavaFX Application Thread] DEBUG FXGL                 - Initializing FXGL
11:51:38.510 [JavaFX Application Thread] DEBUG AssetLoader          - Loading from disk: /assets/ui/cursors/fxgl_default.png
11:51:38.783 [JavaFX Application Thread] DEBUG AssetLoader          - Loading from disk: /assets/ui/fonts/VarelaRound-Regular.ttf
11:51:40.480 [JavaFX Application Thread] DEBUG MainWindow           - Creating a JavaFX scene
11:51:40.597 [JavaFX Application Thread] DEBUG MainWindow           - Target settings size: 625.0 x 625.0
11:51:40.598 [JavaFX Application Thread] DEBUG MainWindow           - Scaled scene size:    625.0 x 625.0
11:51:40.599 [JavaFX Application Thread] DEBUG MainWindow           - Scaled ratio: (1.0, 1.0)
11:51:40.604 [JavaFX Application Thread] DEBUG AssetLoader          - Loading from disk: /assets/ui/css/fxgl_dark.css
11:51:40.616 [JavaFX Application Thread] DEBUG AssetLoader          - Loading from disk: /assets/textures/snake_head.png
11:51:40.735 [JavaFX Application Thread] DEBUG MainWindow           - Opening main window
11:51:41.049 [JavaFX Application Thread] DEBUG MainWindow           - Window border size: (16.0, 39.0)
11:51:41.049 [JavaFX Application Thread] DEBUG MainWindow           - Scaled size: 625.0 x 625.0
11:51:41.049 [JavaFX Application Thread] DEBUG MainWindow           - Scaled ratio: (1.0, 1.0)
11:51:41.050 [JavaFX Application Thread] DEBUG MainWindow           - Scene size: 625.0 x 625.0
11:51:41.050 [JavaFX Application Thread] DEBUG MainWindow           - Stage size: 641.0 x 664.0
11:51:41.187 [ForkJoinPool.commonPool-worker-1] DEBUG FS                   - Loaded DesktopFSService
11:51:41.188 [ForkJoinPool.commonPool-worker-1] DEBUG FXGL                 - Loading FXGL system data
11:51:41.200 [ForkJoinPool.commonPool-worker-1] DEBUG DesktopFSService     - Reading from: system\fxgl.bundle
11:51:41.226 [ForkJoinPool.commonPool-worker-1] DEBUG Bundle               - Logging bundle: FXGL
11:51:41.230 [ForkJoinPool.commonPool-worker-1] DEBUG Bundle               - FXGL.offline.timer.version.check=2019-02-12T16:04:54.598570800
11:51:41.232 [ForkJoinPool.commonPool-worker-1] DEBUG FXGL                 - Initializing state machine and application states
11:51:41.240 [ForkJoinPool.commonPool-worker-1] DEBUG AssetLoader          - Loading from disk: /assets/ui/cursors/fxgl_default.png
11:51:41.279 [ForkJoinPool.commonPool-worker-1] DEBUG AssetLoader          - Loading from disk: /assets/ui/cursors/fxgl_default.png
11:51:41.314 [ForkJoinPool.commonPool-worker-1] DEBUG AssetLoader          - Loading from cache: /assets/ui/fonts/VarelaRound-Regular.ttf
11:51:41.319 [ForkJoinPool.commonPool-worker-1] DEBUG AssetLoader          - Loading from disk: /assets/ui/cursors/fxgl_default.png
11:51:41.325 [ForkJoinPool.commonPool-worker-1] DEBUG GameScene            - Game scene initialized: 625x625
11:51:41.347 [ForkJoinPool.commonPool-worker-1] DEBUG GameWorld            - Game world initialized
11:51:41.557 [ForkJoinPool.commonPool-worker-1] DEBUG PhysicsWorld         - Physics world initialized: appHeight=625, physics.ppm=50,0
11:51:41.598 [ForkJoinPool.commonPool-worker-1] DEBUG Input                - Registered new binding: Pause - Esc
11:51:41.784 [JavaFX Application Thread] DEBUG FXGL                 - Running preInit()
11:51:41.787 [JavaFX Application Thread] DEBUG Input                - Registered new binding: Screenshot - P
11:51:41.788 [JavaFX Application Thread] DEBUG Input                - Registered new binding: Dev Options - CTRL+0
11:51:41.789 [JavaFX Application Thread] DEBUG Input                - Registered new binding: System info dump - CTRL+9
11:51:41.790 [JavaFX Application Thread] DEBUG Input                - Registered new binding: Restart - CTRL+R
11:51:41.791 [JavaFX Application Thread] DEBUG Input                - Registered new binding: up - Up
11:51:41.791 [JavaFX Application Thread] DEBUG Input                - Registered new binding: down - Down
11:51:41.791 [JavaFX Application Thread] DEBUG Input                - Registered new binding: right - Right
11:51:41.792 [JavaFX Application Thread] DEBUG Input                - Registered new binding: left - Left
11:51:41.793 [JavaFX Application Thread] INFO  FXGL                 - FXGL initialization took: 3,380 sec
11:51:41.795 [JavaFX Application Thread] DEBUG LoopRunner           - Starting loop
11:51:41.798 [JavaFX Application Thread] DEBUG StartupState         - STARTUP
11:51:41.798 [JavaFX Application Thread] DEBUG GameApplication      - Starting new game
11:51:41.798 [JavaFX Application Thread] DEBUG Input                - Clearing active input actions
11:51:41.801 [JavaFX Application Thread] DEBUG AssetLoader          - Loading from disk: /assets/ui/css/fxgl_dark.css
11:51:41.815 [JavaFX Application Thread] DEBUG AppStateMachine      - StartupState -> LoadingState
11:51:41.840 [FXGL Background Thread 1 ] DEBUG InitAppTask          - Clearing previous game
11:51:41.840 [FXGL Background Thread 1 ] DEBUG GameWorld            - Clearing game world
11:51:41.841 [FXGL Background Thread 1 ] DEBUG PhysicsWorld         - Clearing physics world
11:51:41.841 [FXGL Background Thread 1 ] DEBUG GameScene            - Clearing game scene
11:51:41.843 [FXGL Background Thread 1 ] DEBUG InitAppTask          - Initializing Game
11:51:41.861 [FXGL Background Thread 1 ] DEBUG AssetLoader          - Caching assets
11:51:41.955 [FXGL Background Thread 1 ] DEBUG AssetLoader          - Loading from disk: /assets/textures/0.gif
11:51:41.991 [FXGL Background Thread 1 ] DEBUG AssetLoader          - Loading from disk: /assets/textures/01_01.png
11:51:41.996 [FXGL Background Thread 1 ] DEBUG AssetLoader          - Loading from disk: /assets/textures/01_02.png
11:51:41.999 [FXGL Background Thread 1 ] DEBUG AssetLoader          - Loading from disk: /assets/textures/01_03.png
11:51:42.029 [FXGL Background Thread 1 ] DEBUG AssetLoader          - Loading from disk: /assets/textures/01_04.png
11:51:42.035 [FXGL Background Thread 1 ] DEBUG AssetLoader          - Loading from disk: /assets/textures/01_05.png
11:51:42.038 [FXGL Background Thread 1 ] DEBUG AssetLoader          - Loading from disk: /assets/textures/01_06.png
11:51:42.040 [FXGL Background Thread 1 ] DEBUG AssetLoader          - Loading from disk: /assets/textures/03_01.png
11:51:42.043 [FXGL Background Thread 1 ] DEBUG AssetLoader          - Loading from disk: /assets/textures/03_02.png
11:51:42.046 [FXGL Background Thread 1 ] DEBUG AssetLoader          - Loading from disk: /assets/textures/03_03.png
11:51:42.049 [FXGL Background Thread 1 ] DEBUG AssetLoader          - Loading from disk: /assets/textures/03_04.png
11:51:42.051 [FXGL Background Thread 1 ] DEBUG AssetLoader          - Loading from disk: /assets/textures/03_05.png
11:51:42.054 [FXGL Background Thread 1 ] DEBUG AssetLoader          - Loading from disk: /assets/textures/03_06.png
11:51:42.057 [FXGL Background Thread 1 ] DEBUG AssetLoader          - Loading from disk: /assets/textures/1.gif
11:51:42.120 [FXGL Background Thread 1 ] DEBUG AssetLoader          - Loading from disk: /assets/textures/10.gif
11:51:42.133 [FXGL Background Thread 1 ] DEBUG AssetLoader          - Loading from disk: /assets/textures/11.gif
11:51:42.142 [FXGL Background Thread 1 ] DEBUG AssetLoader          - Loading from disk: /assets/textures/12.gif
11:51:42.152 [FXGL Background Thread 1 ] DEBUG AssetLoader          - Loading from disk: /assets/textures/13.gif
11:51:42.236 [FXGL Background Thread 1 ] DEBUG AssetLoader          - Loading from disk: /assets/textures/2.gif
11:51:42.243 [FXGL Background Thread 1 ] DEBUG AssetLoader          - Loading from disk: /assets/textures/3.gif
11:51:42.250 [FXGL Background Thread 1 ] DEBUG AssetLoader          - Loading from disk: /assets/textures/4.gif
11:51:42.258 [FXGL Background Thread 1 ] DEBUG AssetLoader          - Loading from disk: /assets/textures/5.gif
11:51:42.281 [FXGL Background Thread 1 ] DEBUG AssetLoader          - Loading from disk: /assets/textures/6.gif
11:51:42.311 [FXGL Background Thread 1 ] DEBUG AssetLoader          - Loading from disk: /assets/textures/7.gif
11:51:42.315 [FXGL Background Thread 1 ] DEBUG AssetLoader          - Loading from disk: /assets/textures/8.gif
11:51:42.318 [FXGL Background Thread 1 ] DEBUG AssetLoader          - Loading from disk: /assets/textures/9.gif
11:51:42.322 [FXGL Background Thread 1 ] DEBUG AssetLoader          - Loading from disk: /assets/textures/ajedrezPreview.png
11:51:42.379 [FXGL Background Thread 1 ] DEBUG AssetLoader          - Loading from disk: /assets/textures/apple.png
11:51:42.424 [FXGL Background Thread 1 ] DEBUG AssetLoader          - Loading from disk: /assets/textures/blue_apple.png
11:51:42.435 [FXGL Background Thread 1 ] DEBUG AssetLoader          - Loading from disk: /assets/textures/bomb.gif
11:51:42.479 [FXGL Background Thread 1 ] DEBUG AssetLoader          - Loading from disk: /assets/textures/bomb.png
11:51:42.489 [FXGL Background Thread 1 ] DEBUG AssetLoader          - Loading from disk: /assets/textures/bombStatic.png
11:51:42.546 [FXGL Background Thread 1 ] DEBUG AssetLoader          - Loading from disk: /assets/textures/comida.png
11:51:42.548 [FXGL Background Thread 1 ] DEBUG AssetLoader          - Loading from disk: /assets/textures/drop.png
11:51:42.562 [FXGL Background Thread 1 ] DEBUG AssetLoader          - Loading from disk: /assets/textures/fondo 64x64.png
11:51:42.565 [FXGL Background Thread 1 ] DEBUG AssetLoader          - Loading from disk: /assets/textures/ground1.jpg
11:51:42.717 [FXGL Background Thread 1 ] DEBUG AssetLoader          - Loading from disk: /assets/textures/ground2.jpg
11:51:42.783 [FXGL Background Thread 1 ] DEBUG AssetLoader          - Loading from disk: /assets/textures/ground3.jpg
11:51:42.907 [FXGL Background Thread 1 ] DEBUG AssetLoader          - Loading from disk: /assets/textures/ground4.jpg
11:51:42.946 [FXGL Background Thread 1 ] DEBUG AssetLoader          - Loading from disk: /assets/textures/ground5.jpg
11:51:43.483 [FXGL Background Thread 1 ] DEBUG AssetLoader          - Loading from disk: /assets/textures/invaders.png
11:51:43.484 [FXGL Background Thread 1 ] DEBUG AssetLoader          - Loading from disk: /assets/textures/lancherLoading.gif
11:51:43.498 [FXGL Background Thread 1 ] DEBUG AssetLoader          - Loading from disk: /assets/textures/launcherIcon.png
11:51:43.619 [FXGL Background Thread 1 ] DEBUG AssetLoader          - Loading from disk: /assets/textures/snakeClassic.png
11:51:43.621 [FXGL Background Thread 1 ] DEBUG AssetLoader          - Loading from disk: /assets/textures/snakeClassicPreview.gif
11:51:45.760 [FXGL Background Thread 1 ] DEBUG AssetLoader          - Loading from disk: /assets/textures/snakeClassicPreview.png
11:51:45.787 [FXGL Background Thread 1 ] DEBUG AssetLoader          - Loading from disk: /assets/textures/snakePreview.png
11:51:45.832 [FXGL Background Thread 1 ] DEBUG AssetLoader          - Loading from cache: /assets/textures/snake_head.png
11:51:45.833 [FXGL Background Thread 1 ] DEBUG AssetLoader          - Loading from disk: /assets/textures/spaceInvadersPreview.png
11:51:45.874 [FXGL Background Thread 1 ] DEBUG AssetLoader          - Loading from disk: /assets/textures/stone.png
11:51:45.907 [FXGL Background Thread 1 ] DEBUG AssetLoader          - Loading from disk: /assets/textures/tail.png
11:51:46.450 [FXGL Background Thread 1 ] DEBUG AssetLoader          - Loading from disk: /assets/ui/fonts/jungle_roar_bold.ttf
11:51:46.656 [FXGL Background Thread 1 ] DEBUG AssetLoader          - Caching complete. Size: 71
11:51:46.658 [FXGL Background Thread 1 ] DEBUG AssetLoader          - Loading from cache: /assets/music/world1_music.mp3
11:51:46.658 [FXGL Background Thread 1 ] DEBUG AudioPlayer          - Playing music com.almasb.fxgl.audio.Music@1a8381a1
11:51:46.744 [FXGL Background Thread 1 ] DEBUG AssetLoader          - Loading from cache: /assets/music/world1_music.mp3
11:51:46.744 [FXGL Background Thread 1 ] DEBUG AudioPlayer          - Playing music com.almasb.fxgl.audio.Music@1a8381a1
11:51:46.801 [FXGL Background Thread 1 ] DEBUG GameScene            - Creating render group for layer: DEFAULT(100000)
11:51:46.804 [FXGL Background Thread 1 ] DEBUG AssetLoader          - Loading from cache: /assets/ui/fonts/jungle_roar_bold.ttf
11:51:46.898 [FXGL Background Thread 1 ] DEBUG GameScene            - Creating render group for layer: TOP(2147483647)
11:51:46.925 [FXGL Background Thread 1 ] DEBUG InitAppTask          - Initializing Physics
11:51:46.925 [FXGL Background Thread 1 ] DEBUG InitAppTask          - Initializing UI
11:51:46.926 [FXGL Background Thread 1 ] DEBUG AssetLoader          - Loading from cache: /assets/ui/fonts/jungle_roar_bold.ttf
11:51:46.926 [FXGL Background Thread 1 ] DEBUG InitAppTask          - Initialization Complete
11:51:46.927 [FXGL Background Thread 1 ] INFO  InitAppTask          - Game initialization took: 5,087 sec
11:51:46.931 [JavaFX Application Thread] DEBUG Input                - Clearing active input actions
11:51:46.931 [JavaFX Application Thread] DEBUG AssetLoader          - Loading from disk: /assets/ui/css/fxgl_dark.css
11:51:46.944 [JavaFX Application Thread] DEBUG AppStateMachine      - LoadingState -> PlayState
11:52:23.733 [JavaFX Application Thread] DEBUG AssetLoader          - Loading from cache: /assets/sounds/eat.wav
11:52:24.132 [JavaFX Application Thread] DEBUG AssetLoader          - Loading from cache: /assets/sounds/eat.wav
11:52:26.324 [JavaFX Application Thread] DEBUG AssetLoader          - Loading from cache: /assets/sounds/eat.wav
11:52:28.852 [JavaFX Application Thread] DEBUG AssetLoader          - Loading from cache: /assets/sounds/eat.wav
11:52:30.324 [JavaFX Application Thread] DEBUG AudioPlayer          - Stopping music com.almasb.fxgl.audio.Music@1a8381a1
11:52:30.376 [JavaFX Application Thread] DEBUG AudioPlayer          - Stopping music com.almasb.fxgl.audio.Music@1a8381a1
11:52:30.376 [JavaFX Application Thread] DEBUG AssetLoader          - Loading from cache: /assets/sounds/snake_death.wav
11:52:30.868 [JavaFX Application Thread] FATAL FXGL                 - Uncaught Exception:

Fatal exception occurred: java.lang.IndexOutOfBoundsException : Index 0 out-of-bounds for length 0
E: java.base/jdk.internal.util.Preconditions.outOfBounds(Preconditions.java:64)
E: java.base/jdk.internal.util.Preconditions.outOfBoundsCheckIndex(Preconditions.java:70)
E: java.base/jdk.internal.util.Preconditions.checkIndex(Preconditions.java:248)
E: java.base/java.util.Objects.checkIndex(Objects.java:372)
E: java.base/java.util.ArrayList.get(ArrayList.java:440)
E: games.snakeevolution.Snake$4$1.run(Snake.java:224)
E: com.almasb.fxgl.time.TimerAction.update(TimerAction.kt:69)
E: com.almasb.fxgl.time.Timer.update(Timer.kt:38)
E: com.almasb.fxgl.app.State.update(State.java:72)
E: com.almasb.fxgl.app.AppStateMachine.onUpdate(AppStateMachine.java:100)
E: com.almasb.fxgl.app.FXGL.loop(FXGL.kt:356)
E: com.almasb.fxgl.app.FXGL.access$loop(FXGL.kt:54)
E: com.almasb.fxgl.app.FXGL$loop$1.accept(FXGL.kt:78)
E: com.almasb.fxgl.app.FXGL$loop$1.accept(FXGL.kt:54)
E: com.almasb.fxgl.app.LoopRunner.frame(LoopRunner.kt:88)
E: com.almasb.fxgl.app.LoopRunner.access$frame(LoopRunner.kt:19)
E: com.almasb.fxgl.app.LoopRunner$impl$2$1.handle(LoopRunner.kt:39)
E: javafx.graphics/javafx.animation.AnimationTimer$AnimationTimerReceiver.lambda$handle$0(AnimationTimer.java:57)
E: java.base/java.security.AccessController.doPrivileged(Native Method)
E: javafx.graphics/javafx.animation.AnimationTimer$AnimationTimerReceiver.handle(AnimationTimer.java:56)
E: javafx.graphics/com.sun.scenario.animation.AbstractMasterTimer.timePulseImpl(AbstractMasterTimer.java:357)
E: javafx.graphics/com.sun.scenario.animation.AbstractMasterTimer$MainLoop.run(AbstractMasterTimer.java:267)
E: javafx.graphics/com.sun.javafx.tk.quantum.QuantumToolkit.pulse(QuantumToolkit.java:514)
E: javafx.graphics/com.sun.javafx.tk.quantum.QuantumToolkit.pulse(QuantumToolkit.java:498)
E: javafx.graphics/com.sun.javafx.tk.quantum.QuantumToolkit.pulseFromQueue(QuantumToolkit.java:491)
E: javafx.graphics/com.sun.javafx.tk.quantum.QuantumToolkit.lambda$runToolkit$11(QuantumToolkit.java:319)
E: javafx.graphics/com.sun.glass.ui.InvokeLaterDispatcher$Future.run(InvokeLaterDispatcher.java:96)
E: javafx.graphics/com.sun.glass.ui.win.WinApplication._runLoop(Native Method)
E: javafx.graphics/com.sun.glass.ui.win.WinApplication.lambda$runLoop$3(WinApplication.java:175)
E: java.base/java.lang.Thread.run(Thread.java:844)

11:52:30.869 [JavaFX Application Thread] FATAL FXGL                 - Application will now exit
11:52:30.869 [JavaFX Application Thread] DEBUG LoopRunner           - Stopping loop
11:52:42.064 [JavaFX Application Thread] DEBUG FXGL                 - Exiting FXGL
11:52:42.064 [JavaFX Application Thread] DEBUG FXGL                 - Shutting down background threads
11:52:42.064 [JavaFX Application Thread] DEBUG FXGL                 - Saving FXGL system data
11:52:42.069 [JavaFX Application Thread] DEBUG DesktopFSService     - Writing to: system\fxgl.bundle
11:52:42.078 [JavaFX Application Thread] DEBUG FXGL                 - Closing logger and exiting JavaFX
