11:01:09.867 [JavaFX Application Thread] DEBUG GameApplication      - Logger initialized
11:01:09.890 [JavaFX Application Thread] DEBUG GameApplication      - Logging settings
Title: SNAKE CLASSIC
Version: 1.0
Width: 576
Height: 576
Fullscreen: true
Intro: false
Menus: false
Profiling: false
Single step:false
App Mode: DEVELOPER
Menu Key: ESCAPE
Stage Style: DECORATED
Scene Factory: class com.almasb.fxgl.scene.SceneFactory
Dialog Factory: class com.almasb.fxgl.ui.FXGLDialogFactory
UI Factory: class com.almasb.fxgl.ui.FXGLUIFactory
Notification Service: class com.almasb.fxgl.gameplay.notification.XboxNotificationView
Exception Handler: class com.almasb.fxgl.app.FXGLExceptionHandler
11:01:09.890 [JavaFX Application Thread] DEBUG GameApplication      - Starting FXGL
11:01:09.911 [JavaFX Application Thread] INFO  FXGL                 - FXGL-0.5.4 on DESKTOP
11:01:09.912 [JavaFX Application Thread] INFO  FXGL                 - Source code and latest versions at: https://github.com/AlmasB/FXGL
11:01:09.912 [JavaFX Application Thread] INFO  FXGL                 -              Join the FXGL chat at: https://gitter.im/AlmasB/FXGL
11:01:09.913 [JavaFX Application Thread] DEBUG FXGL                 - FXGL started
11:01:09.913 [JavaFX Application Thread] DEBUG FXGL                 - Initializing FXGL
11:01:09.983 [JavaFX Application Thread] DEBUG AssetLoader          - Loading from disk: /assets/ui/cursors/fxgl_default.png
11:01:10.112 [JavaFX Application Thread] DEBUG AssetLoader          - Loading from disk: /assets/ui/fonts/VarelaRound-Regular.ttf
11:01:10.486 [JavaFX Application Thread] DEBUG MainWindow           - Creating a JavaFX scene
11:01:10.527 [JavaFX Application Thread] DEBUG MainWindow           - Target settings size: 576.0 x 576.0
11:01:10.527 [JavaFX Application Thread] DEBUG MainWindow           - Scaled scene size:    576.0 x 576.0
11:01:10.527 [JavaFX Application Thread] DEBUG MainWindow           - Scaled ratio: (1.0, 1.0)
11:01:10.530 [JavaFX Application Thread] DEBUG AssetLoader          - Loading from disk: /assets/ui/css/fxgl_dark.css
11:01:10.534 [JavaFX Application Thread] DEBUG AssetLoader          - Loading from disk: /assets/textures/snakeClassic.png
11:01:10.538 [JavaFX Application Thread] DEBUG MainWindow           - Opening main window
11:01:10.716 [JavaFX Application Thread] DEBUG MainWindow           - Window border size: (16.0, 39.0)
11:01:10.717 [JavaFX Application Thread] DEBUG MainWindow           - Scaled size: 576.0 x 576.0
11:01:10.717 [JavaFX Application Thread] DEBUG MainWindow           - Scaled ratio: (1.0, 1.0)
11:01:10.717 [JavaFX Application Thread] DEBUG MainWindow           - Scene size: 576.0 x 576.0
11:01:10.718 [JavaFX Application Thread] DEBUG MainWindow           - Stage size: 592.0 x 615.0
11:01:10.891 [ForkJoinPool.commonPool-worker-1] DEBUG FS                   - Loaded DesktopFSService
11:01:10.892 [ForkJoinPool.commonPool-worker-1] DEBUG FXGL                 - Loading FXGL system data
11:01:10.911 [ForkJoinPool.commonPool-worker-1] DEBUG DesktopFSService     - Reading from: system\fxgl.bundle
11:01:10.952 [ForkJoinPool.commonPool-worker-1] DEBUG Bundle               - Logging bundle: FXGL
11:01:10.954 [ForkJoinPool.commonPool-worker-1] DEBUG Bundle               - FXGL.offline.timer.version.check=2019-02-12T16:04:54.598570800
11:01:10.956 [ForkJoinPool.commonPool-worker-1] DEBUG FXGL                 - Initializing state machine and application states
11:01:10.963 [ForkJoinPool.commonPool-worker-1] DEBUG AssetLoader          - Loading from disk: /assets/ui/cursors/fxgl_default.png
11:01:11.009 [ForkJoinPool.commonPool-worker-1] DEBUG AssetLoader          - Loading from disk: /assets/ui/cursors/fxgl_default.png
11:01:11.028 [ForkJoinPool.commonPool-worker-1] DEBUG AssetLoader          - Loading from cache: /assets/ui/fonts/VarelaRound-Regular.ttf
11:01:11.035 [ForkJoinPool.commonPool-worker-1] DEBUG AssetLoader          - Loading from disk: /assets/ui/cursors/fxgl_default.png
11:01:11.046 [ForkJoinPool.commonPool-worker-1] DEBUG GameScene            - Game scene initialized: 576x576
11:01:11.059 [ForkJoinPool.commonPool-worker-1] DEBUG GameWorld            - Game world initialized
11:01:11.257 [ForkJoinPool.commonPool-worker-1] DEBUG PhysicsWorld         - Physics world initialized: appHeight=576, physics.ppm=50,0
11:01:11.289 [ForkJoinPool.commonPool-worker-1] DEBUG Input                - Registered new binding: Pause - Esc
11:01:11.384 [JavaFX Application Thread] DEBUG FXGL                 - Running preInit()
11:01:11.386 [JavaFX Application Thread] DEBUG Input                - Registered new binding: Screenshot - P
11:01:11.387 [JavaFX Application Thread] DEBUG Input                - Registered new binding: Dev Options - CTRL+0
11:01:11.388 [JavaFX Application Thread] DEBUG Input                - Registered new binding: System info dump - CTRL+9
11:01:11.388 [JavaFX Application Thread] DEBUG Input                - Registered new binding: Restart - CTRL+R
11:01:11.388 [JavaFX Application Thread] DEBUG Input                - Registered new binding: up - Up
11:01:11.389 [JavaFX Application Thread] DEBUG Input                - Registered new binding: down - Down
11:01:11.389 [JavaFX Application Thread] DEBUG Input                - Registered new binding: right - Right
11:01:11.390 [JavaFX Application Thread] DEBUG Input                - Registered new binding: left - Left
11:01:11.392 [JavaFX Application Thread] INFO  FXGL                 - FXGL initialization took: 1,478 sec
11:01:11.392 [JavaFX Application Thread] DEBUG LoopRunner           - Starting loop
11:01:11.394 [JavaFX Application Thread] DEBUG StartupState         - STARTUP
11:01:11.394 [JavaFX Application Thread] DEBUG GameApplication      - Starting new game
11:01:11.394 [JavaFX Application Thread] DEBUG Input                - Clearing active input actions
11:01:11.397 [JavaFX Application Thread] DEBUG AssetLoader          - Loading from disk: /assets/ui/css/fxgl_dark.css
11:01:11.429 [JavaFX Application Thread] DEBUG AppStateMachine      - StartupState -> LoadingState
11:01:11.439 [FXGL Background Thread 1 ] DEBUG InitAppTask          - Clearing previous game
11:01:11.439 [FXGL Background Thread 1 ] DEBUG GameWorld            - Clearing game world
11:01:11.440 [FXGL Background Thread 1 ] DEBUG PhysicsWorld         - Clearing physics world
11:01:11.440 [FXGL Background Thread 1 ] DEBUG GameScene            - Clearing game scene
11:01:11.443 [FXGL Background Thread 1 ] DEBUG InitAppTask          - Initializing Game
11:01:11.551 [FXGL Background Thread 1 ] DEBUG GameScene            - Creating render group for layer: DEFAULT(100000)
11:01:11.578 [FXGL Background Thread 1 ] DEBUG GameScene            - Creating render group for layer: TOP(2147483647)
11:01:11.606 [FXGL Background Thread 1 ] DEBUG GameScene            - Creating render group for layer: BOTTOM(-2147483648)
11:01:11.608 [FXGL Background Thread 1 ] DEBUG InitAppTask          - Initializing Physics
11:01:11.609 [FXGL Background Thread 1 ] DEBUG InitAppTask          - Initializing UI
11:01:11.609 [FXGL Background Thread 1 ] DEBUG AssetLoader          - Loading from cache: /assets/ui/fonts/VarelaRound-Regular.ttf
11:01:11.610 [FXGL Background Thread 1 ] DEBUG AssetLoader          - Loading from cache: /assets/ui/fonts/VarelaRound-Regular.ttf
11:01:11.616 [FXGL Background Thread 1 ] DEBUG InitAppTask          - Initialization Complete
11:01:11.617 [FXGL Background Thread 1 ] INFO  InitAppTask          - Game initialization took: 0,177 sec
11:01:11.652 [JavaFX Application Thread] DEBUG Input                - Clearing active input actions
11:01:11.653 [JavaFX Application Thread] DEBUG AssetLoader          - Loading from disk: /assets/ui/css/fxgl_dark.css
11:01:11.675 [JavaFX Application Thread] DEBUG AppStateMachine      - LoadingState -> PlayState
11:01:43.620 [JavaFX Application Thread] DEBUG FXGL                 - Exiting FXGL
11:01:43.620 [JavaFX Application Thread] DEBUG FXGL                 - Shutting down background threads
11:01:43.621 [JavaFX Application Thread] DEBUG FXGL                 - Saving FXGL system data
11:01:43.626 [JavaFX Application Thread] DEBUG DesktopFSService     - Writing to: system\fxgl.bundle
11:01:43.637 [JavaFX Application Thread] DEBUG FXGL                 - Closing logger and exiting JavaFX
