11:08:09.694 [JavaFX Application Thread] DEBUG GameApplication      - Logger initialized
11:08:09.718 [JavaFX Application Thread] DEBUG GameApplication      - Logging settings
Title: Sapce Invaders
Version: 0.0.1
Width: 600
Height: 800
Fullscreen: false
Intro: false
Menus: false
Profiling: false
Single step:false
App Mode: DEVELOPER
Menu Key: ESCAPE
Stage Style: DECORATED
Scene Factory: class com.almasb.fxgl.scene.SceneFactory
Dialog Factory: class com.almasb.fxgl.ui.FXGLDialogFactory
UI Factory: class com.almasb.fxgl.ui.FXGLUIFactory
Notification Service: class com.almasb.fxgl.gameplay.notification.XboxNotificationView
Exception Handler: class com.almasb.fxgl.app.FXGLExceptionHandler
11:08:09.718 [JavaFX Application Thread] DEBUG GameApplication      - Starting FXGL
11:08:09.738 [JavaFX Application Thread] INFO  FXGL                 - FXGL-0.5.4 on DESKTOP
11:08:09.739 [JavaFX Application Thread] INFO  FXGL                 - Source code and latest versions at: https://github.com/AlmasB/FXGL
11:08:09.739 [JavaFX Application Thread] INFO  FXGL                 -              Join the FXGL chat at: https://gitter.im/AlmasB/FXGL
11:08:09.739 [JavaFX Application Thread] DEBUG FXGL                 - FXGL started
11:08:09.740 [JavaFX Application Thread] DEBUG FXGL                 - Initializing FXGL
11:08:09.806 [JavaFX Application Thread] DEBUG AssetLoader          - Loading from disk: /assets/ui/cursors/fxgl_default.png
11:08:09.939 [JavaFX Application Thread] DEBUG AssetLoader          - Loading from disk: /assets/ui/fonts/VarelaRound-Regular.ttf
11:08:10.302 [JavaFX Application Thread] DEBUG MainWindow           - Creating a JavaFX scene
11:08:10.303 [JavaFX Application Thread] DEBUG MainWindow           - Target size > screen size
11:08:10.339 [JavaFX Application Thread] DEBUG MainWindow           - Target settings size: 600.0 x 800.0
11:08:10.339 [JavaFX Application Thread] DEBUG MainWindow           - Scaled scene size:    521.0 x 728.0
11:08:10.339 [JavaFX Application Thread] DEBUG MainWindow           - Scaled ratio: (0.8683333333333333, 0.91)
11:08:10.342 [JavaFX Application Thread] DEBUG AssetLoader          - Loading from disk: /assets/ui/css/fxgl_dark.css
11:08:10.346 [JavaFX Application Thread] DEBUG AssetLoader          - Loading from disk: /assets/textures/invaders.png
11:08:10.349 [JavaFX Application Thread] DEBUG MainWindow           - Opening main window
11:08:10.532 [JavaFX Application Thread] DEBUG MainWindow           - Window border size: (16.0, 39.0)
11:08:10.532 [JavaFX Application Thread] DEBUG MainWindow           - Scaled size: 521.0 x 728.0
11:08:10.533 [JavaFX Application Thread] DEBUG MainWindow           - Scaled ratio: (0.8683333333333333, 0.91)
11:08:10.533 [JavaFX Application Thread] DEBUG MainWindow           - Scene size: 521.0 x 728.0
11:08:10.533 [JavaFX Application Thread] DEBUG MainWindow           - Stage size: 537.0 x 767.0
11:08:10.646 [ForkJoinPool.commonPool-worker-1] DEBUG FS                   - Loaded DesktopFSService
11:08:10.648 [ForkJoinPool.commonPool-worker-1] DEBUG FXGL                 - Loading FXGL system data
11:08:10.672 [ForkJoinPool.commonPool-worker-1] DEBUG DesktopFSService     - Reading from: system\fxgl.bundle
11:08:10.691 [ForkJoinPool.commonPool-worker-1] DEBUG Bundle               - Logging bundle: FXGL
11:08:10.693 [ForkJoinPool.commonPool-worker-1] DEBUG Bundle               - FXGL.offline.timer.version.check=2019-02-12T16:04:54.598570800
11:08:10.694 [ForkJoinPool.commonPool-worker-1] DEBUG FXGL                 - Initializing state machine and application states
11:08:10.698 [ForkJoinPool.commonPool-worker-1] DEBUG AssetLoader          - Loading from disk: /assets/ui/cursors/fxgl_default.png
11:08:10.729 [ForkJoinPool.commonPool-worker-1] DEBUG AssetLoader          - Loading from disk: /assets/ui/cursors/fxgl_default.png
11:08:10.747 [ForkJoinPool.commonPool-worker-1] DEBUG AssetLoader          - Loading from cache: /assets/ui/fonts/VarelaRound-Regular.ttf
11:08:10.758 [ForkJoinPool.commonPool-worker-1] DEBUG AssetLoader          - Loading from disk: /assets/ui/cursors/fxgl_default.png
11:08:10.776 [ForkJoinPool.commonPool-worker-1] DEBUG GameScene            - Game scene initialized: 600x800
11:08:10.788 [ForkJoinPool.commonPool-worker-1] DEBUG GameWorld            - Game world initialized
11:08:10.960 [ForkJoinPool.commonPool-worker-1] DEBUG PhysicsWorld         - Physics world initialized: appHeight=800, physics.ppm=50,0
11:08:10.983 [ForkJoinPool.commonPool-worker-1] DEBUG Input                - Registered new binding: Pause - Esc
11:08:11.090 [JavaFX Application Thread] DEBUG FXGL                 - Running preInit()
11:08:11.092 [JavaFX Application Thread] DEBUG Input                - Registered new binding: Screenshot - P
11:08:11.092 [JavaFX Application Thread] DEBUG Input                - Registered new binding: Dev Options - CTRL+0
11:08:11.093 [JavaFX Application Thread] DEBUG Input                - Registered new binding: System info dump - CTRL+9
11:08:11.093 [JavaFX Application Thread] DEBUG Input                - Registered new binding: Restart - CTRL+R
11:08:11.093 [JavaFX Application Thread] DEBUG Input                - Registered new binding: Move Left - A
11:08:11.094 [JavaFX Application Thread] DEBUG Input                - Registered new binding: Move Right - D
11:08:11.094 [JavaFX Application Thread] DEBUG Input                - Registered new binding: Shoot - Space
11:08:11.095 [JavaFX Application Thread] INFO  FXGL                 - FXGL initialization took: 1,355 sec
11:08:11.095 [JavaFX Application Thread] DEBUG LoopRunner           - Starting loop
11:08:11.096 [JavaFX Application Thread] DEBUG StartupState         - STARTUP
11:08:11.097 [JavaFX Application Thread] DEBUG GameApplication      - Starting new game
11:08:11.097 [JavaFX Application Thread] DEBUG Input                - Clearing active input actions
11:08:11.098 [JavaFX Application Thread] DEBUG AssetLoader          - Loading from disk: /assets/ui/css/fxgl_dark.css
11:08:11.114 [JavaFX Application Thread] DEBUG AppStateMachine      - StartupState -> LoadingState
11:08:11.121 [FXGL Background Thread 1 ] DEBUG InitAppTask          - Clearing previous game
11:08:11.121 [FXGL Background Thread 1 ] DEBUG GameWorld            - Clearing game world
11:08:11.121 [FXGL Background Thread 1 ] DEBUG PhysicsWorld         - Clearing physics world
11:08:11.121 [FXGL Background Thread 1 ] DEBUG GameScene            - Clearing game scene
11:08:11.123 [FXGL Background Thread 1 ] DEBUG InitAppTask          - Initializing Game
11:08:11.283 [FXGL Background Thread 1 ] DEBUG GameScene            - Creating render group for layer: DEFAULT(100000)
11:08:11.457 [FXGL Background Thread 1 ] DEBUG AudioPlayer          - Playing music com.almasb.fxgl.audio.Music@45233a69
11:08:11.655 [FXGL Background Thread 1 ] DEBUG GameScene            - Creating render group for layer: BACKGROUND(1000)
11:08:11.656 [FXGL Background Thread 1 ] DEBUG InitAppTask          - Initializing Physics
11:08:11.657 [FXGL Background Thread 1 ] DEBUG InitAppTask          - Initializing UI
11:08:11.658 [FXGL Background Thread 1 ] DEBUG InitAppTask          - Initialization Complete
11:08:11.658 [FXGL Background Thread 1 ] INFO  InitAppTask          - Game initialization took: 0,537 sec
11:08:11.665 [JavaFX Application Thread] DEBUG Input                - Clearing active input actions
11:08:11.665 [JavaFX Application Thread] DEBUG AssetLoader          - Loading from disk: /assets/ui/css/fxgl_dark.css
11:08:11.700 [JavaFX Application Thread] DEBUG AppStateMachine      - LoadingState -> PlayState
11:08:11.909 [JavaFX Application Thread] DEBUG FXGL                 - Exiting FXGL
11:08:11.909 [JavaFX Application Thread] DEBUG FXGL                 - Shutting down background threads
11:08:11.910 [JavaFX Application Thread] DEBUG FXGL                 - Saving FXGL system data
11:08:11.913 [JavaFX Application Thread] DEBUG DesktopFSService     - Writing to: system\fxgl.bundle
11:08:11.917 [JavaFX Application Thread] DEBUG FXGL                 - Closing logger and exiting JavaFX
