12:03:56.656 [JavaFX Application Thread] DEBUG GameApplication      - Logger initialized
12:03:56.679 [JavaFX Application Thread] DEBUG GameApplication      - Logging settings
Title: Pong
Version: 0.0
Width: 700
Height: 550
Fullscreen: false
Intro: false
Menus: false
Profiling: false
Single step:false
App Mode: DEVELOPER
Menu Key: ESCAPE
Stage Style: DECORATED
Scene Factory: class com.almasb.fxgl.scene.SceneFactory
Dialog Factory: class com.almasb.fxgl.ui.FXGLDialogFactory
UI Factory: class com.almasb.fxgl.ui.FXGLUIFactory
Notification Service: class com.almasb.fxgl.gameplay.notification.XboxNotificationView
Exception Handler: class com.almasb.fxgl.app.FXGLExceptionHandler
12:03:56.680 [JavaFX Application Thread] DEBUG GameApplication      - Starting FXGL
12:03:56.701 [JavaFX Application Thread] INFO  FXGL                 - FXGL-0.5.4 on DESKTOP
12:03:56.702 [JavaFX Application Thread] INFO  FXGL                 - Source code and latest versions at: https://github.com/AlmasB/FXGL
12:03:56.703 [JavaFX Application Thread] INFO  FXGL                 -              Join the FXGL chat at: https://gitter.im/AlmasB/FXGL
12:03:56.703 [JavaFX Application Thread] DEBUG FXGL                 - FXGL started
12:03:56.703 [JavaFX Application Thread] DEBUG FXGL                 - Initializing FXGL
12:03:56.760 [JavaFX Application Thread] DEBUG AssetLoader          - Loading from disk: /assets/ui/cursors/fxgl_default.png
12:03:56.902 [JavaFX Application Thread] DEBUG AssetLoader          - Loading from disk: /assets/ui/fonts/VarelaRound-Regular.ttf
12:03:57.273 [JavaFX Application Thread] DEBUG MainWindow           - Creating a JavaFX scene
12:03:57.322 [JavaFX Application Thread] DEBUG MainWindow           - Target settings size: 700.0 x 550.0
12:03:57.323 [JavaFX Application Thread] DEBUG MainWindow           - Scaled scene size:    700.0 x 550.0
12:03:57.323 [JavaFX Application Thread] DEBUG MainWindow           - Scaled ratio: (1.0, 1.0)
12:03:57.326 [JavaFX Application Thread] DEBUG AssetLoader          - Loading from disk: /assets/ui/css/fxgl_dark.css
12:03:57.330 [JavaFX Application Thread] DEBUG AssetLoader          - Loading from disk: /assets/textures/fxgl_icon.png
12:03:57.353 [JavaFX Application Thread] DEBUG MainWindow           - Opening main window
12:03:57.567 [JavaFX Application Thread] DEBUG MainWindow           - Window border size: (16.0, 39.0)
12:03:57.568 [JavaFX Application Thread] DEBUG MainWindow           - Scaled size: 700.0 x 550.0
12:03:57.568 [JavaFX Application Thread] DEBUG MainWindow           - Scaled ratio: (1.0, 1.0)
12:03:57.568 [JavaFX Application Thread] DEBUG MainWindow           - Scene size: 700.0 x 550.0
12:03:57.569 [JavaFX Application Thread] DEBUG MainWindow           - Stage size: 716.0 x 589.0
12:03:57.694 [ForkJoinPool.commonPool-worker-1] DEBUG FS                   - Loaded DesktopFSService
12:03:57.695 [ForkJoinPool.commonPool-worker-1] DEBUG FXGL                 - Loading FXGL system data
12:03:57.720 [ForkJoinPool.commonPool-worker-1] DEBUG DesktopFSService     - Reading from: system\fxgl.bundle
12:03:57.741 [ForkJoinPool.commonPool-worker-1] DEBUG Bundle               - Logging bundle: FXGL
12:03:57.743 [ForkJoinPool.commonPool-worker-1] DEBUG Bundle               - FXGL.offline.timer.version.check=2019-02-12T16:04:54.598570800
12:03:57.744 [ForkJoinPool.commonPool-worker-1] DEBUG FXGL                 - Initializing state machine and application states
12:03:57.753 [ForkJoinPool.commonPool-worker-1] DEBUG AssetLoader          - Loading from disk: /assets/ui/cursors/fxgl_default.png
12:03:57.780 [ForkJoinPool.commonPool-worker-1] DEBUG AssetLoader          - Loading from disk: /assets/ui/cursors/fxgl_default.png
12:03:57.792 [ForkJoinPool.commonPool-worker-1] DEBUG AssetLoader          - Loading from cache: /assets/ui/fonts/VarelaRound-Regular.ttf
12:03:57.799 [ForkJoinPool.commonPool-worker-1] DEBUG AssetLoader          - Loading from disk: /assets/ui/cursors/fxgl_default.png
12:03:57.805 [ForkJoinPool.commonPool-worker-1] DEBUG GameScene            - Game scene initialized: 700x550
12:03:57.820 [ForkJoinPool.commonPool-worker-1] DEBUG GameWorld            - Game world initialized
12:03:57.948 [ForkJoinPool.commonPool-worker-1] DEBUG PhysicsWorld         - Physics world initialized: appHeight=550, physics.ppm=50,0
12:03:57.975 [ForkJoinPool.commonPool-worker-1] DEBUG Input                - Registered new binding: Pause - Esc
12:03:58.043 [JavaFX Application Thread] DEBUG FXGL                 - Running preInit()
12:03:58.045 [JavaFX Application Thread] DEBUG Input                - Registered new binding: Screenshot - P
12:03:58.045 [JavaFX Application Thread] DEBUG Input                - Registered new binding: Dev Options - CTRL+0
12:03:58.046 [JavaFX Application Thread] DEBUG Input                - Registered new binding: System info dump - CTRL+9
12:03:58.047 [JavaFX Application Thread] DEBUG Input                - Registered new binding: Restart - CTRL+R
12:03:58.048 [JavaFX Application Thread] DEBUG Input                - Registered new binding: Up 1 - W
12:03:58.048 [JavaFX Application Thread] DEBUG Input                - Registered new binding: Down 1 - S
12:03:58.048 [JavaFX Application Thread] DEBUG Input                - Registered new binding: Up 2 - Up
12:03:58.048 [JavaFX Application Thread] DEBUG Input                - Registered new binding: Down 2 - Down
12:03:58.049 [JavaFX Application Thread] INFO  FXGL                 - FXGL initialization took: 1,346 sec
12:03:58.050 [JavaFX Application Thread] DEBUG LoopRunner           - Starting loop
12:03:58.051 [JavaFX Application Thread] DEBUG StartupState         - STARTUP
12:03:58.052 [JavaFX Application Thread] DEBUG GameApplication      - Starting new game
12:03:58.052 [JavaFX Application Thread] DEBUG Input                - Clearing active input actions
12:03:58.053 [JavaFX Application Thread] DEBUG AssetLoader          - Loading from disk: /assets/ui/css/fxgl_dark.css
12:03:58.068 [JavaFX Application Thread] DEBUG AppStateMachine      - StartupState -> LoadingState
12:03:58.074 [FXGL Background Thread 1 ] DEBUG InitAppTask          - Clearing previous game
12:03:58.074 [FXGL Background Thread 1 ] DEBUG GameWorld            - Clearing game world
12:03:58.074 [FXGL Background Thread 1 ] DEBUG PhysicsWorld         - Clearing physics world
12:03:58.074 [FXGL Background Thread 1 ] DEBUG GameScene            - Clearing game scene
12:03:58.076 [FXGL Background Thread 1 ] DEBUG InitAppTask          - Initializing Game
12:03:58.135 [FXGL Background Thread 1 ] DEBUG GameScene            - Creating render group for layer: BOTTOM(-2147483648)
12:03:58.142 [FXGL Background Thread 1 ] DEBUG GameScene            - Creating render group for layer: DEFAULT(100000)
12:03:58.164 [FXGL Background Thread 1 ] DEBUG InitAppTask          - Initializing Physics
12:03:58.165 [FXGL Background Thread 1 ] DEBUG InitAppTask          - Initializing UI
12:03:58.165 [FXGL Background Thread 1 ] DEBUG AssetLoader          - Loading from cache: /assets/ui/fonts/VarelaRound-Regular.ttf
12:03:58.166 [FXGL Background Thread 1 ] DEBUG AssetLoader          - Loading from cache: /assets/ui/fonts/VarelaRound-Regular.ttf
12:03:58.166 [FXGL Background Thread 1 ] DEBUG AssetLoader          - Loading from cache: /assets/ui/fonts/VarelaRound-Regular.ttf
12:03:58.166 [FXGL Background Thread 1 ] DEBUG AssetLoader          - Loading from cache: /assets/ui/fonts/VarelaRound-Regular.ttf
12:03:58.167 [FXGL Background Thread 1 ] DEBUG AssetLoader          - Loading from cache: /assets/ui/fonts/VarelaRound-Regular.ttf
12:03:58.167 [FXGL Background Thread 1 ] DEBUG AssetLoader          - Loading from cache: /assets/ui/fonts/VarelaRound-Regular.ttf
12:03:58.173 [FXGL Background Thread 1 ] DEBUG InitAppTask          - Initialization Complete
12:03:58.173 [FXGL Background Thread 1 ] INFO  InitAppTask          - Game initialization took: 0,099 sec
12:03:58.219 [JavaFX Application Thread] DEBUG Input                - Clearing active input actions
12:03:58.220 [JavaFX Application Thread] DEBUG AssetLoader          - Loading from disk: /assets/ui/css/fxgl_dark.css
12:03:58.239 [JavaFX Application Thread] DEBUG AppStateMachine      - LoadingState -> PlayState
12:04:06.281 [JavaFX Application Thread] DEBUG AssetLoader          - Loading from cache: /assets/sounds/ball_explosion.wav
12:04:11.294 [JavaFX Application Thread] DEBUG AssetLoader          - Loading from cache: /assets/sounds/ball_explosion.wav
12:04:16.285 [JavaFX Application Thread] DEBUG AssetLoader          - Loading from cache: /assets/sounds/ball_explosion.wav
12:04:21.229 [JavaFX Application Thread] DEBUG AssetLoader          - Loading from cache: /assets/sounds/ball_explosion.wav
12:04:26.173 [JavaFX Application Thread] DEBUG AssetLoader          - Loading from cache: /assets/sounds/ball_explosion.wav
12:04:31.182 [JavaFX Application Thread] DEBUG AssetLoader          - Loading from cache: /assets/sounds/ball_explosion.wav
12:04:36.125 [JavaFX Application Thread] DEBUG AssetLoader          - Loading from cache: /assets/sounds/ball_explosion.wav
12:04:41.069 [JavaFX Application Thread] DEBUG AssetLoader          - Loading from cache: /assets/sounds/ball_explosion.wav
12:04:46.013 [JavaFX Application Thread] DEBUG AssetLoader          - Loading from cache: /assets/sounds/ball_explosion.wav
12:04:51.021 [JavaFX Application Thread] DEBUG AssetLoader          - Loading from cache: /assets/sounds/ball_explosion.wav
12:04:56.013 [JavaFX Application Thread] DEBUG AssetLoader          - Loading from cache: /assets/sounds/ball_explosion.wav
12:05:00.975 [JavaFX Application Thread] DEBUG AssetLoader          - Loading from cache: /assets/sounds/ball_explosion.wav
12:05:05.965 [JavaFX Application Thread] DEBUG AssetLoader          - Loading from cache: /assets/sounds/ball_explosion.wav
12:05:10.909 [JavaFX Application Thread] DEBUG AssetLoader          - Loading from cache: /assets/sounds/ball_explosion.wav
12:05:15.853 [JavaFX Application Thread] DEBUG AssetLoader          - Loading from cache: /assets/sounds/ball_explosion.wav
12:05:20.797 [JavaFX Application Thread] DEBUG AssetLoader          - Loading from cache: /assets/sounds/ball_explosion.wav
12:05:25.805 [JavaFX Application Thread] DEBUG AssetLoader          - Loading from cache: /assets/sounds/ball_explosion.wav
12:05:30.749 [JavaFX Application Thread] DEBUG AssetLoader          - Loading from cache: /assets/sounds/ball_explosion.wav
12:05:35.692 [JavaFX Application Thread] DEBUG AssetLoader          - Loading from cache: /assets/sounds/ball_explosion.wav
12:05:40.702 [JavaFX Application Thread] DEBUG AssetLoader          - Loading from cache: /assets/sounds/ball_explosion.wav
12:05:45.645 [JavaFX Application Thread] DEBUG AssetLoader          - Loading from cache: /assets/sounds/ball_explosion.wav
12:05:50.589 [JavaFX Application Thread] DEBUG AssetLoader          - Loading from cache: /assets/sounds/ball_explosion.wav
12:05:55.598 [JavaFX Application Thread] DEBUG AssetLoader          - Loading from cache: /assets/sounds/ball_explosion.wav
12:06:00.590 [JavaFX Application Thread] DEBUG AssetLoader          - Loading from cache: /assets/sounds/ball_explosion.wav
12:06:05.581 [JavaFX Application Thread] DEBUG AssetLoader          - Loading from cache: /assets/sounds/ball_explosion.wav
12:06:10.606 [JavaFX Application Thread] DEBUG AssetLoader          - Loading from cache: /assets/sounds/ball_explosion.wav
12:06:15.597 [JavaFX Application Thread] DEBUG AssetLoader          - Loading from cache: /assets/sounds/ball_explosion.wav
12:06:20.589 [JavaFX Application Thread] DEBUG AssetLoader          - Loading from cache: /assets/sounds/ball_explosion.wav
12:06:25.597 [JavaFX Application Thread] DEBUG AssetLoader          - Loading from cache: /assets/sounds/ball_explosion.wav
12:06:30.541 [JavaFX Application Thread] DEBUG AssetLoader          - Loading from cache: /assets/sounds/ball_explosion.wav
12:06:35.532 [JavaFX Application Thread] DEBUG AssetLoader          - Loading from cache: /assets/sounds/ball_explosion.wav
12:06:40.542 [JavaFX Application Thread] DEBUG AssetLoader          - Loading from cache: /assets/sounds/ball_explosion.wav
12:06:45.533 [JavaFX Application Thread] DEBUG AssetLoader          - Loading from cache: /assets/sounds/ball_explosion.wav
12:06:50.478 [JavaFX Application Thread] DEBUG AssetLoader          - Loading from cache: /assets/sounds/ball_explosion.wav
12:06:55.486 [JavaFX Application Thread] DEBUG AssetLoader          - Loading from cache: /assets/sounds/ball_explosion.wav
12:07:00.478 [JavaFX Application Thread] DEBUG AssetLoader          - Loading from cache: /assets/sounds/ball_explosion.wav
12:07:05.421 [JavaFX Application Thread] DEBUG AssetLoader          - Loading from cache: /assets/sounds/ball_explosion.wav
12:07:10.365 [JavaFX Application Thread] DEBUG AssetLoader          - Loading from cache: /assets/sounds/ball_explosion.wav
12:07:15.326 [JavaFX Application Thread] DEBUG AssetLoader          - Loading from cache: /assets/sounds/ball_explosion.wav
12:07:20.317 [JavaFX Application Thread] DEBUG AssetLoader          - Loading from cache: /assets/sounds/ball_explosion.wav
12:07:25.309 [JavaFX Application Thread] DEBUG AssetLoader          - Loading from cache: /assets/sounds/ball_explosion.wav
12:07:30.317 [JavaFX Application Thread] DEBUG AssetLoader          - Loading from cache: /assets/sounds/ball_explosion.wav
12:07:35.260 [JavaFX Application Thread] DEBUG AssetLoader          - Loading from cache: /assets/sounds/ball_explosion.wav
12:07:40.253 [JavaFX Application Thread] DEBUG AssetLoader          - Loading from cache: /assets/sounds/ball_explosion.wav
12:07:45.214 [JavaFX Application Thread] DEBUG AssetLoader          - Loading from cache: /assets/sounds/ball_explosion.wav
12:07:50.156 [JavaFX Application Thread] DEBUG AssetLoader          - Loading from cache: /assets/sounds/ball_explosion.wav
12:07:55.102 [JavaFX Application Thread] DEBUG AssetLoader          - Loading from cache: /assets/sounds/ball_explosion.wav
12:08:00.044 [JavaFX Application Thread] DEBUG AssetLoader          - Loading from cache: /assets/sounds/ball_explosion.wav
12:08:05.004 [JavaFX Application Thread] DEBUG AssetLoader          - Loading from cache: /assets/sounds/ball_explosion.wav
12:08:09.949 [JavaFX Application Thread] DEBUG AssetLoader          - Loading from cache: /assets/sounds/ball_explosion.wav
12:08:14.940 [JavaFX Application Thread] DEBUG AssetLoader          - Loading from cache: /assets/sounds/ball_explosion.wav
12:08:19.885 [JavaFX Application Thread] DEBUG AssetLoader          - Loading from cache: /assets/sounds/ball_explosion.wav
12:08:24.941 [JavaFX Application Thread] DEBUG AssetLoader          - Loading from cache: /assets/sounds/ball_explosion.wav
12:08:29.933 [JavaFX Application Thread] DEBUG AssetLoader          - Loading from cache: /assets/sounds/ball_explosion.wav
12:08:34.877 [JavaFX Application Thread] DEBUG AssetLoader          - Loading from cache: /assets/sounds/ball_explosion.wav
12:08:39.885 [JavaFX Application Thread] DEBUG AssetLoader          - Loading from cache: /assets/sounds/ball_explosion.wav
12:08:43.678 [JavaFX Application Thread] DEBUG FXGL                 - Exiting FXGL
12:08:43.679 [JavaFX Application Thread] DEBUG FXGL                 - Shutting down background threads
12:08:43.679 [JavaFX Application Thread] DEBUG FXGL                 - Saving FXGL system data
12:08:43.684 [JavaFX Application Thread] DEBUG DesktopFSService     - Writing to: system\fxgl.bundle
12:08:43.690 [JavaFX Application Thread] DEBUG FXGL                 - Closing logger and exiting JavaFX
