10:41:02.744 [JavaFX Application Thread] DEBUG GameApplication      - Logger initialized
10:41:02.766 [JavaFX Application Thread] DEBUG GameApplication      - Logging settings
Title: SNAKE CLASSIC
Version: 1.0
Width: 576
Height: 576
Fullscreen: true
Intro: false
Menus: false
Profiling: false
Single step:false
App Mode: DEVELOPER
Menu Key: ESCAPE
Stage Style: DECORATED
Scene Factory: class com.almasb.fxgl.scene.SceneFactory
Dialog Factory: class com.almasb.fxgl.ui.FXGLDialogFactory
UI Factory: class com.almasb.fxgl.ui.FXGLUIFactory
Notification Service: class com.almasb.fxgl.gameplay.notification.XboxNotificationView
Exception Handler: class com.almasb.fxgl.app.FXGLExceptionHandler
10:41:02.766 [JavaFX Application Thread] DEBUG GameApplication      - Starting FXGL
10:41:02.783 [JavaFX Application Thread] INFO  FXGL                 - FXGL-0.5.4 on DESKTOP
10:41:02.784 [JavaFX Application Thread] INFO  FXGL                 - Source code and latest versions at: https://github.com/AlmasB/FXGL
10:41:02.785 [JavaFX Application Thread] INFO  FXGL                 -              Join the FXGL chat at: https://gitter.im/AlmasB/FXGL
10:41:02.785 [JavaFX Application Thread] DEBUG FXGL                 - FXGL started
10:41:02.785 [JavaFX Application Thread] DEBUG FXGL                 - Initializing FXGL
10:41:02.856 [JavaFX Application Thread] DEBUG AssetLoader          - Loading from disk: /assets/ui/cursors/fxgl_default.png
10:41:02.981 [JavaFX Application Thread] DEBUG AssetLoader          - Loading from disk: /assets/ui/fonts/VarelaRound-Regular.ttf
10:41:03.320 [JavaFX Application Thread] DEBUG MainWindow           - Creating a JavaFX scene
10:41:03.365 [JavaFX Application Thread] DEBUG MainWindow           - Target settings size: 576.0 x 576.0
10:41:03.365 [JavaFX Application Thread] DEBUG MainWindow           - Scaled scene size:    576.0 x 576.0
10:41:03.366 [JavaFX Application Thread] DEBUG MainWindow           - Scaled ratio: (1.0, 1.0)
10:41:03.369 [JavaFX Application Thread] DEBUG AssetLoader          - Loading from disk: /assets/ui/css/fxgl_dark.css
10:41:03.373 [JavaFX Application Thread] DEBUG AssetLoader          - Loading from disk: /assets/textures/snakeClassic.png
10:41:03.376 [JavaFX Application Thread] DEBUG MainWindow           - Opening main window
10:41:03.582 [JavaFX Application Thread] DEBUG MainWindow           - Window border size: (16.0, 39.0)
10:41:03.582 [JavaFX Application Thread] DEBUG MainWindow           - Scaled size: 576.0 x 576.0
10:41:03.584 [JavaFX Application Thread] DEBUG MainWindow           - Scaled ratio: (1.0, 1.0)
10:41:03.585 [JavaFX Application Thread] DEBUG MainWindow           - Scene size: 576.0 x 576.0
10:41:03.585 [JavaFX Application Thread] DEBUG MainWindow           - Stage size: 592.0 x 615.0
10:41:03.701 [ForkJoinPool.commonPool-worker-1] DEBUG FS                   - Loaded DesktopFSService
10:41:03.702 [ForkJoinPool.commonPool-worker-1] DEBUG FXGL                 - Loading FXGL system data
10:41:03.719 [ForkJoinPool.commonPool-worker-1] DEBUG DesktopFSService     - Reading from: system\fxgl.bundle
10:41:03.762 [ForkJoinPool.commonPool-worker-1] DEBUG Bundle               - Logging bundle: FXGL
10:41:03.765 [ForkJoinPool.commonPool-worker-1] DEBUG Bundle               - FXGL.offline.timer.version.check=2019-02-12T16:04:54.598570800
10:41:03.768 [ForkJoinPool.commonPool-worker-1] DEBUG FXGL                 - Initializing state machine and application states
10:41:03.771 [ForkJoinPool.commonPool-worker-1] DEBUG AssetLoader          - Loading from disk: /assets/ui/cursors/fxgl_default.png
10:41:03.786 [ForkJoinPool.commonPool-worker-1] DEBUG AssetLoader          - Loading from disk: /assets/ui/cursors/fxgl_default.png
10:41:03.803 [ForkJoinPool.commonPool-worker-1] DEBUG AssetLoader          - Loading from cache: /assets/ui/fonts/VarelaRound-Regular.ttf
10:41:03.808 [ForkJoinPool.commonPool-worker-1] DEBUG AssetLoader          - Loading from disk: /assets/ui/cursors/fxgl_default.png
10:41:03.818 [ForkJoinPool.commonPool-worker-1] DEBUG GameScene            - Game scene initialized: 576x576
10:41:03.852 [ForkJoinPool.commonPool-worker-1] DEBUG GameWorld            - Game world initialized
10:41:03.975 [ForkJoinPool.commonPool-worker-1] DEBUG PhysicsWorld         - Physics world initialized: appHeight=576, physics.ppm=50,0
10:41:04.007 [ForkJoinPool.commonPool-worker-1] DEBUG Input                - Registered new binding: Pause - Esc
10:41:04.086 [JavaFX Application Thread] DEBUG FXGL                 - Running preInit()
10:41:04.088 [JavaFX Application Thread] DEBUG Input                - Registered new binding: Screenshot - P
10:41:04.089 [JavaFX Application Thread] DEBUG Input                - Registered new binding: Dev Options - CTRL+0
10:41:04.089 [JavaFX Application Thread] DEBUG Input                - Registered new binding: System info dump - CTRL+9
10:41:04.089 [JavaFX Application Thread] DEBUG Input                - Registered new binding: Restart - CTRL+R
10:41:04.090 [JavaFX Application Thread] DEBUG Input                - Registered new binding: up - Up
10:41:04.090 [JavaFX Application Thread] DEBUG Input                - Registered new binding: down - Down
10:41:04.090 [JavaFX Application Thread] DEBUG Input                - Registered new binding: right - Right
10:41:04.090 [JavaFX Application Thread] DEBUG Input                - Registered new binding: left - Left
10:41:04.091 [JavaFX Application Thread] INFO  FXGL                 - FXGL initialization took: 1,306 sec
10:41:04.091 [JavaFX Application Thread] DEBUG LoopRunner           - Starting loop
10:41:04.093 [JavaFX Application Thread] DEBUG StartupState         - STARTUP
10:41:04.093 [JavaFX Application Thread] DEBUG GameApplication      - Starting new game
10:41:04.093 [JavaFX Application Thread] DEBUG Input                - Clearing active input actions
10:41:04.095 [JavaFX Application Thread] DEBUG AssetLoader          - Loading from disk: /assets/ui/css/fxgl_dark.css
10:41:04.110 [JavaFX Application Thread] DEBUG AppStateMachine      - StartupState -> LoadingState
10:41:04.115 [FXGL Background Thread 1 ] DEBUG InitAppTask          - Clearing previous game
10:41:04.116 [FXGL Background Thread 1 ] DEBUG GameWorld            - Clearing game world
10:41:04.116 [FXGL Background Thread 1 ] DEBUG PhysicsWorld         - Clearing physics world
10:41:04.116 [FXGL Background Thread 1 ] DEBUG GameScene            - Clearing game scene
10:41:04.118 [FXGL Background Thread 1 ] DEBUG InitAppTask          - Initializing Game
10:41:04.183 [FXGL Background Thread 1 ] DEBUG GameScene            - Creating render group for layer: DEFAULT(100000)
10:41:04.203 [FXGL Background Thread 1 ] DEBUG GameScene            - Creating render group for layer: TOP(2147483647)
10:41:04.219 [FXGL Background Thread 1 ] DEBUG GameScene            - Creating render group for layer: BOTTOM(-2147483648)
10:41:04.220 [FXGL Background Thread 1 ] DEBUG InitAppTask          - Initializing Physics
10:41:04.220 [FXGL Background Thread 1 ] DEBUG InitAppTask          - Initializing UI
10:41:04.220 [FXGL Background Thread 1 ] DEBUG AssetLoader          - Loading from cache: /assets/ui/fonts/VarelaRound-Regular.ttf
10:41:04.221 [FXGL Background Thread 1 ] DEBUG AssetLoader          - Loading from cache: /assets/ui/fonts/VarelaRound-Regular.ttf
10:41:04.224 [FXGL Background Thread 1 ] DEBUG InitAppTask          - Initialization Complete
10:41:04.224 [FXGL Background Thread 1 ] INFO  InitAppTask          - Game initialization took: 0,109 sec
10:41:04.249 [JavaFX Application Thread] DEBUG Input                - Clearing active input actions
10:41:04.250 [JavaFX Application Thread] DEBUG AssetLoader          - Loading from disk: /assets/ui/css/fxgl_dark.css
10:41:04.269 [JavaFX Application Thread] DEBUG AppStateMachine      - LoadingState -> PlayState
10:41:09.942 [JavaFX Application Thread] DEBUG FXGL                 - Exiting FXGL
10:41:09.942 [JavaFX Application Thread] DEBUG FXGL                 - Shutting down background threads
10:41:09.942 [JavaFX Application Thread] DEBUG FXGL                 - Saving FXGL system data
10:41:09.946 [JavaFX Application Thread] DEBUG DesktopFSService     - Writing to: system\fxgl.bundle
10:41:09.951 [JavaFX Application Thread] DEBUG FXGL                 - Closing logger and exiting JavaFX
