11:06:47.752 [JavaFX Application Thread] DEBUG GameApplication      - Logger initialized
11:06:47.773 [JavaFX Application Thread] DEBUG GameApplication      - Logging settings
Title: SNAKE CLASSIC
Version: 1.0
Width: 576
Height: 576
Fullscreen: true
Intro: false
Menus: false
Profiling: false
Single step:false
App Mode: DEVELOPER
Menu Key: ESCAPE
Stage Style: DECORATED
Scene Factory: class com.almasb.fxgl.scene.SceneFactory
Dialog Factory: class com.almasb.fxgl.ui.FXGLDialogFactory
UI Factory: class com.almasb.fxgl.ui.FXGLUIFactory
Notification Service: class com.almasb.fxgl.gameplay.notification.XboxNotificationView
Exception Handler: class com.almasb.fxgl.app.FXGLExceptionHandler
11:06:47.773 [JavaFX Application Thread] DEBUG GameApplication      - Starting FXGL
11:06:47.791 [JavaFX Application Thread] INFO  FXGL                 - FXGL-0.5.4 on DESKTOP
11:06:47.793 [JavaFX Application Thread] INFO  FXGL                 - Source code and latest versions at: https://github.com/AlmasB/FXGL
11:06:47.793 [JavaFX Application Thread] INFO  FXGL                 -              Join the FXGL chat at: https://gitter.im/AlmasB/FXGL
11:06:47.794 [JavaFX Application Thread] DEBUG FXGL                 - FXGL started
11:06:47.794 [JavaFX Application Thread] DEBUG FXGL                 - Initializing FXGL
11:06:47.850 [JavaFX Application Thread] DEBUG AssetLoader          - Loading from disk: /assets/ui/cursors/fxgl_default.png
11:06:47.995 [JavaFX Application Thread] DEBUG AssetLoader          - Loading from disk: /assets/ui/fonts/VarelaRound-Regular.ttf
11:06:48.360 [JavaFX Application Thread] DEBUG MainWindow           - Creating a JavaFX scene
11:06:48.402 [JavaFX Application Thread] DEBUG MainWindow           - Target settings size: 576.0 x 576.0
11:06:48.402 [JavaFX Application Thread] DEBUG MainWindow           - Scaled scene size:    576.0 x 576.0
11:06:48.402 [JavaFX Application Thread] DEBUG MainWindow           - Scaled ratio: (1.0, 1.0)
11:06:48.405 [JavaFX Application Thread] DEBUG AssetLoader          - Loading from disk: /assets/ui/css/fxgl_dark.css
11:06:48.410 [JavaFX Application Thread] DEBUG AssetLoader          - Loading from disk: /assets/textures/snakeClassic.png
11:06:48.414 [JavaFX Application Thread] DEBUG MainWindow           - Opening main window
11:06:48.626 [JavaFX Application Thread] DEBUG MainWindow           - Window border size: (16.0, 39.0)
11:06:48.626 [JavaFX Application Thread] DEBUG MainWindow           - Scaled size: 576.0 x 576.0
11:06:48.626 [JavaFX Application Thread] DEBUG MainWindow           - Scaled ratio: (1.0, 1.0)
11:06:48.627 [JavaFX Application Thread] DEBUG MainWindow           - Scene size: 576.0 x 576.0
11:06:48.627 [JavaFX Application Thread] DEBUG MainWindow           - Stage size: 592.0 x 615.0
11:06:48.747 [ForkJoinPool.commonPool-worker-1] DEBUG FS                   - Loaded DesktopFSService
11:06:48.748 [ForkJoinPool.commonPool-worker-1] DEBUG FXGL                 - Loading FXGL system data
11:06:48.768 [ForkJoinPool.commonPool-worker-1] DEBUG DesktopFSService     - Reading from: system\fxgl.bundle
11:06:48.795 [ForkJoinPool.commonPool-worker-1] DEBUG Bundle               - Logging bundle: FXGL
11:06:48.798 [ForkJoinPool.commonPool-worker-1] DEBUG Bundle               - FXGL.offline.timer.version.check=2019-02-12T16:04:54.598570800
11:06:48.799 [ForkJoinPool.commonPool-worker-1] DEBUG FXGL                 - Initializing state machine and application states
11:06:48.802 [ForkJoinPool.commonPool-worker-1] DEBUG AssetLoader          - Loading from disk: /assets/ui/cursors/fxgl_default.png
11:06:48.826 [ForkJoinPool.commonPool-worker-1] DEBUG AssetLoader          - Loading from disk: /assets/ui/cursors/fxgl_default.png
11:06:48.838 [ForkJoinPool.commonPool-worker-1] DEBUG AssetLoader          - Loading from cache: /assets/ui/fonts/VarelaRound-Regular.ttf
11:06:48.842 [ForkJoinPool.commonPool-worker-1] DEBUG AssetLoader          - Loading from disk: /assets/ui/cursors/fxgl_default.png
11:06:48.851 [ForkJoinPool.commonPool-worker-1] DEBUG GameScene            - Game scene initialized: 576x576
11:06:48.864 [ForkJoinPool.commonPool-worker-1] DEBUG GameWorld            - Game world initialized
11:06:49.006 [ForkJoinPool.commonPool-worker-1] DEBUG PhysicsWorld         - Physics world initialized: appHeight=576, physics.ppm=50,0
11:06:49.039 [ForkJoinPool.commonPool-worker-1] DEBUG Input                - Registered new binding: Pause - Esc
11:06:49.117 [JavaFX Application Thread] DEBUG FXGL                 - Running preInit()
11:06:49.119 [JavaFX Application Thread] DEBUG Input                - Registered new binding: Screenshot - P
11:06:49.120 [JavaFX Application Thread] DEBUG Input                - Registered new binding: Dev Options - CTRL+0
11:06:49.120 [JavaFX Application Thread] DEBUG Input                - Registered new binding: System info dump - CTRL+9
11:06:49.121 [JavaFX Application Thread] DEBUG Input                - Registered new binding: Restart - CTRL+R
11:06:49.121 [JavaFX Application Thread] DEBUG Input                - Registered new binding: up - Up
11:06:49.121 [JavaFX Application Thread] DEBUG Input                - Registered new binding: down - Down
11:06:49.122 [JavaFX Application Thread] DEBUG Input                - Registered new binding: right - Right
11:06:49.122 [JavaFX Application Thread] DEBUG Input                - Registered new binding: left - Left
11:06:49.123 [JavaFX Application Thread] INFO  FXGL                 - FXGL initialization took: 1,329 sec
11:06:49.123 [JavaFX Application Thread] DEBUG LoopRunner           - Starting loop
11:06:49.127 [JavaFX Application Thread] DEBUG StartupState         - STARTUP
11:06:49.127 [JavaFX Application Thread] DEBUG GameApplication      - Starting new game
11:06:49.127 [JavaFX Application Thread] DEBUG Input                - Clearing active input actions
11:06:49.130 [JavaFX Application Thread] DEBUG AssetLoader          - Loading from disk: /assets/ui/css/fxgl_dark.css
11:06:49.143 [JavaFX Application Thread] DEBUG AppStateMachine      - StartupState -> LoadingState
11:06:49.150 [FXGL Background Thread 1 ] DEBUG InitAppTask          - Clearing previous game
11:06:49.150 [FXGL Background Thread 1 ] DEBUG GameWorld            - Clearing game world
11:06:49.150 [FXGL Background Thread 1 ] DEBUG PhysicsWorld         - Clearing physics world
11:06:49.150 [FXGL Background Thread 1 ] DEBUG GameScene            - Clearing game scene
11:06:49.152 [FXGL Background Thread 1 ] DEBUG InitAppTask          - Initializing Game
11:06:49.209 [FXGL Background Thread 1 ] DEBUG GameScene            - Creating render group for layer: DEFAULT(100000)
11:06:49.224 [FXGL Background Thread 1 ] DEBUG GameScene            - Creating render group for layer: TOP(2147483647)
11:06:49.239 [FXGL Background Thread 1 ] DEBUG GameScene            - Creating render group for layer: BOTTOM(-2147483648)
11:06:49.239 [FXGL Background Thread 1 ] DEBUG InitAppTask          - Initializing Physics
11:06:49.240 [FXGL Background Thread 1 ] DEBUG InitAppTask          - Initializing UI
11:06:49.240 [FXGL Background Thread 1 ] DEBUG AssetLoader          - Loading from cache: /assets/ui/fonts/VarelaRound-Regular.ttf
11:06:49.241 [FXGL Background Thread 1 ] DEBUG AssetLoader          - Loading from cache: /assets/ui/fonts/VarelaRound-Regular.ttf
11:06:49.244 [FXGL Background Thread 1 ] DEBUG InitAppTask          - Initialization Complete
11:06:49.244 [FXGL Background Thread 1 ] INFO  InitAppTask          - Game initialization took: 0,094 sec
11:06:49.263 [JavaFX Application Thread] DEBUG Input                - Clearing active input actions
11:06:49.263 [JavaFX Application Thread] DEBUG AssetLoader          - Loading from disk: /assets/ui/css/fxgl_dark.css
11:06:49.280 [JavaFX Application Thread] DEBUG AppStateMachine      - LoadingState -> PlayState
11:06:50.048 [JavaFX Application Thread] DEBUG FXGL                 - Exiting FXGL
11:06:50.048 [JavaFX Application Thread] DEBUG FXGL                 - Shutting down background threads
11:06:50.049 [JavaFX Application Thread] DEBUG FXGL                 - Saving FXGL system data
11:06:50.052 [JavaFX Application Thread] DEBUG DesktopFSService     - Writing to: system\fxgl.bundle
11:06:50.057 [JavaFX Application Thread] DEBUG FXGL                 - Closing logger and exiting JavaFX
