11:14:29.199 [JavaFX Application Thread] DEBUG GameApplication      - Logger initialized
11:14:29.222 [JavaFX Application Thread] DEBUG GameApplication      - Logging settings
Title: Sapce Invaders
Version: 0.0.1
Width: 600
Height: 800
Fullscreen: false
Intro: false
Menus: false
Profiling: false
Single step:false
App Mode: DEVELOPER
Menu Key: ESCAPE
Stage Style: DECORATED
Scene Factory: class com.almasb.fxgl.scene.SceneFactory
Dialog Factory: class com.almasb.fxgl.ui.FXGLDialogFactory
UI Factory: class com.almasb.fxgl.ui.FXGLUIFactory
Notification Service: class com.almasb.fxgl.gameplay.notification.XboxNotificationView
Exception Handler: class com.almasb.fxgl.app.FXGLExceptionHandler
11:14:29.222 [JavaFX Application Thread] DEBUG GameApplication      - Starting FXGL
11:14:29.244 [JavaFX Application Thread] INFO  FXGL                 - FXGL-0.5.4 on DESKTOP
11:14:29.245 [JavaFX Application Thread] INFO  FXGL                 - Source code and latest versions at: https://github.com/AlmasB/FXGL
11:14:29.246 [JavaFX Application Thread] INFO  FXGL                 -              Join the FXGL chat at: https://gitter.im/AlmasB/FXGL
11:14:29.246 [JavaFX Application Thread] DEBUG FXGL                 - FXGL started
11:14:29.246 [JavaFX Application Thread] DEBUG FXGL                 - Initializing FXGL
11:14:29.299 [JavaFX Application Thread] DEBUG AssetLoader          - Loading from disk: /assets/ui/cursors/fxgl_default.png
11:14:29.470 [JavaFX Application Thread] DEBUG AssetLoader          - Loading from disk: /assets/ui/fonts/VarelaRound-Regular.ttf
11:14:29.820 [JavaFX Application Thread] DEBUG MainWindow           - Creating a JavaFX scene
11:14:29.821 [JavaFX Application Thread] DEBUG MainWindow           - Target size > screen size
11:14:29.867 [JavaFX Application Thread] DEBUG MainWindow           - Target settings size: 600.0 x 800.0
11:14:29.867 [JavaFX Application Thread] DEBUG MainWindow           - Scaled scene size:    521.0 x 728.0
11:14:29.867 [JavaFX Application Thread] DEBUG MainWindow           - Scaled ratio: (0.8683333333333333, 0.91)
11:14:29.870 [JavaFX Application Thread] DEBUG AssetLoader          - Loading from disk: /assets/ui/css/fxgl_dark.css
11:14:29.874 [JavaFX Application Thread] DEBUG AssetLoader          - Loading from disk: /assets/textures/invaders.png
11:14:29.877 [JavaFX Application Thread] DEBUG MainWindow           - Opening main window
11:14:30.075 [JavaFX Application Thread] DEBUG MainWindow           - Window border size: (16.0, 39.0)
11:14:30.075 [JavaFX Application Thread] DEBUG MainWindow           - Scaled size: 521.0 x 728.0
11:14:30.076 [JavaFX Application Thread] DEBUG MainWindow           - Scaled ratio: (0.8683333333333333, 0.91)
11:14:30.076 [JavaFX Application Thread] DEBUG MainWindow           - Scene size: 521.0 x 728.0
11:14:30.076 [JavaFX Application Thread] DEBUG MainWindow           - Stage size: 537.0 x 767.0
11:14:30.231 [ForkJoinPool.commonPool-worker-1] DEBUG FS                   - Loaded DesktopFSService
11:14:30.233 [ForkJoinPool.commonPool-worker-1] DEBUG FXGL                 - Loading FXGL system data
11:14:30.245 [ForkJoinPool.commonPool-worker-1] DEBUG DesktopFSService     - Reading from: system\fxgl.bundle
11:14:30.264 [ForkJoinPool.commonPool-worker-1] DEBUG Bundle               - Logging bundle: FXGL
11:14:30.266 [ForkJoinPool.commonPool-worker-1] DEBUG Bundle               - FXGL.offline.timer.version.check=2019-02-12T16:04:54.598570800
11:14:30.267 [ForkJoinPool.commonPool-worker-1] DEBUG FXGL                 - Initializing state machine and application states
11:14:30.274 [ForkJoinPool.commonPool-worker-1] DEBUG AssetLoader          - Loading from disk: /assets/ui/cursors/fxgl_default.png
11:14:30.301 [ForkJoinPool.commonPool-worker-1] DEBUG AssetLoader          - Loading from disk: /assets/ui/cursors/fxgl_default.png
11:14:30.316 [ForkJoinPool.commonPool-worker-1] DEBUG AssetLoader          - Loading from cache: /assets/ui/fonts/VarelaRound-Regular.ttf
11:14:30.323 [ForkJoinPool.commonPool-worker-1] DEBUG AssetLoader          - Loading from disk: /assets/ui/cursors/fxgl_default.png
11:14:30.329 [ForkJoinPool.commonPool-worker-1] DEBUG GameScene            - Game scene initialized: 600x800
11:14:30.357 [ForkJoinPool.commonPool-worker-1] DEBUG GameWorld            - Game world initialized
11:14:30.463 [ForkJoinPool.commonPool-worker-1] DEBUG PhysicsWorld         - Physics world initialized: appHeight=800, physics.ppm=50,0
11:14:30.503 [ForkJoinPool.commonPool-worker-1] DEBUG Input                - Registered new binding: Pause - Esc
11:14:30.642 [JavaFX Application Thread] DEBUG FXGL                 - Running preInit()
11:14:30.645 [JavaFX Application Thread] DEBUG Input                - Registered new binding: Screenshot - P
11:14:30.646 [JavaFX Application Thread] DEBUG Input                - Registered new binding: Dev Options - CTRL+0
11:14:30.647 [JavaFX Application Thread] DEBUG Input                - Registered new binding: System info dump - CTRL+9
11:14:30.648 [JavaFX Application Thread] DEBUG Input                - Registered new binding: Restart - CTRL+R
11:14:30.648 [JavaFX Application Thread] DEBUG Input                - Registered new binding: Move Left - A
11:14:30.649 [JavaFX Application Thread] DEBUG Input                - Registered new binding: Move Right - D
11:14:30.649 [JavaFX Application Thread] DEBUG Input                - Registered new binding: Shoot - Space
11:14:30.650 [JavaFX Application Thread] INFO  FXGL                 - FXGL initialization took: 1,404 sec
11:14:30.651 [JavaFX Application Thread] DEBUG LoopRunner           - Starting loop
11:14:30.655 [JavaFX Application Thread] DEBUG StartupState         - STARTUP
11:14:30.655 [JavaFX Application Thread] DEBUG GameApplication      - Starting new game
11:14:30.655 [JavaFX Application Thread] DEBUG Input                - Clearing active input actions
11:14:30.657 [JavaFX Application Thread] DEBUG AssetLoader          - Loading from disk: /assets/ui/css/fxgl_dark.css
11:14:30.674 [JavaFX Application Thread] DEBUG AppStateMachine      - StartupState -> LoadingState
11:14:30.686 [FXGL Background Thread 1 ] DEBUG InitAppTask          - Clearing previous game
11:14:30.687 [FXGL Background Thread 1 ] DEBUG GameWorld            - Clearing game world
11:14:30.687 [FXGL Background Thread 1 ] DEBUG PhysicsWorld         - Clearing physics world
11:14:30.687 [FXGL Background Thread 1 ] DEBUG GameScene            - Clearing game scene
11:14:30.690 [FXGL Background Thread 1 ] DEBUG InitAppTask          - Initializing Game
11:14:30.857 [FXGL Background Thread 1 ] DEBUG GameScene            - Creating render group for layer: DEFAULT(100000)
11:14:31.074 [FXGL Background Thread 1 ] DEBUG AudioPlayer          - Playing music com.almasb.fxgl.audio.Music@608efe91
11:14:31.252 [FXGL Background Thread 1 ] DEBUG GameScene            - Creating render group for layer: BACKGROUND(1000)
11:14:31.253 [FXGL Background Thread 1 ] DEBUG InitAppTask          - Initializing Physics
11:14:31.255 [FXGL Background Thread 1 ] DEBUG InitAppTask          - Initializing UI
11:14:31.255 [FXGL Background Thread 1 ] DEBUG InitAppTask          - Initialization Complete
11:14:31.256 [FXGL Background Thread 1 ] INFO  InitAppTask          - Game initialization took: 0,570 sec
11:14:31.263 [JavaFX Application Thread] DEBUG Input                - Clearing active input actions
11:14:31.263 [JavaFX Application Thread] DEBUG AssetLoader          - Loading from disk: /assets/ui/css/fxgl_dark.css
11:14:31.317 [JavaFX Application Thread] DEBUG AppStateMachine      - LoadingState -> PlayState
11:14:33.024 [JavaFX Application Thread] DEBUG AssetLoader          - Loading from cache: /assets/sounds/shoot.wav
11:14:34.129 [JavaFX Application Thread] DEBUG AssetLoader          - Loading from cache: /assets/sounds/Explosion.wav
11:14:34.322 [JavaFX Application Thread] DEBUG AssetLoader          - Loading from cache: /assets/sounds/wallImpact.wav
11:14:34.977 [JavaFX Application Thread] DEBUG AssetLoader          - Loading from cache: /assets/sounds/shoot.wav
11:14:35.553 [JavaFX Application Thread] DEBUG AssetLoader          - Loading from cache: /assets/sounds/shoot.wav
11:14:35.632 [JavaFX Application Thread] DEBUG AssetLoader          - Loading from cache: /assets/sounds/Explosion.wav
11:14:35.669 [JavaFX Application Thread] DEBUG AssetLoader          - Loading from cache: /assets/sounds/wallImpact.wav
11:14:35.727 [JavaFX Application Thread] DEBUG AssetLoader          - Loading from cache: /assets/sounds/wallImpact.wav
11:14:35.936 [JavaFX Application Thread] DEBUG AssetLoader          - Loading from cache: /assets/sounds/wallImpact.wav
11:14:35.983 [JavaFX Application Thread] DEBUG AssetLoader          - Loading from cache: /assets/sounds/wallImpact.wav
11:14:36.065 [JavaFX Application Thread] DEBUG AssetLoader          - Loading from cache: /assets/sounds/shoot.wav
11:14:36.577 [JavaFX Application Thread] DEBUG AssetLoader          - Loading from cache: /assets/sounds/shoot.wav
11:14:37.040 [JavaFX Application Thread] DEBUG AssetLoader          - Loading from cache: /assets/sounds/Explosion.wav
11:14:37.137 [JavaFX Application Thread] DEBUG AssetLoader          - Loading from cache: /assets/sounds/wallImpact.wav
11:14:37.201 [JavaFX Application Thread] DEBUG AssetLoader          - Loading from cache: /assets/sounds/shoot.wav
11:14:37.254 [JavaFX Application Thread] DEBUG AssetLoader          - Loading from cache: /assets/sounds/wallImpact.wav
11:14:37.311 [JavaFX Application Thread] DEBUG AssetLoader          - Loading from cache: /assets/sounds/Explosion.wav
11:14:37.791 [JavaFX Application Thread] DEBUG AssetLoader          - Loading from cache: /assets/sounds/wallImpact.wav
11:14:37.937 [JavaFX Application Thread] DEBUG AssetLoader          - Loading from cache: /assets/sounds/shoot.wav
11:14:38.512 [JavaFX Application Thread] DEBUG AssetLoader          - Loading from cache: /assets/sounds/wallImpact.wav
11:14:38.672 [JavaFX Application Thread] DEBUG AssetLoader          - Loading from cache: /assets/sounds/shoot.wav
11:14:38.721 [JavaFX Application Thread] DEBUG AssetLoader          - Loading from cache: /assets/sounds/Explosion.wav
11:14:38.992 [JavaFX Application Thread] DEBUG AssetLoader          - Loading from cache: /assets/sounds/wallImpact.wav
11:14:39.091 [JavaFX Application Thread] DEBUG AssetLoader          - Loading from cache: /assets/sounds/wallImpact.wav
11:14:39.200 [JavaFX Application Thread] DEBUG AssetLoader          - Loading from cache: /assets/sounds/shoot.wav
11:14:39.296 [JavaFX Application Thread] DEBUG AssetLoader          - Loading from cache: /assets/sounds/Explosion.wav
11:14:39.488 [JavaFX Application Thread] DEBUG AssetLoader          - Loading from cache: /assets/sounds/wallImpact.wav
11:14:39.696 [JavaFX Application Thread] DEBUG AssetLoader          - Loading from cache: /assets/sounds/shoot.wav
11:14:39.856 [JavaFX Application Thread] DEBUG AssetLoader          - Loading from cache: /assets/sounds/Explosion.wav
11:14:39.888 [JavaFX Application Thread] DEBUG AssetLoader          - Loading from cache: /assets/sounds/wallImpact.wav
11:14:40.144 [JavaFX Application Thread] DEBUG AssetLoader          - Loading from cache: /assets/sounds/wallImpact.wav
11:14:40.338 [JavaFX Application Thread] DEBUG AssetLoader          - Loading from cache: /assets/sounds/wallImpact.wav
11:14:40.607 [JavaFX Application Thread] DEBUG AssetLoader          - Loading from cache: /assets/sounds/wallImpact.wav
11:14:40.628 [JavaFX Application Thread] DEBUG AssetLoader          - Loading from cache: /assets/sounds/wallImpact.wav
11:14:41.024 [JavaFX Application Thread] DEBUG AssetLoader          - Loading from cache: /assets/sounds/shoot.wav
11:14:41.586 [JavaFX Application Thread] DEBUG AssetLoader          - Loading from cache: /assets/sounds/shoot.wav
11:14:41.603 [JavaFX Application Thread] DEBUG AssetLoader          - Loading from cache: /assets/sounds/Explosion.wav
11:14:42.272 [JavaFX Application Thread] DEBUG AssetLoader          - Loading from cache: /assets/sounds/shoot.wav
11:14:42.304 [JavaFX Application Thread] DEBUG AssetLoader          - Loading from cache: /assets/sounds/Explosion.wav
11:14:42.595 [JavaFX Application Thread] DEBUG AssetLoader          - Loading from cache: /assets/sounds/wallImpact.wav
11:14:42.848 [JavaFX Application Thread] DEBUG AssetLoader          - Loading from cache: /assets/sounds/Explosion.wav
11:14:42.944 [JavaFX Application Thread] DEBUG AssetLoader          - Loading from cache: /assets/sounds/shoot.wav
11:14:43.569 [JavaFX Application Thread] DEBUG AssetLoader          - Loading from cache: /assets/sounds/shoot.wav
11:14:44.016 [JavaFX Application Thread] DEBUG AssetLoader          - Loading from cache: /assets/sounds/wallImpact.wav
11:14:44.112 [JavaFX Application Thread] DEBUG AssetLoader          - Loading from cache: /assets/sounds/Explosion.wav
11:14:44.336 [JavaFX Application Thread] DEBUG AssetLoader          - Loading from cache: /assets/sounds/shoot.wav
11:14:44.431 [JavaFX Application Thread] DEBUG AssetLoader          - Loading from cache: /assets/sounds/wallImpact.wav
11:14:44.864 [JavaFX Application Thread] DEBUG AssetLoader          - Loading from cache: /assets/sounds/shoot.wav
11:14:45.393 [JavaFX Application Thread] DEBUG AssetLoader          - Loading from cache: /assets/sounds/wallImpact.wav
11:14:45.472 [JavaFX Application Thread] DEBUG AssetLoader          - Loading from cache: /assets/sounds/Explosion.wav
11:14:45.633 [JavaFX Application Thread] DEBUG AssetLoader          - Loading from cache: /assets/sounds/shoot.wav
11:14:45.760 [JavaFX Application Thread] DEBUG AssetLoader          - Loading from cache: /assets/sounds/wallImpact.wav
11:14:46.032 [JavaFX Application Thread] DEBUG AssetLoader          - Loading from cache: /assets/sounds/wallImpact.wav
11:14:46.144 [JavaFX Application Thread] DEBUG AssetLoader          - Loading from cache: /assets/sounds/shoot.wav
11:14:46.383 [JavaFX Application Thread] DEBUG AssetLoader          - Loading from cache: /assets/sounds/Explosion.wav
11:14:46.960 [JavaFX Application Thread] DEBUG AssetLoader          - Loading from cache: /assets/sounds/shoot.wav
11:14:47.712 [JavaFX Application Thread] DEBUG AssetLoader          - Loading from cache: /assets/sounds/Explosion.wav
11:14:47.728 [JavaFX Application Thread] DEBUG AssetLoader          - Loading from cache: /assets/sounds/wallImpact.wav
11:14:47.920 [JavaFX Application Thread] DEBUG AssetLoader          - Loading from cache: /assets/sounds/shoot.wav
11:14:48.498 [JavaFX Application Thread] DEBUG AssetLoader          - Loading from cache: /assets/sounds/Explosion.wav
11:14:48.545 [JavaFX Application Thread] DEBUG AssetLoader          - Loading from cache: /assets/sounds/shoot.wav
11:14:49.232 [JavaFX Application Thread] DEBUG AssetLoader          - Loading from cache: /assets/sounds/shoot.wav
11:14:49.856 [JavaFX Application Thread] DEBUG AssetLoader          - Loading from cache: /assets/sounds/Explosion.wav
11:14:50.176 [JavaFX Application Thread] DEBUG AssetLoader          - Loading from cache: /assets/sounds/shoot.wav
11:14:50.704 [JavaFX Application Thread] DEBUG AssetLoader          - Loading from cache: /assets/sounds/Explosion.wav
11:14:51.009 [JavaFX Application Thread] DEBUG AssetLoader          - Loading from cache: /assets/sounds/shoot.wav
11:14:52.032 [JavaFX Application Thread] DEBUG AssetLoader          - Loading from cache: /assets/sounds/shoot.wav
11:14:52.144 [JavaFX Application Thread] DEBUG AssetLoader          - Loading from cache: /assets/sounds/wallImpact.wav
11:14:52.561 [JavaFX Application Thread] DEBUG AssetLoader          - Loading from cache: /assets/sounds/shoot.wav
11:14:52.799 [JavaFX Application Thread] DEBUG AssetLoader          - Loading from cache: /assets/sounds/Explosion.wav
11:14:52.944 [JavaFX Application Thread] DEBUG AssetLoader          - Loading from cache: /assets/sounds/wallImpact.wav
11:14:53.135 [JavaFX Application Thread] DEBUG AssetLoader          - Loading from cache: /assets/sounds/Explosion.wav
11:14:53.761 [JavaFX Application Thread] DEBUG AssetLoader          - Loading from cache: /assets/sounds/shoot.wav
11:14:56.496 [JavaFX Application Thread] DEBUG AssetLoader          - Loading from cache: /assets/sounds/shoot.wav
11:14:57.248 [JavaFX Application Thread] DEBUG AssetLoader          - Loading from cache: /assets/sounds/wallImpact.wav
11:14:57.440 [JavaFX Application Thread] DEBUG AssetLoader          - Loading from cache: /assets/sounds/shoot.wav
11:14:58.017 [JavaFX Application Thread] DEBUG AssetLoader          - Loading from cache: /assets/sounds/Explosion.wav
11:14:58.303 [JavaFX Application Thread] DEBUG AssetLoader          - Loading from cache: /assets/sounds/shoot.wav
11:14:58.530 [JavaFX Application Thread] DEBUG AssetLoader          - Loading from cache: /assets/sounds/wallImpact.wav
11:14:58.896 [JavaFX Application Thread] DEBUG AssetLoader          - Loading from cache: /assets/sounds/shoot.wav
11:14:59.313 [JavaFX Application Thread] DEBUG AssetLoader          - Loading from cache: /assets/sounds/Explosion.wav
11:14:59.504 [JavaFX Application Thread] DEBUG AssetLoader          - Loading from cache: /assets/sounds/wallImpact.wav
11:15:00.448 [JavaFX Application Thread] DEBUG AssetLoader          - Loading from cache: /assets/sounds/shoot.wav
11:15:00.960 [JavaFX Application Thread] DEBUG AssetLoader          - Loading from cache: /assets/sounds/shoot.wav
11:15:01.439 [JavaFX Application Thread] DEBUG AssetLoader          - Loading from cache: /assets/sounds/Explosion.wav
11:15:01.487 [JavaFX Application Thread] DEBUG AssetLoader          - Loading from cache: /assets/sounds/shoot.wav
11:15:02.015 [JavaFX Application Thread] DEBUG AssetLoader          - Loading from cache: /assets/sounds/Explosion.wav
11:15:02.048 [JavaFX Application Thread] DEBUG AssetLoader          - Loading from cache: /assets/sounds/shoot.wav
11:15:02.577 [JavaFX Application Thread] DEBUG AssetLoader          - Loading from cache: /assets/sounds/shoot.wav
11:15:03.199 [JavaFX Application Thread] DEBUG AssetLoader          - Loading from cache: /assets/sounds/Explosion.wav
11:15:03.584 [JavaFX Application Thread] DEBUG AssetLoader          - Loading from cache: /assets/sounds/shoot.wav
11:15:04.000 [JavaFX Application Thread] DEBUG AssetLoader          - Loading from cache: /assets/sounds/Explosion.wav
11:15:04.160 [JavaFX Application Thread] DEBUG AssetLoader          - Loading from cache: /assets/sounds/shoot.wav
11:15:04.671 [JavaFX Application Thread] DEBUG AssetLoader          - Loading from cache: /assets/sounds/Explosion.wav
11:15:04.737 [JavaFX Application Thread] DEBUG AssetLoader          - Loading from cache: /assets/sounds/shoot.wav
11:15:05.425 [JavaFX Application Thread] DEBUG AssetLoader          - Loading from cache: /assets/sounds/shoot.wav
11:15:06.496 [JavaFX Application Thread] DEBUG AssetLoader          - Loading from cache: /assets/sounds/shoot.wav
11:15:07.151 [JavaFX Application Thread] DEBUG AudioPlayer          - Stopping music com.almasb.fxgl.audio.Music@608efe91
11:15:07.230 [JavaFX Application Thread] DEBUG AssetLoader          - Loading from cache: /assets/ui/fonts/VarelaRound-Regular.ttf
11:15:07.233 [JavaFX Application Thread] DEBUG AssetLoader          - Loading from cache: /assets/ui/fonts/VarelaRound-Regular.ttf
11:15:07.235 [JavaFX Application Thread] DEBUG AssetLoader          - Loading from disk: /assets/properties/languages/english.properties
11:15:07.237 [JavaFX Application Thread] DEBUG AssetLoader          - Loading from cache: /assets/ui/fonts/VarelaRound-Regular.ttf
11:15:07.237 [JavaFX Application Thread] DEBUG AssetLoader          - Loading from cache: /assets/properties/languages/english.properties
11:15:07.240 [JavaFX Application Thread] DEBUG AssetLoader          - Loading from cache: /assets/ui/fonts/VarelaRound-Regular.ttf
11:15:07.241 [JavaFX Application Thread] DEBUG AppStateMachine      - Push state: DialogSubState
11:15:07.241 [JavaFX Application Thread] DEBUG Input                - Clearing active input actions
11:15:07.241 [JavaFX Application Thread] DEBUG AppStateMachine      - PlayState -> DialogSubState
11:15:10.476 [JavaFX Application Thread] DEBUG AppStateMachine      - Pop state: DialogSubState
11:15:10.476 [JavaFX Application Thread] DEBUG Input                - Clearing active input actions
11:15:10.477 [JavaFX Application Thread] DEBUG AppStateMachine      - PlayState <- DialogSubState
11:15:10.482 [JavaFX Application Thread] DEBUG AssetLoader          - Loading from cache: /assets/ui/fonts/VarelaRound-Regular.ttf
11:15:10.492 [JavaFX Application Thread] DEBUG AssetLoader          - Loading from cache: /assets/ui/fonts/VarelaRound-Regular.ttf
11:15:10.494 [JavaFX Application Thread] DEBUG AssetLoader          - Loading from cache: /assets/ui/fonts/VarelaRound-Regular.ttf
11:15:10.494 [JavaFX Application Thread] DEBUG AssetLoader          - Loading from cache: /assets/properties/languages/english.properties
11:15:10.496 [JavaFX Application Thread] DEBUG AssetLoader          - Loading from cache: /assets/ui/fonts/VarelaRound-Regular.ttf
11:15:10.497 [JavaFX Application Thread] DEBUG AppStateMachine      - Push state: DialogSubState
11:15:10.497 [JavaFX Application Thread] DEBUG Input                - Clearing active input actions
11:15:10.497 [JavaFX Application Thread] DEBUG AppStateMachine      - PlayState -> DialogSubState
11:15:14.173 [JavaFX Application Thread] DEBUG AssetLoader          - Loading from cache: /assets/sounds/menu/select.wav
11:15:14.538 [JavaFX Application Thread] DEBUG AppStateMachine      - Pop state: DialogSubState
11:15:14.538 [JavaFX Application Thread] DEBUG Input                - Clearing active input actions
11:15:14.539 [JavaFX Application Thread] DEBUG AppStateMachine      - PlayState <- DialogSubState
11:15:47.677 [JavaFX Application Thread] DEBUG GameApplication      - Starting new game
11:15:47.677 [JavaFX Application Thread] DEBUG Input                - Clearing active input actions
11:15:47.695 [JavaFX Application Thread] DEBUG AppStateMachine      - PlayState -> LoadingState
11:15:47.717 [FXGL Background Thread 2 ] DEBUG InitAppTask          - Clearing previous game
11:15:47.718 [FXGL Background Thread 2 ] DEBUG GameWorld            - Clearing game world
11:15:47.725 [FXGL Background Thread 2 ] DEBUG PhysicsWorld         - Clearing physics world
11:15:47.725 [FXGL Background Thread 2 ] DEBUG GameScene            - Clearing game scene
11:15:47.726 [FXGL Background Thread 2 ] DEBUG InitAppTask          - Initializing Game
11:15:47.741 [FXGL Background Thread 2 ] DEBUG GameScene            - Creating render group for layer: DEFAULT(100000)
11:15:47.742 [FXGL Background Thread 2 ] DEBUG AssetLoader          - Loading from cache: /assets/music/bg.mp3
11:15:47.742 [FXGL Background Thread 2 ] DEBUG AudioPlayer          - Playing music com.almasb.fxgl.audio.Music@608efe91
11:15:47.841 [FXGL Background Thread 2 ] DEBUG GameScene            - Creating render group for layer: BACKGROUND(1000)
11:15:47.841 [FXGL Background Thread 2 ] DEBUG InitAppTask          - Initializing Physics
11:15:47.841 [FXGL Background Thread 2 ] DEBUG InitAppTask          - Initializing UI
11:15:47.841 [FXGL Background Thread 2 ] DEBUG InitAppTask          - Initialization Complete
11:15:47.842 [FXGL Background Thread 2 ] INFO  InitAppTask          - Game initialization took: 0,125 sec
11:15:47.854 [JavaFX Application Thread] DEBUG Input                - Clearing active input actions
11:15:47.874 [JavaFX Application Thread] DEBUG AppStateMachine      - LoadingState -> PlayState
11:15:50.575 [JavaFX Application Thread] DEBUG AssetLoader          - Loading from cache: /assets/sounds/wallImpact.wav
11:15:52.527 [JavaFX Application Thread] DEBUG AssetLoader          - Loading from cache: /assets/sounds/wallImpact.wav
11:15:52.527 [JavaFX Application Thread] DEBUG AssetLoader          - Loading from cache: /assets/sounds/wallImpact.wav
11:15:52.879 [JavaFX Application Thread] DEBUG AssetLoader          - Loading from cache: /assets/sounds/wallImpact.wav
11:15:53.379 [JavaFX Application Thread] DEBUG AssetLoader          - Loading from cache: /assets/sounds/wallImpact.wav
11:15:53.455 [JavaFX Application Thread] DEBUG AssetLoader          - Loading from cache: /assets/sounds/wallImpact.wav
11:15:54.144 [JavaFX Application Thread] DEBUG AssetLoader          - Loading from cache: /assets/sounds/wallImpact.wav
11:15:54.609 [JavaFX Application Thread] DEBUG AssetLoader          - Loading from cache: /assets/sounds/wallImpact.wav
11:15:54.895 [JavaFX Application Thread] DEBUG AssetLoader          - Loading from cache: /assets/sounds/wallImpact.wav
11:15:55.023 [JavaFX Application Thread] DEBUG AssetLoader          - Loading from cache: /assets/sounds/wallImpact.wav
11:15:55.471 [JavaFX Application Thread] DEBUG AssetLoader          - Loading from cache: /assets/sounds/wallImpact.wav
11:15:55.522 [JavaFX Application Thread] DEBUG AssetLoader          - Loading from cache: /assets/sounds/wallImpact.wav
11:15:55.794 [JavaFX Application Thread] DEBUG AssetLoader          - Loading from cache: /assets/sounds/wallImpact.wav
11:15:55.952 [JavaFX Application Thread] DEBUG AssetLoader          - Loading from cache: /assets/sounds/wallImpact.wav
11:15:56.240 [JavaFX Application Thread] DEBUG AssetLoader          - Loading from cache: /assets/sounds/wallImpact.wav
11:15:56.415 [JavaFX Application Thread] DEBUG AssetLoader          - Loading from cache: /assets/sounds/wallImpact.wav
11:15:57.184 [JavaFX Application Thread] DEBUG AssetLoader          - Loading from cache: /assets/sounds/wallImpact.wav
11:15:57.391 [JavaFX Application Thread] DEBUG AssetLoader          - Loading from cache: /assets/sounds/wallImpact.wav
11:15:57.487 [JavaFX Application Thread] DEBUG AssetLoader          - Loading from cache: /assets/sounds/wallImpact.wav
11:15:59.442 [JavaFX Application Thread] DEBUG AssetLoader          - Loading from cache: /assets/sounds/wallImpact.wav
11:16:00.527 [JavaFX Application Thread] DEBUG AssetLoader          - Loading from cache: /assets/sounds/wallImpact.wav
11:16:00.895 [JavaFX Application Thread] DEBUG AssetLoader          - Loading from cache: /assets/sounds/wallImpact.wav
11:16:01.904 [JavaFX Application Thread] DEBUG AssetLoader          - Loading from cache: /assets/sounds/shoot.wav
11:16:01.905 [JavaFX Application Thread] DEBUG AssetLoader          - Loading from cache: /assets/sounds/wallImpact.wav
11:16:02.367 [JavaFX Application Thread] DEBUG AssetLoader          - Loading from cache: /assets/sounds/wallImpact.wav
11:16:02.399 [JavaFX Application Thread] DEBUG AssetLoader          - Loading from cache: /assets/sounds/Explosion.wav
11:16:02.416 [JavaFX Application Thread] DEBUG AssetLoader          - Loading from cache: /assets/sounds/shoot.wav
11:16:02.607 [JavaFX Application Thread] DEBUG AssetLoader          - Loading from cache: /assets/sounds/wallImpact.wav
11:16:02.944 [JavaFX Application Thread] DEBUG AssetLoader          - Loading from cache: /assets/sounds/shoot.wav
11:16:03.439 [JavaFX Application Thread] DEBUG AssetLoader          - Loading from cache: /assets/sounds/Explosion.wav
11:16:03.504 [JavaFX Application Thread] DEBUG AssetLoader          - Loading from cache: /assets/sounds/shoot.wav
11:16:04.016 [JavaFX Application Thread] DEBUG AssetLoader          - Loading from cache: /assets/sounds/shoot.wav
11:16:04.082 [JavaFX Application Thread] DEBUG AssetLoader          - Loading from cache: /assets/sounds/Explosion.wav
11:16:04.338 [JavaFX Application Thread] DEBUG AssetLoader          - Loading from cache: /assets/sounds/wallImpact.wav
11:16:04.544 [JavaFX Application Thread] DEBUG AssetLoader          - Loading from cache: /assets/sounds/shoot.wav
11:16:04.671 [JavaFX Application Thread] DEBUG AssetLoader          - Loading from cache: /assets/sounds/Explosion.wav
11:16:04.767 [JavaFX Application Thread] DEBUG AssetLoader          - Loading from cache: /assets/sounds/wallImpact.wav
11:16:05.008 [JavaFX Application Thread] DEBUG AssetLoader          - Loading from cache: /assets/sounds/Explosion.wav
11:16:05.104 [JavaFX Application Thread] DEBUG AssetLoader          - Loading from cache: /assets/sounds/shoot.wav
11:16:05.105 [JavaFX Application Thread] DEBUG AssetLoader          - Loading from cache: /assets/sounds/wallImpact.wav
11:16:05.616 [JavaFX Application Thread] DEBUG AssetLoader          - Loading from cache: /assets/sounds/shoot.wav
11:16:06.223 [JavaFX Application Thread] DEBUG AssetLoader          - Loading from cache: /assets/sounds/wallImpact.wav
11:16:06.288 [JavaFX Application Thread] DEBUG AssetLoader          - Loading from cache: /assets/sounds/shoot.wav
11:16:06.800 [JavaFX Application Thread] DEBUG AssetLoader          - Loading from cache: /assets/sounds/shoot.wav
11:16:07.247 [JavaFX Application Thread] DEBUG AssetLoader          - Loading from cache: /assets/sounds/wallImpact.wav
11:16:07.329 [JavaFX Application Thread] DEBUG AssetLoader          - Loading from cache: /assets/sounds/shoot.wav
11:16:07.344 [JavaFX Application Thread] DEBUG AssetLoader          - Loading from cache: /assets/sounds/Explosion.wav
11:16:07.839 [JavaFX Application Thread] DEBUG AssetLoader          - Loading from cache: /assets/sounds/wallImpact.wav
11:16:07.887 [JavaFX Application Thread] DEBUG AssetLoader          - Loading from cache: /assets/sounds/shoot.wav
11:16:08.383 [JavaFX Application Thread] DEBUG AssetLoader          - Loading from cache: /assets/sounds/Explosion.wav
11:16:08.400 [JavaFX Application Thread] DEBUG AssetLoader          - Loading from cache: /assets/sounds/shoot.wav
11:16:08.767 [JavaFX Application Thread] DEBUG AssetLoader          - Loading from cache: /assets/sounds/wallImpact.wav
11:16:09.087 [JavaFX Application Thread] DEBUG AssetLoader          - Loading from cache: /assets/sounds/shoot.wav
11:16:09.599 [JavaFX Application Thread] DEBUG AssetLoader          - Loading from cache: /assets/sounds/shoot.wav
11:16:09.855 [JavaFX Application Thread] DEBUG AssetLoader          - Loading from cache: /assets/sounds/Explosion.wav
11:16:10.192 [JavaFX Application Thread] DEBUG AssetLoader          - Loading from cache: /assets/sounds/shoot.wav
11:16:12.046 [JavaFX Application Thread] DEBUG FXGL                 - Exiting FXGL
11:16:12.046 [JavaFX Application Thread] DEBUG FXGL                 - Shutting down background threads
11:16:12.046 [JavaFX Application Thread] DEBUG FXGL                 - Saving FXGL system data
11:16:12.050 [JavaFX Application Thread] DEBUG DesktopFSService     - Writing to: system\fxgl.bundle
11:16:12.055 [JavaFX Application Thread] DEBUG FXGL                 - Closing logger and exiting JavaFX
