11:18:52.030 [JavaFX Application Thread] DEBUG GameApplication      - Logger initialized
11:18:52.054 [JavaFX Application Thread] DEBUG GameApplication      - Logging settings
Title: Sapce Invaders
Version: 0.0.1
Width: 600
Height: 800
Fullscreen: false
Intro: false
Menus: false
Profiling: false
Single step:false
App Mode: DEVELOPER
Menu Key: ESCAPE
Stage Style: DECORATED
Scene Factory: class com.almasb.fxgl.scene.SceneFactory
Dialog Factory: class com.almasb.fxgl.ui.FXGLDialogFactory
UI Factory: class com.almasb.fxgl.ui.FXGLUIFactory
Notification Service: class com.almasb.fxgl.gameplay.notification.XboxNotificationView
Exception Handler: class com.almasb.fxgl.app.FXGLExceptionHandler
11:18:52.054 [JavaFX Application Thread] DEBUG GameApplication      - Starting FXGL
11:18:52.071 [JavaFX Application Thread] INFO  FXGL                 - FXGL-0.5.4 on DESKTOP
11:18:52.071 [JavaFX Application Thread] INFO  FXGL                 - Source code and latest versions at: https://github.com/AlmasB/FXGL
11:18:52.072 [JavaFX Application Thread] INFO  FXGL                 -              Join the FXGL chat at: https://gitter.im/AlmasB/FXGL
11:18:52.072 [JavaFX Application Thread] DEBUG FXGL                 - FXGL started
11:18:52.073 [JavaFX Application Thread] DEBUG FXGL                 - Initializing FXGL
11:18:52.126 [JavaFX Application Thread] DEBUG AssetLoader          - Loading from disk: /assets/ui/cursors/fxgl_default.png
11:18:52.272 [JavaFX Application Thread] DEBUG AssetLoader          - Loading from disk: /assets/ui/fonts/VarelaRound-Regular.ttf
11:18:52.655 [JavaFX Application Thread] DEBUG MainWindow           - Creating a JavaFX scene
11:18:52.656 [JavaFX Application Thread] DEBUG MainWindow           - Target size > screen size
11:18:52.695 [JavaFX Application Thread] DEBUG MainWindow           - Target settings size: 600.0 x 800.0
11:18:52.696 [JavaFX Application Thread] DEBUG MainWindow           - Scaled scene size:    521.0 x 728.0
11:18:52.696 [JavaFX Application Thread] DEBUG MainWindow           - Scaled ratio: (0.8683333333333333, 0.91)
11:18:52.699 [JavaFX Application Thread] DEBUG AssetLoader          - Loading from disk: /assets/ui/css/fxgl_dark.css
11:18:52.702 [JavaFX Application Thread] DEBUG AssetLoader          - Loading from disk: /assets/textures/invaders.png
11:18:52.705 [JavaFX Application Thread] DEBUG MainWindow           - Opening main window
11:18:52.884 [JavaFX Application Thread] DEBUG MainWindow           - Window border size: (16.0, 39.0)
11:18:52.885 [JavaFX Application Thread] DEBUG MainWindow           - Scaled size: 521.0 x 728.0
11:18:52.887 [JavaFX Application Thread] DEBUG MainWindow           - Scaled ratio: (0.8683333333333333, 0.91)
11:18:52.888 [JavaFX Application Thread] DEBUG MainWindow           - Scene size: 521.0 x 728.0
11:18:52.888 [JavaFX Application Thread] DEBUG MainWindow           - Stage size: 537.0 x 767.0
11:18:53.016 [ForkJoinPool.commonPool-worker-1] DEBUG FS                   - Loaded DesktopFSService
11:18:53.018 [ForkJoinPool.commonPool-worker-1] DEBUG FXGL                 - Loading FXGL system data
11:18:53.032 [ForkJoinPool.commonPool-worker-1] DEBUG DesktopFSService     - Reading from: system\fxgl.bundle
11:18:53.057 [ForkJoinPool.commonPool-worker-1] DEBUG Bundle               - Logging bundle: FXGL
11:18:53.058 [ForkJoinPool.commonPool-worker-1] DEBUG Bundle               - FXGL.offline.timer.version.check=2019-02-12T16:04:54.598570800
11:18:53.059 [ForkJoinPool.commonPool-worker-1] DEBUG FXGL                 - Initializing state machine and application states
11:18:53.063 [ForkJoinPool.commonPool-worker-1] DEBUG AssetLoader          - Loading from disk: /assets/ui/cursors/fxgl_default.png
11:18:53.088 [ForkJoinPool.commonPool-worker-1] DEBUG AssetLoader          - Loading from disk: /assets/ui/cursors/fxgl_default.png
11:18:53.107 [ForkJoinPool.commonPool-worker-1] DEBUG AssetLoader          - Loading from cache: /assets/ui/fonts/VarelaRound-Regular.ttf
11:18:53.113 [ForkJoinPool.commonPool-worker-1] DEBUG AssetLoader          - Loading from disk: /assets/ui/cursors/fxgl_default.png
11:18:53.138 [ForkJoinPool.commonPool-worker-1] DEBUG GameScene            - Game scene initialized: 600x800
11:18:53.149 [ForkJoinPool.commonPool-worker-1] DEBUG GameWorld            - Game world initialized
11:18:53.271 [ForkJoinPool.commonPool-worker-1] DEBUG PhysicsWorld         - Physics world initialized: appHeight=800, physics.ppm=50,0
11:18:53.306 [ForkJoinPool.commonPool-worker-1] DEBUG Input                - Registered new binding: Pause - Esc
11:18:53.390 [JavaFX Application Thread] DEBUG FXGL                 - Running preInit()
11:18:53.392 [JavaFX Application Thread] DEBUG Input                - Registered new binding: Screenshot - P
11:18:53.392 [JavaFX Application Thread] DEBUG Input                - Registered new binding: Dev Options - CTRL+0
11:18:53.393 [JavaFX Application Thread] DEBUG Input                - Registered new binding: System info dump - CTRL+9
11:18:53.393 [JavaFX Application Thread] DEBUG Input                - Registered new binding: Restart - CTRL+R
11:18:53.394 [JavaFX Application Thread] DEBUG Input                - Registered new binding: Move Left - A
11:18:53.394 [JavaFX Application Thread] DEBUG Input                - Registered new binding: Move Right - D
11:18:53.394 [JavaFX Application Thread] DEBUG Input                - Registered new binding: Shoot - Space
11:18:53.395 [JavaFX Application Thread] INFO  FXGL                 - FXGL initialization took: 1,322 sec
11:18:53.395 [JavaFX Application Thread] DEBUG LoopRunner           - Starting loop
11:18:53.397 [JavaFX Application Thread] DEBUG StartupState         - STARTUP
11:18:53.397 [JavaFX Application Thread] DEBUG GameApplication      - Starting new game
11:18:53.398 [JavaFX Application Thread] DEBUG Input                - Clearing active input actions
11:18:53.399 [JavaFX Application Thread] DEBUG AssetLoader          - Loading from disk: /assets/ui/css/fxgl_dark.css
11:18:53.414 [JavaFX Application Thread] DEBUG AppStateMachine      - StartupState -> LoadingState
11:18:53.422 [FXGL Background Thread 1 ] DEBUG InitAppTask          - Clearing previous game
11:18:53.422 [FXGL Background Thread 1 ] DEBUG GameWorld            - Clearing game world
11:18:53.422 [FXGL Background Thread 1 ] DEBUG PhysicsWorld         - Clearing physics world
11:18:53.422 [FXGL Background Thread 1 ] DEBUG GameScene            - Clearing game scene
11:18:53.424 [FXGL Background Thread 1 ] DEBUG InitAppTask          - Initializing Game
11:18:53.593 [FXGL Background Thread 1 ] DEBUG GameScene            - Creating render group for layer: DEFAULT(100000)
11:18:53.753 [FXGL Background Thread 1 ] DEBUG AudioPlayer          - Playing music com.almasb.fxgl.audio.Music@21f518d5
11:18:53.930 [FXGL Background Thread 1 ] DEBUG GameScene            - Creating render group for layer: BACKGROUND(1000)
11:18:53.930 [FXGL Background Thread 1 ] DEBUG InitAppTask          - Initializing Physics
11:18:53.932 [FXGL Background Thread 1 ] DEBUG InitAppTask          - Initializing UI
11:18:53.932 [FXGL Background Thread 1 ] DEBUG InitAppTask          - Initialization Complete
11:18:53.933 [FXGL Background Thread 1 ] INFO  InitAppTask          - Game initialization took: 0,511 sec
11:18:53.941 [JavaFX Application Thread] DEBUG Input                - Clearing active input actions
11:18:53.941 [JavaFX Application Thread] DEBUG AssetLoader          - Loading from disk: /assets/ui/css/fxgl_dark.css
11:18:53.974 [JavaFX Application Thread] DEBUG AppStateMachine      - LoadingState -> PlayState
11:18:55.752 [JavaFX Application Thread] DEBUG AssetLoader          - Loading from cache: /assets/sounds/shoot.wav
11:18:56.187 [JavaFX Application Thread] DEBUG AssetLoader          - Loading from cache: /assets/sounds/shoot.wav
11:18:56.745 [JavaFX Application Thread] DEBUG AssetLoader          - Loading from cache: /assets/sounds/shoot.wav
11:18:56.902 [JavaFX Application Thread] DEBUG AssetLoader          - Loading from cache: /assets/sounds/wallImpact.wav
11:18:57.077 [JavaFX Application Thread] DEBUG AssetLoader          - Loading from cache: /assets/sounds/wallImpact.wav
11:18:57.158 [JavaFX Application Thread] DEBUG AssetLoader          - Loading from cache: /assets/sounds/wallImpact.wav
11:18:57.271 [JavaFX Application Thread] DEBUG AssetLoader          - Loading from cache: /assets/sounds/shoot.wav
11:18:57.752 [JavaFX Application Thread] DEBUG AssetLoader          - Loading from cache: /assets/sounds/Explosion.wav
11:18:57.802 [JavaFX Application Thread] DEBUG AssetLoader          - Loading from cache: /assets/sounds/shoot.wav
11:18:57.885 [JavaFX Application Thread] DEBUG AssetLoader          - Loading from cache: /assets/sounds/wallImpact.wav
11:18:57.992 [JavaFX Application Thread] DEBUG AssetLoader          - Loading from cache: /assets/sounds/Explosion.wav
11:18:58.311 [JavaFX Application Thread] DEBUG AssetLoader          - Loading from cache: /assets/sounds/shoot.wav
11:18:58.597 [JavaFX Application Thread] DEBUG AssetLoader          - Loading from cache: /assets/sounds/wallImpact.wav
11:18:58.775 [JavaFX Application Thread] DEBUG AssetLoader          - Loading from cache: /assets/sounds/Explosion.wav
11:18:58.824 [JavaFX Application Thread] DEBUG AssetLoader          - Loading from cache: /assets/sounds/shoot.wav
11:18:58.968 [JavaFX Application Thread] DEBUG AssetLoader          - Loading from cache: /assets/sounds/Explosion.wav
11:18:59.158 [JavaFX Application Thread] DEBUG AssetLoader          - Loading from cache: /assets/sounds/wallImpact.wav
11:18:59.350 [JavaFX Application Thread] DEBUG AssetLoader          - Loading from cache: /assets/sounds/wallImpact.wav
11:18:59.431 [JavaFX Application Thread] DEBUG AssetLoader          - Loading from cache: /assets/sounds/shoot.wav
11:18:59.705 [JavaFX Application Thread] DEBUG AssetLoader          - Loading from cache: /assets/sounds/wallImpact.wav
11:18:59.831 [JavaFX Application Thread] DEBUG AssetLoader          - Loading from cache: /assets/sounds/Explosion.wav
11:18:59.943 [JavaFX Application Thread] DEBUG AssetLoader          - Loading from cache: /assets/sounds/shoot.wav
11:19:00.470 [JavaFX Application Thread] DEBUG AssetLoader          - Loading from cache: /assets/sounds/shoot.wav
11:19:00.584 [JavaFX Application Thread] DEBUG AssetLoader          - Loading from cache: /assets/sounds/Explosion.wav
11:19:00.983 [JavaFX Application Thread] DEBUG AssetLoader          - Loading from cache: /assets/sounds/wallImpact.wav
11:19:01.017 [JavaFX Application Thread] DEBUG AssetLoader          - Loading from cache: /assets/sounds/shoot.wav
11:19:01.066 [JavaFX Application Thread] DEBUG AssetLoader          - Loading from cache: /assets/sounds/wallImpact.wav
11:19:01.206 [JavaFX Application Thread] DEBUG AssetLoader          - Loading from cache: /assets/sounds/Explosion.wav
11:19:01.559 [JavaFX Application Thread] DEBUG AssetLoader          - Loading from cache: /assets/sounds/shoot.wav
11:19:01.878 [JavaFX Application Thread] DEBUG AssetLoader          - Loading from cache: /assets/sounds/Explosion.wav
11:19:01.879 [JavaFX Application Thread] DEBUG AssetLoader          - Loading from cache: /assets/sounds/wallImpact.wav
11:19:02.103 [JavaFX Application Thread] DEBUG AssetLoader          - Loading from cache: /assets/sounds/shoot.wav
11:19:02.231 [JavaFX Application Thread] DEBUG AssetLoader          - Loading from cache: /assets/sounds/Explosion.wav
11:19:02.854 [JavaFX Application Thread] DEBUG AssetLoader          - Loading from cache: /assets/sounds/shoot.wav
11:19:03.433 [JavaFX Application Thread] DEBUG AssetLoader          - Loading from cache: /assets/sounds/shoot.wav
11:19:03.927 [JavaFX Application Thread] DEBUG AssetLoader          - Loading from cache: /assets/sounds/shoot.wav
11:19:03.942 [JavaFX Application Thread] DEBUG AssetLoader          - Loading from cache: /assets/sounds/wallImpact.wav
11:19:03.962 [JavaFX Application Thread] DEBUG AssetLoader          - Loading from cache: /assets/sounds/wallImpact.wav
11:19:04.006 [JavaFX Application Thread] DEBUG AssetLoader          - Loading from cache: /assets/sounds/Explosion.wav
11:19:04.294 [JavaFX Application Thread] DEBUG AssetLoader          - Loading from cache: /assets/sounds/wallImpact.wav
11:19:04.615 [JavaFX Application Thread] DEBUG AssetLoader          - Loading from cache: /assets/sounds/shoot.wav
11:19:04.662 [JavaFX Application Thread] DEBUG AssetLoader          - Loading from cache: /assets/sounds/Explosion.wav
11:19:05.287 [JavaFX Application Thread] DEBUG AssetLoader          - Loading from cache: /assets/sounds/shoot.wav
11:19:05.526 [JavaFX Application Thread] DEBUG AssetLoader          - Loading from cache: /assets/sounds/wallImpact.wav
11:19:05.816 [JavaFX Application Thread] DEBUG AssetLoader          - Loading from cache: /assets/sounds/shoot.wav
11:19:06.022 [JavaFX Application Thread] DEBUG AssetLoader          - Loading from cache: /assets/sounds/Explosion.wav
11:19:06.632 [JavaFX Application Thread] DEBUG AssetLoader          - Loading from cache: /assets/sounds/shoot.wav
11:19:06.902 [JavaFX Application Thread] DEBUG AssetLoader          - Loading from cache: /assets/sounds/wallImpact.wav
11:19:07.158 [JavaFX Application Thread] DEBUG AssetLoader          - Loading from cache: /assets/sounds/Explosion.wav
11:19:07.206 [JavaFX Application Thread] DEBUG AssetLoader          - Loading from cache: /assets/sounds/shoot.wav
11:19:07.815 [JavaFX Application Thread] DEBUG AssetLoader          - Loading from cache: /assets/sounds/Explosion.wav
11:19:07.881 [JavaFX Application Thread] DEBUG AssetLoader          - Loading from cache: /assets/sounds/wallImpact.wav
11:19:07.975 [JavaFX Application Thread] DEBUG AssetLoader          - Loading from cache: /assets/sounds/shoot.wav
11:19:08.519 [JavaFX Application Thread] DEBUG AssetLoader          - Loading from cache: /assets/sounds/shoot.wav
11:19:08.822 [JavaFX Application Thread] DEBUG AssetLoader          - Loading from cache: /assets/sounds/Explosion.wav
11:19:09.287 [JavaFX Application Thread] DEBUG AssetLoader          - Loading from cache: /assets/sounds/Explosion.wav
11:19:09.367 [JavaFX Application Thread] DEBUG AssetLoader          - Loading from cache: /assets/sounds/shoot.wav
11:19:09.497 [JavaFX Application Thread] DEBUG AssetLoader          - Loading from cache: /assets/sounds/wallImpact.wav
11:19:09.880 [JavaFX Application Thread] DEBUG AssetLoader          - Loading from cache: /assets/sounds/shoot.wav
11:19:10.086 [JavaFX Application Thread] DEBUG AssetLoader          - Loading from cache: /assets/sounds/wallImpact.wav
11:19:10.423 [JavaFX Application Thread] DEBUG AssetLoader          - Loading from cache: /assets/sounds/shoot.wav
11:19:10.519 [JavaFX Application Thread] DEBUG AssetLoader          - Loading from cache: /assets/sounds/Explosion.wav
11:19:10.759 [JavaFX Application Thread] DEBUG AssetLoader          - Loading from cache: /assets/sounds/wallImpact.wav
11:19:11.096 [JavaFX Application Thread] DEBUG AssetLoader          - Loading from cache: /assets/sounds/shoot.wav
11:19:11.158 [JavaFX Application Thread] DEBUG AssetLoader          - Loading from cache: /assets/sounds/Explosion.wav
11:19:11.159 [JavaFX Application Thread] DEBUG AssetLoader          - Loading from cache: /assets/sounds/wallImpact.wav
11:19:11.190 [JavaFX Application Thread] DEBUG AssetLoader          - Loading from cache: /assets/sounds/wallImpact.wav
11:19:11.606 [JavaFX Application Thread] DEBUG AssetLoader          - Loading from cache: /assets/sounds/shoot.wav
11:19:11.912 [JavaFX Application Thread] DEBUG AssetLoader          - Loading from cache: /assets/sounds/Explosion.wav
11:19:13.014 [JavaFX Application Thread] DEBUG AssetLoader          - Loading from cache: /assets/sounds/shoot.wav
11:19:13.559 [JavaFX Application Thread] DEBUG AssetLoader          - Loading from cache: /assets/sounds/Explosion.wav
11:19:14.087 [JavaFX Application Thread] DEBUG AssetLoader          - Loading from cache: /assets/sounds/shoot.wav
11:19:14.920 [JavaFX Application Thread] DEBUG AssetLoader          - Loading from cache: /assets/sounds/wallImpact.wav
11:19:14.967 [JavaFX Application Thread] DEBUG AssetLoader          - Loading from cache: /assets/sounds/shoot.wav
11:19:15.879 [JavaFX Application Thread] DEBUG AssetLoader          - Loading from cache: /assets/sounds/shoot.wav
11:19:16.471 [JavaFX Application Thread] DEBUG AssetLoader          - Loading from cache: /assets/sounds/Explosion.wav
11:19:17.029 [JavaFX Application Thread] DEBUG AssetLoader          - Loading from cache: /assets/sounds/wallImpact.wav
11:19:18.821 [JavaFX Application Thread] DEBUG FXGL                 - Exiting FXGL
11:19:18.821 [JavaFX Application Thread] DEBUG FXGL                 - Shutting down background threads
11:19:18.821 [JavaFX Application Thread] DEBUG FXGL                 - Saving FXGL system data
11:19:18.825 [JavaFX Application Thread] DEBUG DesktopFSService     - Writing to: system\fxgl.bundle
11:19:18.830 [JavaFX Application Thread] DEBUG FXGL                 - Closing logger and exiting JavaFX
