11:52:53.431 [JavaFX Application Thread] DEBUG GameApplication      - Logger initialized
11:52:53.454 [JavaFX Application Thread] DEBUG GameApplication      - Logging settings
Title: Snake Evolution
Version: 2.0
Width: 625
Height: 625
Fullscreen: false
Intro: false
Menus: false
Profiling: false
Single step:false
App Mode: DEVELOPER
Menu Key: ESCAPE
Stage Style: DECORATED
Scene Factory: class com.almasb.fxgl.scene.SceneFactory
Dialog Factory: class com.almasb.fxgl.ui.FXGLDialogFactory
UI Factory: class com.almasb.fxgl.ui.FXGLUIFactory
Notification Service: class com.almasb.fxgl.gameplay.notification.XboxNotificationView
Exception Handler: class com.almasb.fxgl.app.FXGLExceptionHandler
11:52:53.454 [JavaFX Application Thread] DEBUG GameApplication      - Starting FXGL
11:52:53.472 [JavaFX Application Thread] INFO  FXGL                 - FXGL-0.5.4 on DESKTOP
11:52:53.473 [JavaFX Application Thread] INFO  FXGL                 - Source code and latest versions at: https://github.com/AlmasB/FXGL
11:52:53.473 [JavaFX Application Thread] INFO  FXGL                 -              Join the FXGL chat at: https://gitter.im/AlmasB/FXGL
11:52:53.474 [JavaFX Application Thread] DEBUG FXGL                 - FXGL started
11:52:53.474 [JavaFX Application Thread] DEBUG FXGL                 - Initializing FXGL
11:52:53.531 [JavaFX Application Thread] DEBUG AssetLoader          - Loading from disk: /assets/ui/cursors/fxgl_default.png
11:52:53.673 [JavaFX Application Thread] DEBUG AssetLoader          - Loading from disk: /assets/ui/fonts/VarelaRound-Regular.ttf
11:52:54.060 [JavaFX Application Thread] DEBUG MainWindow           - Creating a JavaFX scene
11:52:54.102 [JavaFX Application Thread] DEBUG MainWindow           - Target settings size: 625.0 x 625.0
11:52:54.102 [JavaFX Application Thread] DEBUG MainWindow           - Scaled scene size:    625.0 x 625.0
11:52:54.102 [JavaFX Application Thread] DEBUG MainWindow           - Scaled ratio: (1.0, 1.0)
11:52:54.105 [JavaFX Application Thread] DEBUG AssetLoader          - Loading from disk: /assets/ui/css/fxgl_dark.css
11:52:54.109 [JavaFX Application Thread] DEBUG AssetLoader          - Loading from disk: /assets/textures/snake_head.png
11:52:54.164 [JavaFX Application Thread] DEBUG MainWindow           - Opening main window
11:52:54.368 [JavaFX Application Thread] DEBUG MainWindow           - Window border size: (16.0, 39.0)
11:52:54.368 [JavaFX Application Thread] DEBUG MainWindow           - Scaled size: 625.0 x 625.0
11:52:54.369 [JavaFX Application Thread] DEBUG MainWindow           - Scaled ratio: (1.0, 1.0)
11:52:54.369 [JavaFX Application Thread] DEBUG MainWindow           - Scene size: 625.0 x 625.0
11:52:54.369 [JavaFX Application Thread] DEBUG MainWindow           - Stage size: 641.0 x 664.0
11:52:54.473 [ForkJoinPool.commonPool-worker-1] DEBUG FS                   - Loaded DesktopFSService
11:52:54.474 [ForkJoinPool.commonPool-worker-1] DEBUG FXGL                 - Loading FXGL system data
11:52:54.486 [ForkJoinPool.commonPool-worker-1] DEBUG DesktopFSService     - Reading from: system\fxgl.bundle
11:52:54.523 [ForkJoinPool.commonPool-worker-1] DEBUG Bundle               - Logging bundle: FXGL
11:52:54.525 [ForkJoinPool.commonPool-worker-1] DEBUG Bundle               - FXGL.offline.timer.version.check=2019-02-12T16:04:54.598570800
11:52:54.534 [ForkJoinPool.commonPool-worker-1] DEBUG FXGL                 - Initializing state machine and application states
11:52:54.538 [ForkJoinPool.commonPool-worker-1] DEBUG AssetLoader          - Loading from disk: /assets/ui/cursors/fxgl_default.png
11:52:54.582 [ForkJoinPool.commonPool-worker-1] DEBUG AssetLoader          - Loading from disk: /assets/ui/cursors/fxgl_default.png
11:52:54.594 [ForkJoinPool.commonPool-worker-1] DEBUG AssetLoader          - Loading from cache: /assets/ui/fonts/VarelaRound-Regular.ttf
11:52:54.600 [ForkJoinPool.commonPool-worker-1] DEBUG AssetLoader          - Loading from disk: /assets/ui/cursors/fxgl_default.png
11:52:54.623 [ForkJoinPool.commonPool-worker-1] DEBUG GameScene            - Game scene initialized: 625x625
11:52:54.636 [ForkJoinPool.commonPool-worker-1] DEBUG GameWorld            - Game world initialized
11:52:54.787 [ForkJoinPool.commonPool-worker-1] DEBUG PhysicsWorld         - Physics world initialized: appHeight=625, physics.ppm=50,0
11:52:54.811 [ForkJoinPool.commonPool-worker-1] DEBUG Input                - Registered new binding: Pause - Esc
11:52:54.894 [JavaFX Application Thread] DEBUG FXGL                 - Running preInit()
11:52:54.897 [JavaFX Application Thread] DEBUG Input                - Registered new binding: Screenshot - P
11:52:54.898 [JavaFX Application Thread] DEBUG Input                - Registered new binding: Dev Options - CTRL+0
11:52:54.898 [JavaFX Application Thread] DEBUG Input                - Registered new binding: System info dump - CTRL+9
11:52:54.899 [JavaFX Application Thread] DEBUG Input                - Registered new binding: Restart - CTRL+R
11:52:54.899 [JavaFX Application Thread] DEBUG Input                - Registered new binding: up - Up
11:52:54.899 [JavaFX Application Thread] DEBUG Input                - Registered new binding: down - Down
11:52:54.899 [JavaFX Application Thread] DEBUG Input                - Registered new binding: right - Right
11:52:54.900 [JavaFX Application Thread] DEBUG Input                - Registered new binding: left - Left
11:52:54.900 [JavaFX Application Thread] INFO  FXGL                 - FXGL initialization took: 1,425 sec
11:52:54.901 [JavaFX Application Thread] DEBUG LoopRunner           - Starting loop
11:52:54.902 [JavaFX Application Thread] DEBUG StartupState         - STARTUP
11:52:54.902 [JavaFX Application Thread] DEBUG GameApplication      - Starting new game
11:52:54.903 [JavaFX Application Thread] DEBUG Input                - Clearing active input actions
11:52:54.904 [JavaFX Application Thread] DEBUG AssetLoader          - Loading from disk: /assets/ui/css/fxgl_dark.css
11:52:54.920 [JavaFX Application Thread] DEBUG AppStateMachine      - StartupState -> LoadingState
11:52:54.935 [FXGL Background Thread 1 ] DEBUG InitAppTask          - Clearing previous game
11:52:54.935 [FXGL Background Thread 1 ] DEBUG GameWorld            - Clearing game world
11:52:54.935 [FXGL Background Thread 1 ] DEBUG PhysicsWorld         - Clearing physics world
11:52:54.936 [FXGL Background Thread 1 ] DEBUG GameScene            - Clearing game scene
11:52:54.938 [FXGL Background Thread 1 ] DEBUG InitAppTask          - Initializing Game
11:52:54.952 [FXGL Background Thread 1 ] DEBUG AssetLoader          - Caching assets
11:52:55.015 [FXGL Background Thread 1 ] DEBUG AssetLoader          - Loading from disk: /assets/textures/0.gif
11:52:55.037 [FXGL Background Thread 1 ] DEBUG AssetLoader          - Loading from disk: /assets/textures/01_01.png
11:52:55.039 [FXGL Background Thread 1 ] DEBUG AssetLoader          - Loading from disk: /assets/textures/01_02.png
11:52:55.049 [FXGL Background Thread 1 ] DEBUG AssetLoader          - Loading from disk: /assets/textures/01_03.png
11:52:55.051 [FXGL Background Thread 1 ] DEBUG AssetLoader          - Loading from disk: /assets/textures/01_04.png
11:52:55.053 [FXGL Background Thread 1 ] DEBUG AssetLoader          - Loading from disk: /assets/textures/01_05.png
11:52:55.056 [FXGL Background Thread 1 ] DEBUG AssetLoader          - Loading from disk: /assets/textures/01_06.png
11:52:55.058 [FXGL Background Thread 1 ] DEBUG AssetLoader          - Loading from disk: /assets/textures/03_01.png
11:52:55.060 [FXGL Background Thread 1 ] DEBUG AssetLoader          - Loading from disk: /assets/textures/03_02.png
11:52:55.063 [FXGL Background Thread 1 ] DEBUG AssetLoader          - Loading from disk: /assets/textures/03_03.png
11:52:55.066 [FXGL Background Thread 1 ] DEBUG AssetLoader          - Loading from disk: /assets/textures/03_04.png
11:52:55.068 [FXGL Background Thread 1 ] DEBUG AssetLoader          - Loading from disk: /assets/textures/03_05.png
11:52:55.070 [FXGL Background Thread 1 ] DEBUG AssetLoader          - Loading from disk: /assets/textures/03_06.png
11:52:55.072 [FXGL Background Thread 1 ] DEBUG AssetLoader          - Loading from disk: /assets/textures/1.gif
11:52:55.083 [FXGL Background Thread 1 ] DEBUG AssetLoader          - Loading from disk: /assets/textures/10.gif
11:52:55.093 [FXGL Background Thread 1 ] DEBUG AssetLoader          - Loading from disk: /assets/textures/11.gif
11:52:55.102 [FXGL Background Thread 1 ] DEBUG AssetLoader          - Loading from disk: /assets/textures/12.gif
11:52:55.114 [FXGL Background Thread 1 ] DEBUG AssetLoader          - Loading from disk: /assets/textures/13.gif
11:52:55.122 [FXGL Background Thread 1 ] DEBUG AssetLoader          - Loading from disk: /assets/textures/2.gif
11:52:55.132 [FXGL Background Thread 1 ] DEBUG AssetLoader          - Loading from disk: /assets/textures/3.gif
11:52:55.142 [FXGL Background Thread 1 ] DEBUG AssetLoader          - Loading from disk: /assets/textures/4.gif
11:52:55.151 [FXGL Background Thread 1 ] DEBUG AssetLoader          - Loading from disk: /assets/textures/5.gif
11:52:55.165 [FXGL Background Thread 1 ] DEBUG AssetLoader          - Loading from disk: /assets/textures/6.gif
11:52:55.172 [FXGL Background Thread 1 ] DEBUG AssetLoader          - Loading from disk: /assets/textures/7.gif
11:52:55.179 [FXGL Background Thread 1 ] DEBUG AssetLoader          - Loading from disk: /assets/textures/8.gif
11:52:55.186 [FXGL Background Thread 1 ] DEBUG AssetLoader          - Loading from disk: /assets/textures/9.gif
11:52:55.193 [FXGL Background Thread 1 ] DEBUG AssetLoader          - Loading from disk: /assets/textures/ajedrezPreview.png
11:52:55.202 [FXGL Background Thread 1 ] DEBUG AssetLoader          - Loading from disk: /assets/textures/apple.png
11:52:55.213 [FXGL Background Thread 1 ] DEBUG AssetLoader          - Loading from disk: /assets/textures/blue_apple.png
11:52:55.219 [FXGL Background Thread 1 ] DEBUG AssetLoader          - Loading from disk: /assets/textures/bomb.gif
11:52:55.301 [FXGL Background Thread 1 ] DEBUG AssetLoader          - Loading from disk: /assets/textures/bomb.png
11:52:55.315 [FXGL Background Thread 1 ] DEBUG AssetLoader          - Loading from disk: /assets/textures/bombStatic.png
11:52:55.362 [FXGL Background Thread 1 ] DEBUG AssetLoader          - Loading from disk: /assets/textures/comida.png
11:52:55.363 [FXGL Background Thread 1 ] DEBUG AssetLoader          - Loading from disk: /assets/textures/drop.png
11:52:55.373 [FXGL Background Thread 1 ] DEBUG AssetLoader          - Loading from disk: /assets/textures/fondo 64x64.png
11:52:55.375 [FXGL Background Thread 1 ] DEBUG AssetLoader          - Loading from disk: /assets/textures/ground1.jpg
11:52:55.438 [FXGL Background Thread 1 ] DEBUG AssetLoader          - Loading from disk: /assets/textures/ground2.jpg
11:52:55.464 [FXGL Background Thread 1 ] DEBUG AssetLoader          - Loading from disk: /assets/textures/ground3.jpg
11:52:55.490 [FXGL Background Thread 1 ] DEBUG AssetLoader          - Loading from disk: /assets/textures/ground4.jpg
11:52:55.507 [FXGL Background Thread 1 ] DEBUG AssetLoader          - Loading from disk: /assets/textures/ground5.jpg
11:52:55.667 [FXGL Background Thread 1 ] DEBUG AssetLoader          - Loading from disk: /assets/textures/invaders.png
11:52:55.668 [FXGL Background Thread 1 ] DEBUG AssetLoader          - Loading from disk: /assets/textures/lancherLoading.gif
11:52:55.683 [FXGL Background Thread 1 ] DEBUG AssetLoader          - Loading from disk: /assets/textures/launcherIcon.png
11:52:55.720 [FXGL Background Thread 1 ] DEBUG AssetLoader          - Loading from disk: /assets/textures/snakeClassic.png
11:52:55.721 [FXGL Background Thread 1 ] DEBUG AssetLoader          - Loading from disk: /assets/textures/snakeClassicPreview.gif
11:52:56.953 [FXGL Background Thread 1 ] DEBUG AssetLoader          - Loading from disk: /assets/textures/snakeClassicPreview.png
11:52:56.972 [FXGL Background Thread 1 ] DEBUG AssetLoader          - Loading from disk: /assets/textures/snakePreview.png
11:52:57.007 [FXGL Background Thread 1 ] DEBUG AssetLoader          - Loading from cache: /assets/textures/snake_head.png
11:52:57.007 [FXGL Background Thread 1 ] DEBUG AssetLoader          - Loading from disk: /assets/textures/spaceInvadersPreview.png
11:52:57.037 [FXGL Background Thread 1 ] DEBUG AssetLoader          - Loading from disk: /assets/textures/stone.png
11:52:57.070 [FXGL Background Thread 1 ] DEBUG AssetLoader          - Loading from disk: /assets/textures/tail.png
11:52:57.519 [FXGL Background Thread 1 ] DEBUG AssetLoader          - Loading from disk: /assets/ui/fonts/jungle_roar_bold.ttf
11:52:57.600 [FXGL Background Thread 1 ] DEBUG AssetLoader          - Caching complete. Size: 71
11:52:57.601 [FXGL Background Thread 1 ] DEBUG AssetLoader          - Loading from cache: /assets/music/world1_music.mp3
11:52:57.601 [FXGL Background Thread 1 ] DEBUG AudioPlayer          - Playing music com.almasb.fxgl.audio.Music@3cfec089
11:52:57.606 [FXGL Background Thread 1 ] DEBUG AssetLoader          - Loading from cache: /assets/music/world1_music.mp3
11:52:57.607 [FXGL Background Thread 1 ] DEBUG AudioPlayer          - Playing music com.almasb.fxgl.audio.Music@3cfec089
11:52:57.672 [FXGL Background Thread 1 ] DEBUG GameScene            - Creating render group for layer: DEFAULT(100000)
11:52:57.675 [FXGL Background Thread 1 ] DEBUG AssetLoader          - Loading from cache: /assets/ui/fonts/jungle_roar_bold.ttf
11:52:57.744 [FXGL Background Thread 1 ] DEBUG GameScene            - Creating render group for layer: TOP(2147483647)
11:52:57.765 [FXGL Background Thread 1 ] DEBUG InitAppTask          - Initializing Physics
11:52:57.765 [FXGL Background Thread 1 ] DEBUG InitAppTask          - Initializing UI
11:52:57.766 [FXGL Background Thread 1 ] DEBUG AssetLoader          - Loading from cache: /assets/ui/fonts/jungle_roar_bold.ttf
11:52:57.766 [FXGL Background Thread 1 ] DEBUG InitAppTask          - Initialization Complete
11:52:57.767 [FXGL Background Thread 1 ] INFO  InitAppTask          - Game initialization took: 2,832 sec
11:52:57.772 [JavaFX Application Thread] DEBUG Input                - Clearing active input actions
11:52:57.773 [JavaFX Application Thread] DEBUG AssetLoader          - Loading from disk: /assets/ui/css/fxgl_dark.css
11:52:57.785 [JavaFX Application Thread] DEBUG AppStateMachine      - LoadingState -> PlayState
11:53:01.005 [JavaFX Application Thread] DEBUG AssetLoader          - Loading from cache: /assets/sounds/eat.wav
11:53:02.860 [JavaFX Application Thread] DEBUG AssetLoader          - Loading from cache: /assets/sounds/eat.wav
11:53:04.524 [JavaFX Application Thread] DEBUG AssetLoader          - Loading from cache: /assets/sounds/eat.wav
11:53:04.545 [JavaFX Application Thread] DEBUG AssetLoader          - Loading from cache: /assets/sounds/eat.wav
11:53:06.188 [JavaFX Application Thread] DEBUG AssetLoader          - Loading from cache: /assets/sounds/eat.wav
11:53:08.332 [JavaFX Application Thread] DEBUG AssetLoader          - Loading from cache: /assets/sounds/eat.wav
11:53:09.900 [JavaFX Application Thread] DEBUG AssetLoader          - Loading from cache: /assets/sounds/eat.wav
11:53:11.884 [JavaFX Application Thread] DEBUG AudioPlayer          - Stopping music com.almasb.fxgl.audio.Music@3cfec089
11:53:11.973 [JavaFX Application Thread] DEBUG AudioPlayer          - Stopping music com.almasb.fxgl.audio.Music@3cfec089
11:53:11.973 [JavaFX Application Thread] DEBUG AssetLoader          - Loading from cache: /assets/sounds/snake_death.wav
11:53:13.149 [JavaFX Application Thread] DEBUG AssetLoader          - Loading from cache: /assets/ui/fonts/VarelaRound-Regular.ttf
11:53:13.156 [JavaFX Application Thread] DEBUG AssetLoader          - Loading from cache: /assets/ui/fonts/VarelaRound-Regular.ttf
11:53:13.159 [JavaFX Application Thread] DEBUG AssetLoader          - Loading from disk: /assets/properties/languages/english.properties
11:53:13.161 [JavaFX Application Thread] DEBUG AssetLoader          - Loading from cache: /assets/ui/fonts/VarelaRound-Regular.ttf
11:53:13.161 [JavaFX Application Thread] DEBUG AssetLoader          - Loading from cache: /assets/properties/languages/english.properties
11:53:13.165 [JavaFX Application Thread] DEBUG AssetLoader          - Loading from cache: /assets/ui/fonts/VarelaRound-Regular.ttf
11:53:13.166 [JavaFX Application Thread] DEBUG AppStateMachine      - Push state: DialogSubState
11:53:13.166 [JavaFX Application Thread] DEBUG Input                - Clearing active input actions
11:53:13.166 [JavaFX Application Thread] DEBUG AppStateMachine      - PlayState -> DialogSubState
11:53:16.229 [JavaFX Application Thread] DEBUG AssetLoader          - Loading from cache: /assets/sounds/eat.wav
11:53:16.692 [JavaFX Application Thread] DEBUG AssetLoader          - Loading from cache: /assets/sounds/eat.wav
11:53:19.260 [JavaFX Application Thread] DEBUG AssetLoader          - Loading from cache: /assets/sounds/eat.wav
11:53:19.748 [JavaFX Application Thread] DEBUG AssetLoader          - Loading from cache: /assets/sounds/eat.wav
11:53:20.084 [JavaFX Application Thread] DEBUG AppStateMachine      - Pop state: DialogSubState
11:53:20.084 [JavaFX Application Thread] DEBUG Input                - Clearing active input actions
11:53:20.085 [JavaFX Application Thread] DEBUG AppStateMachine      - PlayState <- DialogSubState
11:53:20.085 [JavaFX Application Thread] DEBUG FXGL                 - Exiting FXGL
11:53:20.085 [JavaFX Application Thread] DEBUG FXGL                 - Shutting down background threads
11:53:20.085 [JavaFX Application Thread] DEBUG FXGL                 - Saving FXGL system data
11:53:20.089 [JavaFX Application Thread] DEBUG DesktopFSService     - Writing to: system\fxgl.bundle
11:53:20.094 [JavaFX Application Thread] DEBUG FXGL                 - Closing logger and exiting JavaFX
