11:13:27.685 [JavaFX Application Thread] DEBUG GameApplication      - Logger initialized
11:13:27.704 [JavaFX Application Thread] DEBUG GameApplication      - Logging settings
Title: SNAKE CLASSIC
Version: 1.0
Width: 576
Height: 576
Fullscreen: true
Intro: false
Menus: false
Profiling: false
Single step:false
App Mode: DEVELOPER
Menu Key: ESCAPE
Stage Style: DECORATED
Scene Factory: class com.almasb.fxgl.scene.SceneFactory
Dialog Factory: class com.almasb.fxgl.ui.FXGLDialogFactory
UI Factory: class com.almasb.fxgl.ui.FXGLUIFactory
Notification Service: class com.almasb.fxgl.gameplay.notification.XboxNotificationView
Exception Handler: class com.almasb.fxgl.app.FXGLExceptionHandler
11:13:27.705 [JavaFX Application Thread] DEBUG GameApplication      - Starting FXGL
11:13:27.724 [JavaFX Application Thread] INFO  FXGL                 - FXGL-0.5.4 on DESKTOP
11:13:27.724 [JavaFX Application Thread] INFO  FXGL                 - Source code and latest versions at: https://github.com/AlmasB/FXGL
11:13:27.725 [JavaFX Application Thread] INFO  FXGL                 -              Join the FXGL chat at: https://gitter.im/AlmasB/FXGL
11:13:27.725 [JavaFX Application Thread] DEBUG FXGL                 - FXGL started
11:13:27.725 [JavaFX Application Thread] DEBUG FXGL                 - Initializing FXGL
11:13:27.791 [JavaFX Application Thread] DEBUG AssetLoader          - Loading from disk: /assets/ui/cursors/fxgl_default.png
11:13:27.922 [JavaFX Application Thread] DEBUG AssetLoader          - Loading from disk: /assets/ui/fonts/VarelaRound-Regular.ttf
11:13:28.299 [JavaFX Application Thread] DEBUG MainWindow           - Creating a JavaFX scene
11:13:28.336 [JavaFX Application Thread] DEBUG MainWindow           - Target settings size: 576.0 x 576.0
11:13:28.336 [JavaFX Application Thread] DEBUG MainWindow           - Scaled scene size:    576.0 x 576.0
11:13:28.336 [JavaFX Application Thread] DEBUG MainWindow           - Scaled ratio: (1.0, 1.0)
11:13:28.339 [JavaFX Application Thread] DEBUG AssetLoader          - Loading from disk: /assets/ui/css/fxgl_dark.css
11:13:28.343 [JavaFX Application Thread] DEBUG AssetLoader          - Loading from disk: /assets/textures/snakeClassic.png
11:13:28.346 [JavaFX Application Thread] DEBUG MainWindow           - Opening main window
11:13:28.543 [JavaFX Application Thread] DEBUG MainWindow           - Window border size: (16.0, 39.0)
11:13:28.543 [JavaFX Application Thread] DEBUG MainWindow           - Scaled size: 576.0 x 576.0
11:13:28.543 [JavaFX Application Thread] DEBUG MainWindow           - Scaled ratio: (1.0, 1.0)
11:13:28.544 [JavaFX Application Thread] DEBUG MainWindow           - Scene size: 576.0 x 576.0
11:13:28.544 [JavaFX Application Thread] DEBUG MainWindow           - Stage size: 592.0 x 615.0
11:13:28.631 [ForkJoinPool.commonPool-worker-1] DEBUG FS                   - Loaded DesktopFSService
11:13:28.633 [ForkJoinPool.commonPool-worker-1] DEBUG FXGL                 - Loading FXGL system data
11:13:28.667 [ForkJoinPool.commonPool-worker-1] DEBUG DesktopFSService     - Reading from: system\fxgl.bundle
11:13:28.686 [ForkJoinPool.commonPool-worker-1] DEBUG Bundle               - Logging bundle: FXGL
11:13:28.687 [ForkJoinPool.commonPool-worker-1] DEBUG Bundle               - FXGL.offline.timer.version.check=2019-02-12T16:04:54.598570800
11:13:28.689 [ForkJoinPool.commonPool-worker-1] DEBUG FXGL                 - Initializing state machine and application states
11:13:28.692 [ForkJoinPool.commonPool-worker-1] DEBUG AssetLoader          - Loading from disk: /assets/ui/cursors/fxgl_default.png
11:13:28.713 [ForkJoinPool.commonPool-worker-1] DEBUG AssetLoader          - Loading from disk: /assets/ui/cursors/fxgl_default.png
11:13:28.727 [ForkJoinPool.commonPool-worker-1] DEBUG AssetLoader          - Loading from cache: /assets/ui/fonts/VarelaRound-Regular.ttf
11:13:28.733 [ForkJoinPool.commonPool-worker-1] DEBUG AssetLoader          - Loading from disk: /assets/ui/cursors/fxgl_default.png
11:13:28.743 [ForkJoinPool.commonPool-worker-1] DEBUG GameScene            - Game scene initialized: 576x576
11:13:28.767 [ForkJoinPool.commonPool-worker-1] DEBUG GameWorld            - Game world initialized
11:13:28.912 [ForkJoinPool.commonPool-worker-1] DEBUG PhysicsWorld         - Physics world initialized: appHeight=576, physics.ppm=50,0
11:13:28.934 [ForkJoinPool.commonPool-worker-1] DEBUG Input                - Registered new binding: Pause - Esc
11:13:29.004 [JavaFX Application Thread] DEBUG FXGL                 - Running preInit()
11:13:29.006 [JavaFX Application Thread] DEBUG Input                - Registered new binding: Screenshot - P
11:13:29.007 [JavaFX Application Thread] DEBUG Input                - Registered new binding: Dev Options - CTRL+0
11:13:29.007 [JavaFX Application Thread] DEBUG Input                - Registered new binding: System info dump - CTRL+9
11:13:29.008 [JavaFX Application Thread] DEBUG Input                - Registered new binding: Restart - CTRL+R
11:13:29.008 [JavaFX Application Thread] DEBUG Input                - Registered new binding: up - Up
11:13:29.008 [JavaFX Application Thread] DEBUG Input                - Registered new binding: down - Down
11:13:29.008 [JavaFX Application Thread] DEBUG Input                - Registered new binding: right - Right
11:13:29.009 [JavaFX Application Thread] DEBUG Input                - Registered new binding: left - Left
11:13:29.010 [JavaFX Application Thread] INFO  FXGL                 - FXGL initialization took: 1,284 sec
11:13:29.010 [JavaFX Application Thread] DEBUG LoopRunner           - Starting loop
11:13:29.012 [JavaFX Application Thread] DEBUG StartupState         - STARTUP
11:13:29.013 [JavaFX Application Thread] DEBUG GameApplication      - Starting new game
11:13:29.013 [JavaFX Application Thread] DEBUG Input                - Clearing active input actions
11:13:29.014 [JavaFX Application Thread] DEBUG AssetLoader          - Loading from disk: /assets/ui/css/fxgl_dark.css
11:13:29.029 [JavaFX Application Thread] DEBUG AppStateMachine      - StartupState -> LoadingState
11:13:29.038 [FXGL Background Thread 1 ] DEBUG InitAppTask          - Clearing previous game
11:13:29.038 [FXGL Background Thread 1 ] DEBUG GameWorld            - Clearing game world
11:13:29.038 [FXGL Background Thread 1 ] DEBUG PhysicsWorld         - Clearing physics world
11:13:29.039 [FXGL Background Thread 1 ] DEBUG GameScene            - Clearing game scene
11:13:29.040 [FXGL Background Thread 1 ] DEBUG InitAppTask          - Initializing Game
11:13:29.107 [FXGL Background Thread 1 ] DEBUG GameScene            - Creating render group for layer: DEFAULT(100000)
11:13:29.132 [FXGL Background Thread 1 ] DEBUG GameScene            - Creating render group for layer: TOP(2147483647)
11:13:29.146 [FXGL Background Thread 1 ] DEBUG GameScene            - Creating render group for layer: BOTTOM(-2147483648)
11:13:29.146 [FXGL Background Thread 1 ] DEBUG InitAppTask          - Initializing Physics
11:13:29.147 [FXGL Background Thread 1 ] DEBUG InitAppTask          - Initializing UI
11:13:29.147 [FXGL Background Thread 1 ] DEBUG AssetLoader          - Loading from cache: /assets/ui/fonts/VarelaRound-Regular.ttf
11:13:29.147 [FXGL Background Thread 1 ] DEBUG AssetLoader          - Loading from cache: /assets/ui/fonts/VarelaRound-Regular.ttf
11:13:29.151 [FXGL Background Thread 1 ] DEBUG InitAppTask          - Initialization Complete
11:13:29.152 [FXGL Background Thread 1 ] INFO  InitAppTask          - Game initialization took: 0,114 sec
11:13:29.194 [JavaFX Application Thread] DEBUG Input                - Clearing active input actions
11:13:29.194 [JavaFX Application Thread] DEBUG AssetLoader          - Loading from disk: /assets/ui/css/fxgl_dark.css
11:13:29.211 [JavaFX Application Thread] DEBUG AppStateMachine      - LoadingState -> PlayState
11:13:34.832 [JavaFX Application Thread] DEBUG FXGL                 - Exiting FXGL
11:13:34.832 [JavaFX Application Thread] DEBUG FXGL                 - Shutting down background threads
11:13:34.832 [JavaFX Application Thread] DEBUG FXGL                 - Saving FXGL system data
11:13:34.836 [JavaFX Application Thread] DEBUG DesktopFSService     - Writing to: system\fxgl.bundle
11:13:34.843 [JavaFX Application Thread] DEBUG FXGL                 - Closing logger and exiting JavaFX
